Log file open, 05/26/19 10:27:07
LogWindows: Failed to load 'aqProf.dll' (GetLastError=126)
LogWindows: File 'aqProf.dll' does not exist
LogWindows: Failed to load 'VtuneApi.dll' (GetLastError=126)
LogWindows: File 'VtuneApi.dll' does not exist
LogWindows: Failed to load 'VtuneApi32e.dll' (GetLastError=126)
LogWindows: File 'VtuneApi32e.dll' does not exist
LogConsoleResponse: Display: Failed to find resolution value strings in scalability ini. Falling back to default.
LogInit: Display: Running engine for game: UECivProj
LogPakFile: Registered encryption key '00000000000000000000000000000000': 0 pak files mounted, 0 remain pending
LogPlatformFile: Not using cached read wrapper
LogTaskGraph: Started task graph with 5 named threads and 35 total threads with 3 sets of task threads.
LogStats: Stats thread started at 0.401794
LogD3D11RHI: Loaded GFSDK_Aftermath_Lib.x64.dll
LogICUInternationalization: ICU TimeZone Detection - Raw Offset: -6:00, Platform Override: ''
LogPluginManager: Mounting plugin Paper2D
LogPluginManager: Mounting plugin AISupport
LogPluginManager: Mounting plugin LightPropagationVolume
LogPluginManager: Mounting plugin ActorLayerUtilities
LogPluginManager: Mounting plugin AnimationSharing
LogPluginManager: Mounting plugin CLionSourceCodeAccess
LogPluginManager: Mounting plugin CodeLiteSourceCodeAccess
LogPluginManager: Mounting plugin GitSourceControl
LogPluginManager: Mounting plugin KDevelopSourceCodeAccess
LogPluginManager: Mounting plugin NullSourceCodeAccess
LogPluginManager: Mounting plugin PerforceSourceControl
LogPluginManager: Mounting plugin SubversionSourceControl
LogPluginManager: Mounting plugin UObjectPlugin
LogPluginManager: Mounting plugin VisualStudioCodeSourceCodeAccess
LogPluginManager: Mounting plugin VisualStudioSourceCodeAccess
LogPluginManager: Mounting plugin XCodeSourceCodeAccess
LogPluginManager: Mounting plugin AssetManagerEditor
LogPluginManager: Mounting plugin CryptoKeys
LogPluginManager: Mounting plugin DataValidation
LogPluginManager: Mounting plugin FacialAnimation
LogPluginManager: Mounting plugin GameplayTagsEditor
LogPluginManager: Mounting plugin MacGraphicsSwitching
LogPluginManager: Mounting plugin MaterialAnalyzer
LogPluginManager: Mounting plugin MobileLauncherProfileWizard
LogPluginManager: Mounting plugin PluginBrowser
LogPluginManager: Mounting plugin SpeedTreeImporter
LogPluginManager: Mounting plugin DatasmithContent
LogPluginManager: Mounting plugin VariantManagerContent
LogPluginManager: Mounting plugin AlembicImporter
LogPluginManager: Mounting plugin AppleImageUtils
LogPluginManager: Mounting plugin AppleVision
LogPluginManager: Mounting plugin BackChannel
LogPluginManager: Mounting plugin CharacterAI
LogPluginManager: Mounting plugin GeometryCache
LogPluginManager: Mounting plugin HTML5Networking
LogPluginManager: Mounting plugin ProxyLODPlugin
LogPluginManager: Mounting plugin SkeletalReduction
LogPluginManager: Mounting plugin MagicLeap
LogPluginManager: Mounting plugin MagicLeapMedia
LogPluginManager: Mounting plugin AndroidMedia
LogPluginManager: Mounting plugin AvfMedia
LogPluginManager: Mounting plugin ImgMedia
LogPluginManager: Mounting plugin LinearTimecode
LogPluginManager: Mounting plugin MediaCompositing
LogPluginManager: Mounting plugin MediaPlayerEditor
LogPluginManager: Mounting plugin WebMMedia
LogPluginManager: Mounting plugin WmfMedia
LogPluginManager: Mounting plugin TcpMessaging
LogPluginManager: Mounting plugin UdpMessaging
LogPluginManager: Mounting plugin ActorSequence
LogPluginManager: Mounting plugin LevelSequenceEditor
LogPluginManager: Mounting plugin MatineeToLevelSequence
LogPluginManager: Mounting plugin NetcodeUnitTest
LogPluginManager: Mounting plugin NUTUnrealEngine4
LogPluginManager: Mounting plugin OnlineSubsystemGooglePlay
LogPluginManager: Mounting plugin OnlineSubsystemIOS
LogPluginManager: Mounting plugin OnlineSubsystem
LogPluginManager: Mounting plugin OnlineSubsystemNull
LogPluginManager: Mounting plugin OnlineSubsystemUtils
LogPluginManager: Mounting plugin LauncherChunkInstaller
LogPluginManager: Mounting plugin AndroidDeviceProfileSelector
LogPluginManager: Mounting plugin AndroidMoviePlayer
LogPluginManager: Mounting plugin AndroidPermission
LogPluginManager: Mounting plugin AppleMoviePlayer
LogPluginManager: Mounting plugin ArchVisCharacter
LogPluginManager: Mounting plugin AudioCapture
LogPluginManager: Mounting plugin CableComponent
LogPluginManager: Mounting plugin CustomMeshComponent
LogPluginManager: Mounting plugin EditableMesh
LogPluginManager: Mounting plugin ExampleDeviceProfileSelector
LogPluginManager: Mounting plugin Firebase
LogPluginManager: Mounting plugin GoogleCloudMessaging
LogPluginManager: Mounting plugin IOSDeviceProfileSelector
LogPluginManager: Mounting plugin LinuxDeviceProfileSelector
LogPluginManager: Mounting plugin LocationServicesBPLibrary
LogPluginManager: Mounting plugin MobilePatchingUtils
LogPluginManager: Mounting plugin OculusVR
LogPluginManager: Mounting plugin PhysXVehicles
LogPluginManager: Mounting plugin ProceduralMeshComponent
LogPluginManager: Mounting plugin RuntimePhysXCooking
LogPluginManager: Mounting plugin SignificanceManager
LogPluginManager: Mounting plugin SteamVR
LogPluginManager: Mounting plugin WebMMoviePlayer
LogPluginManager: Mounting plugin WindowsMoviePlayer
LogInit: Using libcurl 7.55.1-DEV
LogInit:  - built for x86_64-pc-win32
LogInit:  - supports SSL with OpenSSL/1.1.1
LogInit:  - supports HTTP deflate (compression) using libz 1.2.8
LogInit:  - other features:
LogInit:      CURL_VERSION_SSL
LogInit:      CURL_VERSION_LIBZ
LogInit:      CURL_VERSION_IPV6
LogInit:      CURL_VERSION_ASYNCHDNS
LogInit:      CURL_VERSION_LARGEFILE
LogInit:      CURL_VERSION_IDN
LogInit:  CurlRequestOptions (configurable via config and command line):
LogInit:  - bVerifyPeer = true  - Libcurl will verify peer certificate
LogInit:  - bUseHttpProxy = false  - Libcurl will NOT use HTTP proxy
LogInit:  - bDontReuseConnections = false  - Libcurl will reuse connections
LogInit:  - MaxHostConnections = 16  - Libcurl will limit the number of connections to a host
LogInit:  - LocalHostAddr = Default
LogInit:  - BufferSize = 65536
LogInit: WinSock: version 1.1 (2.2), MaxSocks=32767, MaxUdp=65467
LogInit: Build: ++UE4+Release-4.22-CL-6574378
LogInit: Engine Version: 4.22.2-6574378+++UE4+Release-4.22
LogInit: Compatible Engine Version: 4.22.0-5660361+++UE4+Release-4.22
LogInit: Net CL: 5660361
LogInit: OS: Windows 10 (Release 1809) (), CPU: Intel(R) Core(TM) i9-8950HK CPU @ 2.90GHz, GPU: NVIDIA GeForce GTX 1080 with Max-Q Design
LogInit: Compiled (64-bit): May 20 2019 09:54:56
LogInit: Compiled with Visual C++: 19.16.27025.01
LogInit: Build Configuration: Development
LogInit: Branch Name: ++UE4+Release-4.22
LogInit: Command Line: 
LogInit: Base Directory: C:/Program Files/Epic Games/UE_4.22/Engine/Binaries/Win64/
LogInit: Installed Engine Build: 1
LogDevObjectVersion: Number of dev versions registered: 23
LogDevObjectVersion:   Dev-Blueprints (B0D832E4-1F89-4F0D-ACCF-7EB736FD4AA2): 10
LogDevObjectVersion:   Dev-Build (E1C64328-A22C-4D53-A36C-8E866417BD8C): 0
LogDevObjectVersion:   Dev-Core (375EC13C-06E4-48FB-B500-84F0262A717E): 3
LogDevObjectVersion:   Dev-Editor (E4B068ED-F494-42E9-A231-DA0B2E46BB41): 30
LogDevObjectVersion:   Dev-Framework (CFFC743F-43B0-4480-9391-14DF171D2073): 35
LogDevObjectVersion:   Dev-Mobile (B02B49B5-BB20-44E9-A304-32B752E40360): 2
LogDevObjectVersion:   Dev-Networking (A4E4105C-59A1-49B5-A7C5-40C4547EDFEE): 0
LogDevObjectVersion:   Dev-Online (39C831C9-5AE6-47DC-9A44-9C173E1C8E7C): 0
LogDevObjectVersion:   Dev-Physics (78F01B33-EBEA-4F98-B9B4-84EACCB95AA2): 0
LogDevObjectVersion:   Dev-Platform (6631380F-2D4D-43E0-8009-CF276956A95A): 0
LogDevObjectVersion:   Dev-Rendering (12F88B9F-8875-4AFC-A67C-D90C383ABD29): 28
LogDevObjectVersion:   Dev-Sequencer (7B5AE74C-D270-4C10-A958-57980B212A5A): 11
LogDevObjectVersion:   Dev-VR (D7296918-1DD6-4BDD-9DE2-64A83CC13884): 2
LogDevObjectVersion:   Dev-LoadTimes (C2A15278-BFE7-4AFE-6C17-90FF531DF755): 1
LogDevObjectVersion:   Private-Geometry (6EACA3D4-40EC-4CC1-B786-8BED09428FC5): 3
LogDevObjectVersion:   Dev-AnimPhys (29E575DD-E0A3-4627-9D10-D276232CDCEA): 17
LogDevObjectVersion:   Dev-Anim (AF43A65D-7FD3-4947-9873-3E8ED9C1BB05): 2
LogDevObjectVersion:   Dev-ReflectionCapture (6B266CEC-1EC7-4B8F-A30B-E4D90942FC07): 1
LogDevObjectVersion:   Dev-Automation (0DF73D61-A23F-47EA-B727-89E90C41499A): 1
LogDevObjectVersion:   FortniteMain (601D1886-AC64-4F84-AA16-D3DE0DEAC7D6): 25
LogDevObjectVersion:   Dev-Enterprise (9DFFBCD6-494F-0158-E221-12823C92A888): 6
LogDevObjectVersion:   Dev-Niagara (F2AED0AC-9AFE-416F-8664-AA7FFA26D6FC): 1
LogDevObjectVersion:   Dev-Destruction (174F1F0B-B4C6-45A5-B13F-2EE8D0FB917D): 2
LogInit: Presizing for max 16777216 objects, including 0 objects not considered by GC, pre-allocating 0 bytes for permanent pool.
LogInit: Object subsystem initialized
LogConfig: Setting CVar [[con.DebugEarlyDefault:1]]
LogConfig: Setting CVar [[r.setres:1280x720]]
[2019.05.26-15.27.07:340][  0]LogConfig: Setting CVar [[r.VSync:0]]
[2019.05.26-15.27.07:340][  0]LogConfig: Setting CVar [[r.RHICmdBypass:0]]
[2019.05.26-15.27.07:340][  0]LogConfig: Applying CVar settings from Section [/Script/Engine.RendererSettings] File [C:/Users/Alex/Documents/GitHub/UECivProj/UECivProj/Saved/Config/Windows/Engine.ini]
[2019.05.26-15.27.07:340][  0]LogConfig: Setting CVar [[r.GPUCrashDebugging:0]]
[2019.05.26-15.27.07:341][  0]LogConfig: Applying CVar settings from Section [/Script/Engine.RendererOverrideSettings] File [C:/Users/Alex/Documents/GitHub/UECivProj/UECivProj/Saved/Config/Windows/Engine.ini]
[2019.05.26-15.27.07:341][  0]LogConfig: Applying CVar settings from Section [/Script/Engine.StreamingSettings] File [C:/Users/Alex/Documents/GitHub/UECivProj/UECivProj/Saved/Config/Windows/Engine.ini]
[2019.05.26-15.27.07:341][  0]LogConfig: Setting CVar [[s.MinBulkDataSizeForAsyncLoading:131072]]
[2019.05.26-15.27.07:341][  0]LogConfig: Setting CVar [[s.AsyncLoadingThreadEnabled:0]]
[2019.05.26-15.27.07:341][  0]LogConfig: Setting CVar [[s.EventDrivenLoaderEnabled:1]]
[2019.05.26-15.27.07:341][  0]LogConfig: Setting CVar [[s.WarnIfTimeLimitExceeded:0]]
[2019.05.26-15.27.07:341][  0]LogConfig: Setting CVar [[s.TimeLimitExceededMultiplier:1.5]]
[2019.05.26-15.27.07:341][  0]LogConfig: Setting CVar [[s.TimeLimitExceededMinTime:0.005]]
[2019.05.26-15.27.07:341][  0]LogConfig: Setting CVar [[s.UseBackgroundLevelStreaming:1]]
[2019.05.26-15.27.07:341][  0]LogConfig: Setting CVar [[s.PriorityAsyncLoadingExtraTime:15.0]]
[2019.05.26-15.27.07:341][  0]LogConfig: Setting CVar [[s.LevelStreamingActorsUpdateTimeLimit:5.0]]
[2019.05.26-15.27.07:341][  0]LogConfig: Setting CVar [[s.PriorityLevelStreamingActorsUpdateExtraTime:5.0]]
[2019.05.26-15.27.07:341][  0]LogConfig: Setting CVar [[s.LevelStreamingComponentsRegistrationGranularity:10]]
[2019.05.26-15.27.07:341][  0]LogConfig: Setting CVar [[s.UnregisterComponentsTimeLimit:1.0]]
[2019.05.26-15.27.07:341][  0]LogConfig: Setting CVar [[s.LevelStreamingComponentsUnregistrationGranularity:5]]
[2019.05.26-15.27.07:341][  0]LogConfig: Applying CVar settings from Section [/Script/Engine.GarbageCollectionSettings] File [C:/Users/Alex/Documents/GitHub/UECivProj/UECivProj/Saved/Config/Windows/Engine.ini]
[2019.05.26-15.27.07:341][  0]LogConfig: Setting CVar [[gc.MaxObjectsNotConsideredByGC:1]]
[2019.05.26-15.27.07:341][  0]LogConfig: Setting CVar [[gc.SizeOfPermanentObjectPool:0]]
[2019.05.26-15.27.07:341][  0]LogConfig: Setting CVar [[gc.FlushStreamingOnGC:0]]
[2019.05.26-15.27.07:341][  0]LogConfig: Setting CVar [[gc.NumRetriesBeforeForcingGC:10]]
[2019.05.26-15.27.07:341][  0]LogConfig: Setting CVar [[gc.AllowParallelGC:1]]
[2019.05.26-15.27.07:341][  0]LogConfig: Setting CVar [[gc.TimeBetweenPurgingPendingKillObjects:61.1]]
[2019.05.26-15.27.07:341][  0]LogConfig: Setting CVar [[gc.MaxObjectsInEditor:16777216]]
[2019.05.26-15.27.07:341][  0]LogConfig: Setting CVar [[gc.IncrementalBeginDestroyEnabled:1]]
[2019.05.26-15.27.07:341][  0]LogConfig: Setting CVar [[gc.CreateGCClusters:1]]
[2019.05.26-15.27.07:341][  0]LogConfig: Setting CVar [[gc.MinGCClusterSize:5]]
[2019.05.26-15.27.07:341][  0]LogConfig: Setting CVar [[gc.ActorClusteringEnabled:0]]
[2019.05.26-15.27.07:341][  0]LogConfig: Setting CVar [[gc.BlueprintClusteringEnabled:0]]
[2019.05.26-15.27.07:341][  0]LogConfig: Setting CVar [[gc.UseDisregardForGCOnDedicatedServers:0]]
[2019.05.26-15.27.07:341][  0]LogConfig: Applying CVar settings from Section [/Script/Engine.NetworkSettings] File [C:/Users/Alex/Documents/GitHub/UECivProj/UECivProj/Saved/Config/Windows/Engine.ini]
[2019.05.26-15.27.07:341][  0]LogConfig: Applying CVar settings from Section [/Script/UnrealEd.CookerSettings] File [C:/Users/Alex/Documents/GitHub/UECivProj/UECivProj/Saved/Config/Windows/Engine.ini]
[2019.05.26-15.27.07:345][  0]LogConfig: Applying CVar settings from Section [ViewDistanceQuality@3] File [C:/Users/Alex/Documents/GitHub/UECivProj/UECivProj/Saved/Config/Windows/Scalability.ini]
[2019.05.26-15.27.07:345][  0]LogConfig: Setting CVar [[r.SkeletalMeshLODBias:0]]
[2019.05.26-15.27.07:345][  0]LogConfig: Setting CVar [[r.ViewDistanceScale:1.0]]
[2019.05.26-15.27.07:345][  0]LogConfig: Applying CVar settings from Section [AntiAliasingQuality@3] File [C:/Users/Alex/Documents/GitHub/UECivProj/UECivProj/Saved/Config/Windows/Scalability.ini]
[2019.05.26-15.27.07:345][  0]LogConfig: Setting CVar [[r.PostProcessAAQuality:4]]
[2019.05.26-15.27.07:345][  0]LogConfig: Applying CVar settings from Section [ShadowQuality@3] File [C:/Users/Alex/Documents/GitHub/UECivProj/UECivProj/Saved/Config/Windows/Scalability.ini]
[2019.05.26-15.27.07:345][  0]LogConfig: Setting CVar [[r.LightFunctionQuality:1]]
[2019.05.26-15.27.07:345][  0]LogConfig: Setting CVar [[r.ShadowQuality:5]]
[2019.05.26-15.27.07:345][  0]LogConfig: Setting CVar [[r.Shadow.CSM.MaxCascades:10]]
[2019.05.26-15.27.07:345][  0]LogConfig: Setting CVar [[r.Shadow.MaxResolution:2048]]
[2019.05.26-15.27.07:345][  0]LogConfig: Setting CVar [[r.Shadow.MaxCSMResolution:2048]]
[2019.05.26-15.27.07:345][  0]LogConfig: Setting CVar [[r.Shadow.RadiusThreshold:0.01]]
[2019.05.26-15.27.07:345][  0]LogConfig: Setting CVar [[r.Shadow.DistanceScale:1.0]]
[2019.05.26-15.27.07:345][  0]LogConfig: Setting CVar [[r.Shadow.CSM.TransitionScale:1.0]]
[2019.05.26-15.27.07:345][  0]LogConfig: Setting CVar [[r.Shadow.PreShadowResolutionFactor:1.0]]
[2019.05.26-15.27.07:345][  0]LogConfig: Setting CVar [[r.DistanceFieldShadowing:1]]
[2019.05.26-15.27.07:345][  0]LogConfig: Setting CVar [[r.DistanceFieldAO:1]]
[2019.05.26-15.27.07:345][  0]LogConfig: Setting CVar [[r.AOQuality:2]]
[2019.05.26-15.27.07:345][  0]LogConfig: Setting CVar [[r.VolumetricFog:1]]
[2019.05.26-15.27.07:345][  0]LogConfig: Setting CVar [[r.VolumetricFog.GridPixelSize:8]]
[2019.05.26-15.27.07:345][  0]LogConfig: Setting CVar [[r.VolumetricFog.GridSizeZ:128]]
[2019.05.26-15.27.07:346][  0]LogConfig: Setting CVar [[r.VolumetricFog.HistoryMissSupersampleCount:4]]
[2019.05.26-15.27.07:346][  0]LogConfig: Setting CVar [[r.LightMaxDrawDistanceScale:1]]
[2019.05.26-15.27.07:346][  0]LogConfig: Setting CVar [[r.CapsuleShadows:1]]
[2019.05.26-15.27.07:346][  0]LogConfig: Applying CVar settings from Section [PostProcessQuality@3] File [C:/Users/Alex/Documents/GitHub/UECivProj/UECivProj/Saved/Config/Windows/Scalability.ini]
[2019.05.26-15.27.07:346][  0]LogConfig: Setting CVar [[r.MotionBlurQuality:4]]
[2019.05.26-15.27.07:346][  0]LogConfig: Setting CVar [[r.AmbientOcclusionMipLevelFactor:0.4]]
[2019.05.26-15.27.07:346][  0]LogConfig: Setting CVar [[r.AmbientOcclusionMaxQuality:100]]
[2019.05.26-15.27.07:346][  0]LogConfig: Setting CVar [[r.AmbientOcclusionLevels:-1]]
[2019.05.26-15.27.07:346][  0]LogConfig: Setting CVar [[r.AmbientOcclusionRadiusScale:1.0]]
[2019.05.26-15.27.07:346][  0]LogConfig: Setting CVar [[r.DepthOfFieldQuality:2]]
[2019.05.26-15.27.07:346][  0]LogConfig: Setting CVar [[r.RenderTargetPoolMin:400]]
[2019.05.26-15.27.07:346][  0]LogConfig: Setting CVar [[r.LensFlareQuality:2]]
[2019.05.26-15.27.07:346][  0]LogConfig: Setting CVar [[r.SceneColorFringeQuality:1]]
[2019.05.26-15.27.07:346][  0]LogConfig: Setting CVar [[r.EyeAdaptationQuality:2]]
[2019.05.26-15.27.07:346][  0]LogConfig: Setting CVar [[r.BloomQuality:5]]
[2019.05.26-15.27.07:346][  0]LogConfig: Setting CVar [[r.FastBlurThreshold:100]]
[2019.05.26-15.27.07:346][  0]LogConfig: Setting CVar [[r.Upscale.Quality:3]]
[2019.05.26-15.27.07:346][  0]LogConfig: Setting CVar [[r.Tonemapper.GrainQuantization:1]]
[2019.05.26-15.27.07:346][  0]LogConfig: Setting CVar [[r.LightShaftQuality:1]]
[2019.05.26-15.27.07:346][  0]LogConfig: Setting CVar [[r.Filter.SizeScale:1]]
[2019.05.26-15.27.07:346][  0]LogConfig: Setting CVar [[r.Tonemapper.Quality:5]]
[2019.05.26-15.27.07:346][  0]LogConfig: Setting CVar [[r.DOF.Gather.AccumulatorQuality:1        ; higher gathering accumulator quality]]
[2019.05.26-15.27.07:346][  0]LogConfig: Setting CVar [[r.DOF.Gather.PostfilterMethod:1          ; Median3x3 postfilering method]]
[2019.05.26-15.27.07:346][  0]LogConfig: Setting CVar [[r.DOF.Gather.EnableBokehSettings:0       ; no bokeh simulation when gathering]]
[2019.05.26-15.27.07:346][  0]LogConfig: Setting CVar [[r.DOF.Gather.RingCount:4                 ; medium number of samples when gathering]]
[2019.05.26-15.27.07:346][  0]LogConfig: Setting CVar [[r.DOF.Scatter.ForegroundCompositing:1    ; additive foreground scattering]]
[2019.05.26-15.27.07:346][  0]LogConfig: Setting CVar [[r.DOF.Scatter.BackgroundCompositing:2    ; additive background scattering]]
[2019.05.26-15.27.07:346][  0]LogConfig: Setting CVar [[r.DOF.Scatter.EnableBokehSettings:1      ; bokeh simulation when scattering]]
[2019.05.26-15.27.07:346][  0]LogConfig: Setting CVar [[r.DOF.Scatter.MaxSpriteRatio:0.1         ; only a maximum of 10% of scattered bokeh]]
[2019.05.26-15.27.07:346][  0]LogConfig: Setting CVar [[r.DOF.Recombine.Quality:1                ; cheap slight out of focus]]
[2019.05.26-15.27.07:346][  0]LogConfig: Setting CVar [[r.DOF.Recombine.EnableBokehSettings:0    ; no bokeh simulation on slight out of focus]]
[2019.05.26-15.27.07:346][  0]LogConfig: Setting CVar [[r.DOF.TemporalAAQuality:1                ; more stable temporal accumulation]]
[2019.05.26-15.27.07:346][  0]LogConfig: Setting CVar [[r.DOF.Kernel.MaxForegroundRadius:0.025]]
[2019.05.26-15.27.07:346][  0]LogConfig: Setting CVar [[r.DOF.Kernel.MaxBackgroundRadius:0.025]]
[2019.05.26-15.27.07:346][  0]LogConfig: Applying CVar settings from Section [TextureQuality@3] File [C:/Users/Alex/Documents/GitHub/UECivProj/UECivProj/Saved/Config/Windows/Scalability.ini]
[2019.05.26-15.27.07:346][  0]LogConfig: Setting CVar [[r.Streaming.MipBias:0]]
[2019.05.26-15.27.07:346][  0]LogConfig: Setting CVar [[r.Streaming.AmortizeCPUToGPUCopy:0]]
[2019.05.26-15.27.07:346][  0]LogConfig: Setting CVar [[r.Streaming.MaxNumTexturesToStreamPerFrame:0]]
[2019.05.26-15.27.07:346][  0]LogConfig: Setting CVar [[r.Streaming.Boost:1]]
[2019.05.26-15.27.07:346][  0]LogConfig: Setting CVar [[r.MaxAnisotropy:8]]
[2019.05.26-15.27.07:346][  0]LogConfig: Setting CVar [[r.Streaming.LimitPoolSizeToVRAM:0]]
[2019.05.26-15.27.07:346][  0]LogConfig: Setting CVar [[r.Streaming.PoolSize:1000]]
[2019.05.26-15.27.07:346][  0]LogConfig: Setting CVar [[r.Streaming.MaxEffectiveScreenSize:0]]
[2019.05.26-15.27.07:346][  0]LogConfig: Applying CVar settings from Section [EffectsQuality@3] File [C:/Users/Alex/Documents/GitHub/UECivProj/UECivProj/Saved/Config/Windows/Scalability.ini]
[2019.05.26-15.27.07:346][  0]LogConfig: Setting CVar [[r.TranslucencyLightingVolumeDim:64]]
[2019.05.26-15.27.07:346][  0]LogConfig: Setting CVar [[r.RefractionQuality:2]]
[2019.05.26-15.27.07:346][  0]LogConfig: Setting CVar [[r.SSR.Quality:3]]
[2019.05.26-15.27.07:346][  0]LogConfig: Setting CVar [[r.SceneColorFormat:4]]
[2019.05.26-15.27.07:346][  0]LogConfig: Setting CVar [[r.DetailMode:2]]
[2019.05.26-15.27.07:346][  0]LogConfig: Setting CVar [[r.TranslucencyVolumeBlur:1]]
[2019.05.26-15.27.07:346][  0]LogConfig: Setting CVar [[r.MaterialQualityLevel:1 ; High quality]]
[2019.05.26-15.27.07:346][  0]LogConfig: Setting CVar [[r.SSS.Scale:1]]
[2019.05.26-15.27.07:346][  0]LogConfig: Setting CVar [[r.SSS.SampleSet:2]]
[2019.05.26-15.27.07:346][  0]LogConfig: Setting CVar [[r.SSS.Quality:1]]
[2019.05.26-15.27.07:346][  0]LogConfig: Setting CVar [[r.SSS.HalfRes:1]]
[2019.05.26-15.27.07:346][  0]LogConfig: Setting CVar [[r.EmitterSpawnRateScale:1.0]]
[2019.05.26-15.27.07:346][  0]LogConfig: Setting CVar [[r.ParticleLightQuality:2]]
[2019.05.26-15.27.07:346][  0]LogConfig: Applying CVar settings from Section [FoliageQuality@3] File [C:/Users/Alex/Documents/GitHub/UECivProj/UECivProj/Saved/Config/Windows/Scalability.ini]
[2019.05.26-15.27.07:346][  0]LogConfig: Setting CVar [[foliage.DensityScale:1.0]]
[2019.05.26-15.27.07:347][  0]LogConfig: Setting CVar [[grass.DensityScale:1.0]]
[2019.05.26-15.27.07:347][  0]LogInit: Selected Device Profile: [Windows]
[2019.05.26-15.27.07:347][  0]LogInit: Applying CVar settings loaded from the selected device profile: [Windows]
[2019.05.26-15.27.07:360][  0]LogHAL: Display: Platform has ~ 32 GB [34211250176 / 34359738368 / 32], which maps to Largest [LargestMinGB=32, LargerMinGB=12, DefaultMinGB=8, SmallerMinGB=6, SmallestMinGB=0)
[2019.05.26-15.27.07:360][  0]LogConfig: Setting CVar [[r.Vulkan.UseRealUBs:0		; Required until we fix HLR fall-out]]
[2019.05.26-15.27.07:360][  0]LogInit: Going up to parent DeviceProfile []
[2019.05.26-15.27.07:360][  0]LogConfig: Applying CVar settings from Section [ViewDistanceQuality@3] File [C:/Users/Alex/Documents/GitHub/UECivProj/UECivProj/Saved/Config/Windows/Scalability.ini]
[2019.05.26-15.27.07:360][  0]LogConfig: Setting CVar [[r.SkeletalMeshLODBias:0]]
[2019.05.26-15.27.07:360][  0]LogConfig: Setting CVar [[r.ViewDistanceScale:1.0]]
[2019.05.26-15.27.07:360][  0]LogConfig: Applying CVar settings from Section [AntiAliasingQuality@3] File [C:/Users/Alex/Documents/GitHub/UECivProj/UECivProj/Saved/Config/Windows/Scalability.ini]
[2019.05.26-15.27.07:360][  0]LogConfig: Setting CVar [[r.PostProcessAAQuality:4]]
[2019.05.26-15.27.07:360][  0]LogConfig: Applying CVar settings from Section [ShadowQuality@3] File [C:/Users/Alex/Documents/GitHub/UECivProj/UECivProj/Saved/Config/Windows/Scalability.ini]
[2019.05.26-15.27.07:360][  0]LogConfig: Setting CVar [[r.LightFunctionQuality:1]]
[2019.05.26-15.27.07:360][  0]LogConfig: Setting CVar [[r.ShadowQuality:5]]
[2019.05.26-15.27.07:360][  0]LogConfig: Setting CVar [[r.Shadow.CSM.MaxCascades:10]]
[2019.05.26-15.27.07:360][  0]LogConfig: Setting CVar [[r.Shadow.MaxResolution:2048]]
[2019.05.26-15.27.07:360][  0]LogConfig: Setting CVar [[r.Shadow.MaxCSMResolution:2048]]
[2019.05.26-15.27.07:360][  0]LogConfig: Setting CVar [[r.Shadow.RadiusThreshold:0.01]]
[2019.05.26-15.27.07:360][  0]LogConfig: Setting CVar [[r.Shadow.DistanceScale:1.0]]
[2019.05.26-15.27.07:360][  0]LogConfig: Setting CVar [[r.Shadow.CSM.TransitionScale:1.0]]
[2019.05.26-15.27.07:360][  0]LogConfig: Setting CVar [[r.Shadow.PreShadowResolutionFactor:1.0]]
[2019.05.26-15.27.07:360][  0]LogConfig: Setting CVar [[r.DistanceFieldShadowing:1]]
[2019.05.26-15.27.07:360][  0]LogConfig: Setting CVar [[r.DistanceFieldAO:1]]
[2019.05.26-15.27.07:360][  0]LogConfig: Setting CVar [[r.AOQuality:2]]
[2019.05.26-15.27.07:360][  0]LogConfig: Setting CVar [[r.VolumetricFog:1]]
[2019.05.26-15.27.07:360][  0]LogConfig: Setting CVar [[r.VolumetricFog.GridPixelSize:8]]
[2019.05.26-15.27.07:360][  0]LogConfig: Setting CVar [[r.VolumetricFog.GridSizeZ:128]]
[2019.05.26-15.27.07:360][  0]LogConfig: Setting CVar [[r.VolumetricFog.HistoryMissSupersampleCount:4]]
[2019.05.26-15.27.07:360][  0]LogConfig: Setting CVar [[r.LightMaxDrawDistanceScale:1]]
[2019.05.26-15.27.07:360][  0]LogConfig: Setting CVar [[r.CapsuleShadows:1]]
[2019.05.26-15.27.07:360][  0]LogConfig: Applying CVar settings from Section [PostProcessQuality@3] File [C:/Users/Alex/Documents/GitHub/UECivProj/UECivProj/Saved/Config/Windows/Scalability.ini]
[2019.05.26-15.27.07:360][  0]LogConfig: Setting CVar [[r.MotionBlurQuality:4]]
[2019.05.26-15.27.07:360][  0]LogConfig: Setting CVar [[r.AmbientOcclusionMipLevelFactor:0.4]]
[2019.05.26-15.27.07:360][  0]LogConfig: Setting CVar [[r.AmbientOcclusionMaxQuality:100]]
[2019.05.26-15.27.07:360][  0]LogConfig: Setting CVar [[r.AmbientOcclusionLevels:-1]]
[2019.05.26-15.27.07:360][  0]LogConfig: Setting CVar [[r.AmbientOcclusionRadiusScale:1.0]]
[2019.05.26-15.27.07:360][  0]LogConfig: Setting CVar [[r.DepthOfFieldQuality:2]]
[2019.05.26-15.27.07:360][  0]LogConfig: Setting CVar [[r.RenderTargetPoolMin:400]]
[2019.05.26-15.27.07:360][  0]LogConfig: Setting CVar [[r.LensFlareQuality:2]]
[2019.05.26-15.27.07:360][  0]LogConfig: Setting CVar [[r.SceneColorFringeQuality:1]]
[2019.05.26-15.27.07:360][  0]LogConfig: Setting CVar [[r.EyeAdaptationQuality:2]]
[2019.05.26-15.27.07:360][  0]LogConfig: Setting CVar [[r.BloomQuality:5]]
[2019.05.26-15.27.07:360][  0]LogConfig: Setting CVar [[r.FastBlurThreshold:100]]
[2019.05.26-15.27.07:360][  0]LogConfig: Setting CVar [[r.Upscale.Quality:3]]
[2019.05.26-15.27.07:360][  0]LogConfig: Setting CVar [[r.Tonemapper.GrainQuantization:1]]
[2019.05.26-15.27.07:360][  0]LogConfig: Setting CVar [[r.LightShaftQuality:1]]
[2019.05.26-15.27.07:360][  0]LogConfig: Setting CVar [[r.Filter.SizeScale:1]]
[2019.05.26-15.27.07:360][  0]LogConfig: Setting CVar [[r.Tonemapper.Quality:5]]
[2019.05.26-15.27.07:360][  0]LogConfig: Setting CVar [[r.DOF.Gather.AccumulatorQuality:1        ; higher gathering accumulator quality]]
[2019.05.26-15.27.07:360][  0]LogConfig: Setting CVar [[r.DOF.Gather.PostfilterMethod:1          ; Median3x3 postfilering method]]
[2019.05.26-15.27.07:361][  0]LogConfig: Setting CVar [[r.DOF.Gather.EnableBokehSettings:0       ; no bokeh simulation when gathering]]
[2019.05.26-15.27.07:361][  0]LogConfig: Setting CVar [[r.DOF.Gather.RingCount:4                 ; medium number of samples when gathering]]
[2019.05.26-15.27.07:361][  0]LogConfig: Setting CVar [[r.DOF.Scatter.ForegroundCompositing:1    ; additive foreground scattering]]
[2019.05.26-15.27.07:361][  0]LogConfig: Setting CVar [[r.DOF.Scatter.BackgroundCompositing:2    ; additive background scattering]]
[2019.05.26-15.27.07:361][  0]LogConfig: Setting CVar [[r.DOF.Scatter.EnableBokehSettings:1      ; bokeh simulation when scattering]]
[2019.05.26-15.27.07:361][  0]LogConfig: Setting CVar [[r.DOF.Scatter.MaxSpriteRatio:0.1         ; only a maximum of 10% of scattered bokeh]]
[2019.05.26-15.27.07:361][  0]LogConfig: Setting CVar [[r.DOF.Recombine.Quality:1                ; cheap slight out of focus]]
[2019.05.26-15.27.07:361][  0]LogConfig: Setting CVar [[r.DOF.Recombine.EnableBokehSettings:0    ; no bokeh simulation on slight out of focus]]
[2019.05.26-15.27.07:361][  0]LogConfig: Setting CVar [[r.DOF.TemporalAAQuality:1                ; more stable temporal accumulation]]
[2019.05.26-15.27.07:361][  0]LogConfig: Setting CVar [[r.DOF.Kernel.MaxForegroundRadius:0.025]]
[2019.05.26-15.27.07:361][  0]LogConfig: Setting CVar [[r.DOF.Kernel.MaxBackgroundRadius:0.025]]
[2019.05.26-15.27.07:361][  0]LogConfig: Applying CVar settings from Section [TextureQuality@3] File [C:/Users/Alex/Documents/GitHub/UECivProj/UECivProj/Saved/Config/Windows/Scalability.ini]
[2019.05.26-15.27.07:361][  0]LogConfig: Setting CVar [[r.Streaming.MipBias:0]]
[2019.05.26-15.27.07:361][  0]LogConfig: Setting CVar [[r.Streaming.AmortizeCPUToGPUCopy:0]]
[2019.05.26-15.27.07:361][  0]LogConfig: Setting CVar [[r.Streaming.MaxNumTexturesToStreamPerFrame:0]]
[2019.05.26-15.27.07:361][  0]LogConfig: Setting CVar [[r.Streaming.Boost:1]]
[2019.05.26-15.27.07:361][  0]LogConfig: Setting CVar [[r.MaxAnisotropy:8]]
[2019.05.26-15.27.07:361][  0]LogConfig: Setting CVar [[r.Streaming.LimitPoolSizeToVRAM:0]]
[2019.05.26-15.27.07:361][  0]LogConfig: Setting CVar [[r.Streaming.PoolSize:1000]]
[2019.05.26-15.27.07:361][  0]LogConfig: Setting CVar [[r.Streaming.MaxEffectiveScreenSize:0]]
[2019.05.26-15.27.07:361][  0]LogConfig: Applying CVar settings from Section [EffectsQuality@3] File [C:/Users/Alex/Documents/GitHub/UECivProj/UECivProj/Saved/Config/Windows/Scalability.ini]
[2019.05.26-15.27.07:361][  0]LogConfig: Setting CVar [[r.TranslucencyLightingVolumeDim:64]]
[2019.05.26-15.27.07:361][  0]LogConfig: Setting CVar [[r.RefractionQuality:2]]
[2019.05.26-15.27.07:361][  0]LogConfig: Setting CVar [[r.SSR.Quality:3]]
[2019.05.26-15.27.07:361][  0]LogConfig: Setting CVar [[r.SceneColorFormat:4]]
[2019.05.26-15.27.07:361][  0]LogConfig: Setting CVar [[r.DetailMode:2]]
[2019.05.26-15.27.07:361][  0]LogConfig: Setting CVar [[r.TranslucencyVolumeBlur:1]]
[2019.05.26-15.27.07:361][  0]LogConfig: Setting CVar [[r.MaterialQualityLevel:1 ; High quality]]
[2019.05.26-15.27.07:361][  0]LogConfig: Setting CVar [[r.SSS.Scale:1]]
[2019.05.26-15.27.07:361][  0]LogConfig: Setting CVar [[r.SSS.SampleSet:2]]
[2019.05.26-15.27.07:361][  0]LogConfig: Setting CVar [[r.SSS.Quality:1]]
[2019.05.26-15.27.07:361][  0]LogConfig: Setting CVar [[r.SSS.HalfRes:1]]
[2019.05.26-15.27.07:361][  0]LogConfig: Setting CVar [[r.EmitterSpawnRateScale:1.0]]
[2019.05.26-15.27.07:361][  0]LogConfig: Setting CVar [[r.ParticleLightQuality:2]]
[2019.05.26-15.27.07:361][  0]LogConfig: Applying CVar settings from Section [FoliageQuality@3] File [C:/Users/Alex/Documents/GitHub/UECivProj/UECivProj/Saved/Config/Windows/Scalability.ini]
[2019.05.26-15.27.07:361][  0]LogConfig: Setting CVar [[foliage.DensityScale:1.0]]
[2019.05.26-15.27.07:361][  0]LogConfig: Setting CVar [[grass.DensityScale:1.0]]
[2019.05.26-15.27.07:361][  0]LogConfig: Applying CVar settings from Section [Startup] File [../../../Engine/Config/ConsoleVariables.ini]
[2019.05.26-15.27.07:361][  0]LogConfig: Setting CVar [[net.UseAdaptiveNetUpdateFrequency:0]]
[2019.05.26-15.27.07:361][  0]LogConfig: Setting CVar [[p.chaos.AllowCreatePhysxBodies:1]]
[2019.05.26-15.27.07:361][  0]LogConfig: Applying CVar settings from Section [ConsoleVariables] File [C:/Users/Alex/Documents/GitHub/UECivProj/UECivProj/Saved/Config/Windows/Engine.ini]
[2019.05.26-15.27.07:362][  0]LogInit: Computer: DESKTOP-7RUJS83
[2019.05.26-15.27.07:362][  0]LogInit: User: Alex
[2019.05.26-15.27.07:362][  0]LogInit: CPU Page size=4096, Cores=6
[2019.05.26-15.27.07:362][  0]LogInit: High frequency timer resolution =10.000000 MHz
[2019.05.26-15.27.07:362][  0]LogMemory: Memory total: Physical=31.9GB (32GB approx)
[2019.05.26-15.27.07:362][  0]LogMemory: Platform Memory Stats for Windows
[2019.05.26-15.27.07:362][  0]LogMemory: Process Physical Memory: 97.12 MB used, 97.13 MB peak
[2019.05.26-15.27.07:362][  0]LogMemory: Process Virtual Memory: 89.93 MB used, 89.93 MB peak
[2019.05.26-15.27.07:362][  0]LogMemory: Physical Memory: 7218.89 MB used,  25407.50 MB free, 32626.39 MB total
[2019.05.26-15.27.07:362][  0]LogMemory: Virtual Memory: 4674.63 MB used,  134213056.00 MB free, 134217728.00 MB total
[2019.05.26-15.27.07:415][  0]LogInit: Using OS detected language (en-US).
[2019.05.26-15.27.07:415][  0]LogInit: Using OS detected locale (en-US).
[2019.05.26-15.27.07:416][  0]LogTextLocalizationManager: No specific localization for 'en-US' exists, so the 'en' localization will be used.
[2019.05.26-15.27.07:554][  0]LogInit: Setting process to per monitor DPI aware
[2019.05.26-15.27.07:588][  0]LogSlate: New Slate User Created.  User Index 0, Is Virtual User: 0
[2019.05.26-15.27.07:588][  0]LogSlate: Slate User Registered.  User Index 0, Is Virtual User: 0
[2019.05.26-15.27.07:732][  0]LogHMD: Failed to initialize OpenVR with code 110
[2019.05.26-15.27.07:732][  0]LogD3D11RHI: D3D11 adapters:
[2019.05.26-15.27.07:797][  0]LogD3D11RHI:    0. 'NVIDIA GeForce GTX 1080 with Max-Q Design' (Feature Level 11_0)
[2019.05.26-15.27.07:797][  0]LogD3D11RHI:       8079/0/16313 MB DedicatedVideo/DedicatedSystem/SharedSystem, Outputs:1, VendorId:0x10de
[2019.05.26-15.27.07:810][  0]LogD3D11RHI:    1. 'Intel(R) UHD Graphics 630' (Feature Level 11_0)
[2019.05.26-15.27.07:810][  0]LogD3D11RHI:       128/0/16313 MB DedicatedVideo/DedicatedSystem/SharedSystem, Outputs:0, VendorId:0x8086
[2019.05.26-15.27.07:812][  0]LogD3D11RHI:    2. 'Microsoft Basic Render Driver' (Feature Level 11_0)
[2019.05.26-15.27.07:812][  0]LogD3D11RHI:       0/0/16313 MB DedicatedVideo/DedicatedSystem/SharedSystem, Outputs:0, VendorId:0x1414
[2019.05.26-15.27.07:812][  0]LogD3D11RHI: Chosen D3D11 Adapter: 0
[2019.05.26-15.27.07:819][  0]LogD3D11RHI: Creating new Direct3DDevice
[2019.05.26-15.27.07:819][  0]LogD3D11RHI:     GPU DeviceId: 0x1be0 (for the marketing name, search the web for "GPU Device Id")
[2019.05.26-15.27.07:819][  0]LogWindows: EnumDisplayDevices:
[2019.05.26-15.27.07:819][  0]LogWindows:    0. 'NVIDIA GeForce GTX 1080 with Max-Q Design' (P:1 D:1)
[2019.05.26-15.27.07:819][  0]LogWindows:    1. 'NVIDIA GeForce GTX 1080 with Max-Q Design' (P:0 D:0)
[2019.05.26-15.27.07:820][  0]LogWindows:    2. 'NVIDIA GeForce GTX 1080 with Max-Q Design' (P:0 D:0)
[2019.05.26-15.27.07:820][  0]LogWindows:    3. 'NVIDIA GeForce GTX 1080 with Max-Q Design' (P:0 D:0)
[2019.05.26-15.27.07:820][  0]LogWindows:    4. 'Intel(R) UHD Graphics 630' (P:0 D:0)
[2019.05.26-15.27.07:820][  0]LogWindows:    5. 'Intel(R) UHD Graphics 630' (P:0 D:0)
[2019.05.26-15.27.07:821][  0]LogWindows:    6. 'Intel(R) UHD Graphics 630' (P:0 D:0)
[2019.05.26-15.27.07:821][  0]LogWindows: DebugString: PrimaryIsNotTheChoosenAdapter PrimaryIsNotTheChoosenAdapter PrimaryIsNotTheChoosenAdapter FoundDriverCount:4 
[2019.05.26-15.27.07:821][  0]LogD3D11RHI:     Adapter Name: NVIDIA GeForce GTX 1080 with Max-Q Design
[2019.05.26-15.27.07:821][  0]LogD3D11RHI:   Driver Version: 398.89 (internal:24.21.13.9889, unified:398.89)
[2019.05.26-15.27.07:821][  0]LogD3D11RHI:      Driver Date: 8-6-2018
[2019.05.26-15.27.07:821][  0]LogRHI: Texture pool is 5655 MB (70% of 8079 MB)
[2019.05.26-15.27.07:856][  0]LogD3D11RHI: Async texture creation enabled
[2019.05.26-15.27.07:858][  0]LogRendererCore: FGlobalReadBuffer::InitRHI
[2019.05.26-15.27.07:859][  0]LogRendererCore: FGlobalReadBuffer::InitRHI
[2019.05.26-15.27.07:859][  0]LogRendererCore: FGlobalReadBuffer::InitRHI
[2019.05.26-15.27.07:872][  0]LogD3D11RHI: GPU Timing Frequency: 1000.000000 (Debug: 2 2)
[2019.05.26-15.27.08:173][  0]LogTemp: Display: Module 'AllDesktopTargetPlatform' loaded TargetPlatform 'AllDesktop'
[2019.05.26-15.27.08:185][  0]LogTemp: Display: Module 'MacClientTargetPlatform' loaded TargetPlatform 'MacClient'
[2019.05.26-15.27.08:197][  0]LogTemp: Display: Module 'MacNoEditorTargetPlatform' loaded TargetPlatform 'MacNoEditor'
[2019.05.26-15.27.08:214][  0]LogTemp: Display: Module 'MacServerTargetPlatform' loaded TargetPlatform 'MacServer'
[2019.05.26-15.27.08:226][  0]LogTemp: Display: Module 'MacTargetPlatform' loaded TargetPlatform 'Mac'
[2019.05.26-15.27.08:238][  0]LogTemp: Display: Module 'WindowsClientTargetPlatform' loaded TargetPlatform 'WindowsClient'
[2019.05.26-15.27.08:250][  0]LogTemp: Display: Module 'WindowsNoEditorTargetPlatform' loaded TargetPlatform 'WindowsNoEditor'
[2019.05.26-15.27.08:261][  0]LogTemp: Display: Module 'WindowsServerTargetPlatform' loaded TargetPlatform 'WindowsServer'
[2019.05.26-15.27.08:266][  0]LogTemp: Display: Module 'WindowsTargetPlatform' loaded TargetPlatform 'Windows'
[2019.05.26-15.27.08:330][  0]LogTemp: Display: Module 'AndroidTargetPlatform' loaded TargetPlatform 'Android'
[2019.05.26-15.27.08:331][  0]LogTemp: Display: Module 'AndroidTargetPlatform' loaded TargetPlatform 'Android_ASTC'
[2019.05.26-15.27.08:331][  0]LogTemp: Display: Module 'AndroidTargetPlatform' loaded TargetPlatform 'Android_ATC'
[2019.05.26-15.27.08:331][  0]LogTemp: Display: Module 'AndroidTargetPlatform' loaded TargetPlatform 'Android_DXT'
[2019.05.26-15.27.08:331][  0]LogTemp: Display: Module 'AndroidTargetPlatform' loaded TargetPlatform 'Android_ETC1'
[2019.05.26-15.27.08:331][  0]LogTemp: Display: Module 'AndroidTargetPlatform' loaded TargetPlatform 'Android_ETC1a'
[2019.05.26-15.27.08:331][  0]LogTemp: Display: Module 'AndroidTargetPlatform' loaded TargetPlatform 'Android_ETC2'
[2019.05.26-15.27.08:331][  0]LogTemp: Display: Module 'AndroidTargetPlatform' loaded TargetPlatform 'Android_PVRTC'
[2019.05.26-15.27.08:331][  0]LogTemp: Display: Module 'AndroidTargetPlatform' loaded TargetPlatform 'AndroidClient'
[2019.05.26-15.27.08:331][  0]LogTemp: Display: Module 'AndroidTargetPlatform' loaded TargetPlatform 'Android_ASTCClient'
[2019.05.26-15.27.08:331][  0]LogTemp: Display: Module 'AndroidTargetPlatform' loaded TargetPlatform 'Android_ATCClient'
[2019.05.26-15.27.08:331][  0]LogTemp: Display: Module 'AndroidTargetPlatform' loaded TargetPlatform 'Android_DXTClient'
[2019.05.26-15.27.08:331][  0]LogTemp: Display: Module 'AndroidTargetPlatform' loaded TargetPlatform 'Android_ETC1Client'
[2019.05.26-15.27.08:331][  0]LogTemp: Display: Module 'AndroidTargetPlatform' loaded TargetPlatform 'Android_ETC1aClient'
[2019.05.26-15.27.08:331][  0]LogTemp: Display: Module 'AndroidTargetPlatform' loaded TargetPlatform 'Android_ETC2Client'
[2019.05.26-15.27.08:331][  0]LogTemp: Display: Module 'AndroidTargetPlatform' loaded TargetPlatform 'Android_PVRTCClient'
[2019.05.26-15.27.08:331][  0]LogTemp: Display: Module 'AndroidTargetPlatform' loaded TargetPlatform 'Android_Multi'
[2019.05.26-15.27.08:331][  0]LogTemp: Display: Module 'AndroidTargetPlatform' loaded TargetPlatform 'Android_MultiClient'
[2019.05.26-15.27.08:332][  0]LogTemp: Display: Module 'HTML5TargetPlatform' loaded TargetPlatform 'HTML5'
[2019.05.26-15.27.08:386][  0]LogTemp: Display: Module 'IOSTargetPlatform' loaded TargetPlatform 'IOSClient'
[2019.05.26-15.27.08:386][  0]LogTemp: Display: Module 'IOSTargetPlatform' loaded TargetPlatform 'IOS'
[2019.05.26-15.27.08:407][  0]LogTemp: Display: Module 'TVOSTargetPlatform' loaded TargetPlatform 'TVOSClient'
[2019.05.26-15.27.08:407][  0]LogTemp: Display: Module 'TVOSTargetPlatform' loaded TargetPlatform 'TVOS'
[2019.05.26-15.27.08:417][  0]LogTemp: Display: Module 'LinuxClientTargetPlatform' loaded TargetPlatform 'LinuxClient'
[2019.05.26-15.27.08:427][  0]LogTemp: Display: Module 'LinuxNoEditorTargetPlatform' loaded TargetPlatform 'LinuxNoEditor'
[2019.05.26-15.27.08:436][  0]LogTemp: Display: Module 'LinuxServerTargetPlatform' loaded TargetPlatform 'LinuxServer'
[2019.05.26-15.27.08:446][  0]LogTemp: Display: Module 'LinuxTargetPlatform' loaded TargetPlatform 'Linux'
[2019.05.26-15.27.08:481][  0]LogTemp: Display: Module 'LuminTargetPlatform' loaded TargetPlatform 'Lumin'
[2019.05.26-15.27.08:481][  0]LogTemp: Display: Module 'LuminTargetPlatform' loaded TargetPlatform 'LuminClient'
[2019.05.26-15.27.08:481][  0]LogTargetPlatformManager: Display: Building Assets For Windows
[2019.05.26-15.27.08:488][  0]LogAudioDebug: Display: Lib vorbis DLL was dynamically loaded.
[2019.05.26-15.27.08:531][  0]LogShaderCompilers: Guid format shader working directory is -21 characters bigger than the processId version (../../../../../../Users/Alex/Documents/GitHub/UECivProj/UECivProj/Intermediate/Shaders/WorkingDirectory/12400/).
[2019.05.26-15.27.08:531][  0]LogShaderCompilers: Cleaned the shader compiler working directory 'C:/Users/Alex/AppData/Local/Temp/UnrealShaderWorkingDir/2F94E4FC4412B0C2DA8E9DA3C4E8D8C3/'.
[2019.05.26-15.27.08:533][  0]LogXGEController: Cannot use XGE Controller as Incredibuild is not installed on this machine.
[2019.05.26-15.27.08:533][  0]LogShaderCompilers: Cannot use XGE Shader Compiler as Incredibuild is not installed on this machine.
[2019.05.26-15.27.08:533][  0]LogShaderCompilers: Display: Using Local Shader Compiler.
[2019.05.26-15.27.08:987][  0]LogDerivedDataCache: Display: Max Cache Size: 512 MB
[2019.05.26-15.27.09:027][  0]LogDerivedDataCache: Loaded boot cache 0.04s 71MB C:/Users/Alex/AppData/Local/UnrealEngine/4.22/DerivedDataCache/Boot.ddc.
[2019.05.26-15.27.09:027][  0]LogDerivedDataCache: Display: Loaded Boot cache: C:/Users/Alex/AppData/Local/UnrealEngine/4.22/DerivedDataCache/Boot.ddc
[2019.05.26-15.27.09:027][  0]LogDerivedDataCache: FDerivedDataBackendGraph:  Pak pak cache file ../../../../../../Users/Alex/Documents/GitHub/UECivProj/UECivProj/DerivedDataCache/DDC.ddp not found, will not use a pak cache.
[2019.05.26-15.27.09:027][  0]LogDerivedDataCache: Unable to find inner node Pak for hierarchical cache Hierarchy.
[2019.05.26-15.27.09:027][  0]LogDerivedDataCache: FDerivedDataBackendGraph:  CompressedPak pak cache file ../../../../../../Users/Alex/Documents/GitHub/UECivProj/UECivProj/DerivedDataCache/Compressed.ddp not found, will not use a pak cache.
[2019.05.26-15.27.09:027][  0]LogDerivedDataCache: Unable to find inner node CompressedPak for hierarchical cache Hierarchy.
[2019.05.26-15.27.09:039][  0]LogDerivedDataCache: Display: Pak cache opened for reading ../../../Engine/DerivedDataCache/Compressed.ddp.
[2019.05.26-15.27.09:039][  0]LogDerivedDataCache: FDerivedDataBackendGraph:  EnterprisePak pak cache file ../../../Enterprise/DerivedDataCache/Compressed.ddp not found, will not use a pak cache.
[2019.05.26-15.27.09:039][  0]LogDerivedDataCache: Unable to find inner node EnterprisePak for hierarchical cache Hierarchy.
[2019.05.26-15.27.09:052][  0]LogDerivedDataCache: Using Local data cache path C:/Users/Alex/AppData/Local/UnrealEngine/Common/DerivedDataCache: Writable
[2019.05.26-15.27.09:052][  0]LogDerivedDataCache: Shared data cache path not found in *engine.ini, will not use an Shared cache.
[2019.05.26-15.27.09:052][  0]LogDerivedDataCache: Unable to find inner node Shared for hierarchical cache Hierarchy.
[2019.05.26-15.27.09:075][  0]LogMaterial: Verifying Global Shaders for PCD3D_SM5
[2019.05.26-15.27.09:076][  0]LogSlate: Using FreeType 2.6.0
[2019.05.26-15.27.09:076][  0]LogSlate: SlateFontServices - WITH_FREETYPE: 1, WITH_HARFBUZZ: 1
[2019.05.26-15.27.09:151][  0]LogAssetRegistry: FAssetRegistry took 0.0331 seconds to start up
[2019.05.26-15.27.09:430][  0]LogInit: Selected Device Profile: [Windows]
[2019.05.26-15.27.09:529][  0]LogMeshReduction: Using QuadricMeshReduction for automatic static mesh reduction
[2019.05.26-15.27.09:529][  0]LogMeshReduction: Using SimplygonMeshReduction for automatic skeletal mesh reduction
[2019.05.26-15.27.09:529][  0]LogMeshReduction: Using ProxyLODMeshReduction for automatic mesh merging
[2019.05.26-15.27.09:529][  0]LogMeshReduction: No distributed automatic mesh merging module available
[2019.05.26-15.27.09:529][  0]LogMeshMerging: No distributed automatic mesh merging module available
[2019.05.26-15.27.09:541][  0]LogNetVersion: UECivProj 1.0.0, NetCL: 5660361, EngineNetVer: 10, GameNetVer: 0 (Checksum: 2984396159)
[2019.05.26-15.27.09:857][  0]LogPackageLocalizationCache: Processed 10 localized package path(s) for 1 prioritized culture(s) in 0.033580 seconds
[2019.05.26-15.27.09:863][  0]LogUObjectArray: 42205 objects as part of root set at end of initial load.
[2019.05.26-15.27.09:863][  0]LogUObjectAllocator: 7325032 out of 0 bytes used by permanent object pool.
[2019.05.26-15.27.09:863][  0]LogUObjectArray: CloseDisregardForGC: 0/0 objects in disregard for GC pool
[2019.05.26-15.27.10:548][  0]LogTcpMessaging: Initializing TcpMessaging bridge
[2019.05.26-15.27.10:563][  0]LogUdpMessaging: Initializing bridge on interface 0.0.0.0:0 to multicast group 230.0.0.1:6666.
[2019.05.26-15.27.10:696][  0]SourceControl: Source control is disabled
[2019.05.26-15.27.10:696][  0]SourceControl: Source control is disabled
[2019.05.26-15.27.10:698][  0]SourceControl: Source control is disabled
[2019.05.26-15.27.10:698][  0]SourceControl: Source control is disabled
[2019.05.26-15.27.10:760][  0]LogAndroidPermission: UAndroidPermissionCallbackProxy::GetInstance
[2019.05.26-15.27.11:040][  0]LogOcInput: OculusInput pre-init called
[2019.05.26-15.27.11:595][  0]LogEngine: Initializing Engine...
[2019.05.26-15.27.11:595][  0]LogHMD: Failed to initialize OpenVR with code 110
[2019.05.26-15.27.11:596][  0]LogStats: UGameplayTagsManager::InitializeManager -  0.000 s
[2019.05.26-15.27.11:769][  0]LogInit: Initializing FReadOnlyCVARCache
[2019.05.26-15.27.11:782][  0]LogAIModule: Creating AISystem for world Untitled
[2019.05.26-15.27.11:796][  0]LogInit: XAudio2 using 'Speakers/Headphones (Realtek(R) Audio)' : 6 channels at 48 kHz using 32 bits per sample (channel mask 0x3f)
[2019.05.26-15.27.11:853][  0]LogInit: FAudioDevice initialized.
[2019.05.26-15.27.11:853][  0]LogNetVersion: Set ProjectVersion to 1.0.0.0. Version Checksum will be recalculated on next use.
[2019.05.26-15.27.11:912][  0]LogDerivedDataCache: Saved boot cache 0.06s 71MB C:/Users/Alex/AppData/Local/UnrealEngine/4.22/DerivedDataCache/Boot.ddc.
[2019.05.26-15.27.11:919][  0]LogInit: Texture streaming: Enabled
[2019.05.26-15.27.11:954][  0]LogEngineSessionManager: EngineSessionManager initialized
[2019.05.26-15.27.11:992][  0]LogInit: Transaction tracking system initialized
[2019.05.26-15.27.12:045][  0]BlueprintLog: New page: Editor Load
[2019.05.26-15.27.12:137][  0]LocalizationService: Localization service is disabled
[2019.05.26-15.27.12:416][  0]LogCook: Display: Max memory allowance for cook 16384mb min free memory 0mb
[2019.05.26-15.27.12:416][  0]LogCook: Display: Mobile HDR setting 1
[2019.05.26-15.27.12:554][  0]LogFileCache: Scanning file cache for directory 'C:/Users/Alex/Documents/GitHub/UECivProj/UECivProj/Content/' took 0.04s
[2019.05.26-15.27.12:554][  0]SourceControl: Source control is disabled
[2019.05.26-15.27.12:554][  0]Cmd: MAP LOAD FILE="../../../../../../Users/Alex/Documents/GitHub/UECivProj/UECivProj/Content/ThirdPersonBP/Maps/ThirdPersonExampleMap.umap" TEMPLATE=0 SHOWPROGRESS=1 FEATURELEVEL=3
[2019.05.26-15.27.12:554][  0]LightingResults: New page: Lighting Build
[2019.05.26-15.27.12:557][  0]MapCheck: New page: Map Check
[2019.05.26-15.27.12:557][  0]LightingResults: New page: Lighting Build
[2019.05.26-15.27.12:586][  0]LogUObjectHash: Compacting FUObjectHashTables data took   1.44ms
[2019.05.26-15.27.13:988][  0]LogAIModule: Creating AISystem for world ThirdPersonExampleMap
[2019.05.26-15.27.14:826][  0]LogEditorServer: Finished looking for orphan Actors (0.000 secs)
[2019.05.26-15.27.14:873][  0]LogUObjectHash: Compacting FUObjectHashTables data took   2.09ms
[2019.05.26-15.27.14:873][  0]Cmd: MAP CHECKDEP NOCLEARLOG
[2019.05.26-15.27.14:873][  0]MapCheck: Map check complete: 0 Error(s), 0 Warning(s), took 0.122ms to complete.
[2019.05.26-15.27.14:873][  0]LogFileHelpers: Loading map 'ThirdPersonExampleMap' took 2.319
[2019.05.26-15.27.15:092][  0]LogSlate: Updating window title bar state: overlay mode, drag disabled, window buttons hidden, title bar hidden
[2019.05.26-15.27.15:101][  0]LogSlate: Updating window title bar state: overlay mode, drag disabled, window buttons hidden, title bar hidden
[2019.05.26-15.27.15:109][  0]LogSlate: Updating window title bar state: overlay mode, drag disabled, window buttons hidden, title bar hidden
[2019.05.26-15.27.15:116][  0]LogSlate: Updating window title bar state: overlay mode, drag disabled, window buttons hidden, title bar hidden
[2019.05.26-15.27.15:137][  0]LogCollectionManager: Loaded 0 collections in 0.003874 seconds
[2019.05.26-15.27.15:188][  0]LogFileCache: Scanning file cache for directory 'C:/Users/Alex/Documents/GitHub/UECivProj/UECivProj/Saved/Collections/' took 0.01s
[2019.05.26-15.27.15:189][  0]LogFileCache: Scanning file cache for directory 'C:/Users/Alex/Documents/GitHub/UECivProj/UECivProj/Content/Developers/Alex/Collections/' took 0.00s
[2019.05.26-15.27.15:189][  0]LogFileCache: Scanning file cache for directory 'C:/Users/Alex/Documents/GitHub/UECivProj/UECivProj/Content/Collections/' took 0.00s
[2019.05.26-15.27.15:189][  0]LogCollectionManager: Rebuilt the GUID cache for 0 collections in 0.000001 seconds
[2019.05.26-15.27.15:221][  0]LogContentBrowser: Native class hierarchy populated in 0.0304 seconds. Added 2732 classes and 659 folders.
[2019.05.26-15.27.15:243][  0]LogContentBrowser: Native class hierarchy updated for 'WidgetCarousel' in 0.0005 seconds. Added 0 classes and 0 folders.
[2019.05.26-15.27.15:262][  0]LogPakFile: Registered encryption key '00000000000000000000000000000000': 0 pak files mounted, 0 remain pending
[2019.05.26-15.27.15:278][  0]LogPakFile: Registered encryption key '00000000000000000000000000000000': 0 pak files mounted, 0 remain pending
[2019.05.26-15.27.15:296][  0]LogPakFile: Registered encryption key '00000000000000000000000000000000': 0 pak files mounted, 0 remain pending
[2019.05.26-15.27.15:302][  0]LogPakFile: Registered encryption key '00000000000000000000000000000000': 0 pak files mounted, 0 remain pending
[2019.05.26-15.27.15:307][  0]LogPakFile: Registered encryption key '00000000000000000000000000000000': 0 pak files mounted, 0 remain pending
[2019.05.26-15.27.15:312][  0]LogPakFile: Registered encryption key '00000000000000000000000000000000': 0 pak files mounted, 0 remain pending
[2019.05.26-15.27.15:316][  0]LogPakFile: Registered encryption key '00000000000000000000000000000000': 0 pak files mounted, 0 remain pending
[2019.05.26-15.27.15:322][  0]LogPakFile: Registered encryption key '00000000000000000000000000000000': 0 pak files mounted, 0 remain pending
[2019.05.26-15.27.15:330][  0]LogPakFile: Registered encryption key '00000000000000000000000000000000': 0 pak files mounted, 0 remain pending
[2019.05.26-15.27.15:337][  0]LogPakFile: Registered encryption key '00000000000000000000000000000000': 0 pak files mounted, 0 remain pending
[2019.05.26-15.27.15:343][  0]LogPakFile: Registered encryption key '00000000000000000000000000000000': 0 pak files mounted, 0 remain pending
[2019.05.26-15.27.15:348][  0]LogPakFile: Registered encryption key '00000000000000000000000000000000': 0 pak files mounted, 0 remain pending
[2019.05.26-15.27.15:355][  0]LogPakFile: Registered encryption key '00000000000000000000000000000000': 0 pak files mounted, 0 remain pending
[2019.05.26-15.27.15:362][  0]LogPakFile: Registered encryption key '00000000000000000000000000000000': 0 pak files mounted, 0 remain pending
[2019.05.26-15.27.15:368][  0]LogPakFile: Registered encryption key '00000000000000000000000000000000': 0 pak files mounted, 0 remain pending
[2019.05.26-15.27.15:374][  0]LogPakFile: Registered encryption key '00000000000000000000000000000000': 0 pak files mounted, 0 remain pending
[2019.05.26-15.27.15:408][  0]LogPakFile: Registered encryption key '00000000000000000000000000000000': 0 pak files mounted, 0 remain pending
[2019.05.26-15.27.15:414][  0]LogPakFile: Registered encryption key '00000000000000000000000000000000': 0 pak files mounted, 0 remain pending
[2019.05.26-15.27.15:419][  0]LogPakFile: Registered encryption key '00000000000000000000000000000000': 0 pak files mounted, 0 remain pending
[2019.05.26-15.27.15:425][  0]LogPakFile: Registered encryption key '00000000000000000000000000000000': 0 pak files mounted, 0 remain pending
[2019.05.26-15.27.15:430][  0]LogPakFile: Registered encryption key '00000000000000000000000000000000': 0 pak files mounted, 0 remain pending
[2019.05.26-15.27.15:436][  0]LogPakFile: Registered encryption key '00000000000000000000000000000000': 0 pak files mounted, 0 remain pending
[2019.05.26-15.27.15:442][  0]LogPakFile: Registered encryption key '00000000000000000000000000000000': 0 pak files mounted, 0 remain pending
[2019.05.26-15.27.15:451][  0]LogPakFile: Registered encryption key '00000000000000000000000000000000': 0 pak files mounted, 0 remain pending
[2019.05.26-15.27.15:461][  0]LogPakFile: Registered encryption key '00000000000000000000000000000000': 0 pak files mounted, 0 remain pending
[2019.05.26-15.27.15:471][  0]LogPakFile: Registered encryption key '00000000000000000000000000000000': 0 pak files mounted, 0 remain pending
[2019.05.26-15.27.15:778][  0]LogContentBrowser: Native class hierarchy updated for 'AddContentDialog' in 0.0008 seconds. Added 0 classes and 0 folders.
[2019.05.26-15.27.15:798][  0]LogContentBrowser: Native class hierarchy updated for 'SceneOutliner' in 0.0005 seconds. Added 1 classes and 2 folders.
[2019.05.26-15.27.15:890][  0]LogSlate: Took 0.000314 seconds to synchronously load lazily loaded font '../../../Engine/Content/Slate/Fonts/Roboto-Regular.ttf' (155K)
[2019.05.26-15.27.15:895][  0]LogSlate: Took 0.000286 seconds to synchronously load lazily loaded font '../../../Engine/Content/Slate/Fonts/Roboto-Bold.ttf' (160K)
[2019.05.26-15.27.15:911][  0]LogSlate: Took 0.005480 seconds to synchronously load lazily loaded font '../../../Engine/Content/Editor/Slate/Fonts/FontAwesome.ttf' (139K)
[2019.05.26-15.27.16:067][  0]LogRenderer: Reallocating scene render targets to support 900x404 Format 10 NumSamples 1 (Frame:1).
[2019.05.26-15.27.16:217][  0]LogContentBrowser: Native class hierarchy updated for 'HierarchicalLODOutliner' in 0.0005 seconds. Added 0 classes and 0 folders.
[2019.05.26-15.27.16:217][  0]LogLoad: (Engine Initialization) Total time: 10.72 seconds
[2019.05.26-15.27.16:218][  0]LogLoad: (Engine Initialization) Total Blueprint compile time: 0.00 seconds
[2019.05.26-15.27.16:292][  0]LogAssetRegistry: Asset discovery search completed in 7.1625 seconds
[2019.05.26-15.27.16:294][  0]LogCollectionManager: Rebuilt the object cache for 0 collections in 0.000001 seconds (found 0 objects)
[2019.05.26-15.27.16:294][  0]LogCollectionManager: Fixed up redirectors for 0 collections in 0.000041 seconds (updated 0 objects)
[2019.05.26-15.27.16:296][  0]LogContentStreaming: Texture pool size now 1000 MB
[2019.05.26-15.27.16:341][  0]LogSlate: Took 0.006595 seconds to synchronously load lazily loaded font '../../../Engine/Content/Slate/Fonts/Roboto-Light.ttf' (167K)
[2019.05.26-15.27.21:380][591]LogFileCache: Retrieving MD5 hashes for directory 'C:/Users/Alex/Documents/GitHub/UECivProj/UECivProj/Content/' took 5.13s
[2019.05.26-15.28.17:077][261]LogSlate: FSceneViewport::OnFocusLost() reason 0
[2019.05.26-15.28.18:203][272]LogTexture: Display: Building textures: Texture2D_2 (G8, 128X128)
[2019.05.26-15.28.22:310][748]LogEditorViewport: Clicking on Actor (LMB): Landscape (Landscape)
[2019.05.26-15.28.25:883][163]LogSlate: FSceneViewport::OnFocusLost() reason 0
[2019.05.26-15.28.36:727][447]LogSlate: FSceneViewport::OnFocusLost() reason 0
[2019.05.26-15.28.42:867][170]LogSlate: FSceneViewport::OnFocusLost() reason 0
[2019.05.26-15.28.43:677][266]LogMaterial: Display: Missing cached shader map for material Landscape_M, compiling. 
[2019.05.26-15.28.43:787][266]LogMaterial: Display: Missing cached shader map for material Landscape_M, compiling. 
[2019.05.26-15.28.43:830][266]LogShaderCompilers: Display: Shaders left to compile 110
[2019.05.26-15.28.43:830][266]LogShaderCompilers: Display: Shaders left to compile 100
[2019.05.26-15.28.43:830][266]LogShaderCompilers: Display: Shaders left to compile 90
[2019.05.26-15.28.43:830][266]LogShaderCompilers: Display: Shaders left to compile 80
[2019.05.26-15.28.43:830][266]LogShaderCompilers: Display: Shaders left to compile 70
[2019.05.26-15.28.43:830][266]LogShaderCompilers: Display: Shaders left to compile 60
[2019.05.26-15.28.43:830][266]LogShaderCompilers: Display: Shaders left to compile 50
[2019.05.26-15.28.43:830][266]LogShaderCompilers: Display: Shaders left to compile 40
[2019.05.26-15.28.43:842][266]LogTexture: Display: Building textures: Texture2D_27 (BGRA8, 32X32)
[2019.05.26-15.28.43:857][266]LogMaterial: Display: Missing cached shader map for material Landscape_M, compiling. 
[2019.05.26-15.28.46:012][476]LogShaderCompilers: Display: Shaders left to compile 250
[2019.05.26-15.28.46:142][490]LogShaderCompilers: Display: Shaders left to compile 240
[2019.05.26-15.28.46:172][493]LogShaderCompilers: Display: Shaders left to compile 230
[2019.05.26-15.28.46:274][504]LogShaderCompilers: Display: Shaders left to compile 220
[2019.05.26-15.28.46:433][520]LogShaderCompilers: Display: Shaders left to compile 210
[2019.05.26-15.28.46:913][571]LogShaderCompilers: Display: Shaders left to compile 200
[2019.05.26-15.28.47:745][661]LogShaderCompilers: Display: Shaders left to compile 190
[2019.05.26-15.28.47:989][687]LogShaderCompilers: Display: Shaders left to compile 180
[2019.05.26-15.28.48:725][766]LogShaderCompilers: Display: Shaders left to compile 170
[2019.05.26-15.28.49:023][798]LogShaderCompilers: Display: Shaders left to compile 160
[2019.05.26-15.28.49:242][822]LogShaderCompilers: Display: Shaders left to compile 150
[2019.05.26-15.28.49:317][830]LogShaderCompilers: Display: Shaders left to compile 140
[2019.05.26-15.28.50:014][905]LogShaderCompilers: Display: Shaders left to compile 130
[2019.05.26-15.28.50:220][924]LogShaderCompilers: Display: Shaders left to compile 120
[2019.05.26-15.28.51:617][ 74]LogShaderCompilers: Display: Shaders left to compile 110
[2019.05.26-15.28.51:872][100]LogShaderCompilers: Display: Shaders left to compile 100
[2019.05.26-15.28.52:338][149]LogShaderCompilers: Display: Shaders left to compile 90
[2019.05.26-15.28.52:804][196]LogShaderCompilers: Display: Shaders left to compile 80
[2019.05.26-15.28.52:857][202]LogShaderCompilers: Display: Shaders left to compile 70
[2019.05.26-15.28.53:509][270]LogShaderCompilers: Display: Shaders left to compile 60
[2019.05.26-15.28.54:255][345]LogShaderCompilers: Display: Shaders left to compile 50
[2019.05.26-15.28.54:611][383]LogShaderCompilers: Display: Shaders left to compile 40
[2019.05.26-15.28.54:714][394]LogShaderCompilers: Display: Shaders left to compile 30
[2019.05.26-15.28.54:993][423]LogShaderCompilers: Display: Shaders left to compile 20
[2019.05.26-15.28.55:300][456]LogShaderCompilers: Display: Shaders left to compile 10
[2019.05.26-15.29.12:358][461]LogSlate: FSceneViewport::OnFocusLost() reason 0
[2019.05.26-15.29.14:560][723]LogTemp: Repeating last play command: Selected Viewport
[2019.05.26-15.29.14:572][723]LogBlueprintUserMessages: Early PlayInEditor Detection: Level '/Game/ThirdPersonBP/Maps/ThirdPersonExampleMap.ThirdPersonExampleMap:PersistentLevel' has LevelScriptBlueprint '/Game/ThirdPersonBP/Maps/ThirdPersonExampleMap.ThirdPersonExampleMap:PersistentLevel.ThirdPersonExampleMap' with GeneratedClass '/Game/ThirdPersonBP/Maps/ThirdPersonExampleMap.ThirdPersonExampleMap_C' with ClassGeneratedBy '/Game/ThirdPersonBP/Maps/ThirdPersonExampleMap.ThirdPersonExampleMap:PersistentLevel.ThirdPersonExampleMap'
[2019.05.26-15.29.14:573][723]LogPlayLevel: PlayLevel: No blueprints needed recompiling
[2019.05.26-15.29.14:574][723]PIE: New page: PIE session: ThirdPersonExampleMap (May 26, 2019, 5:29:14 AM)
[2019.05.26-15.29.14:587][723]LogPlayLevel: Creating play world package: /Game/ThirdPersonBP/Maps/UEDPIE_0_ThirdPersonExampleMap
[2019.05.26-15.29.14:632][723]LogPlayLevel: PIE: StaticDuplicateObject took: (0.044930s)
[2019.05.26-15.29.14:633][723]LogAIModule: Creating AISystem for world ThirdPersonExampleMap
[2019.05.26-15.29.14:633][723]LogPlayLevel: PIE: World Init took: (0.000834s)
[2019.05.26-15.29.14:633][723]LogPlayLevel: PIE: Created PIE world by copying editor world from /Game/ThirdPersonBP/Maps/ThirdPersonExampleMap.ThirdPersonExampleMap to /Game/ThirdPersonBP/Maps/UEDPIE_0_ThirdPersonExampleMap.ThirdPersonExampleMap (0.046131s)
[2019.05.26-15.29.14:661][723]LogUObjectHash: Compacting FUObjectHashTables data took   1.08ms
[2019.05.26-15.29.14:670][723]LogInit: XAudio2 using 'Speakers/Headphones (Realtek(R) Audio)' : 6 channels at 48 kHz using 32 bits per sample (channel mask 0x3f)
[2019.05.26-15.29.14:722][723]LogInit: FAudioDevice initialized.
[2019.05.26-15.29.14:770][723]LogLoad: Game class is 'ThirdPersonGameMode_C'
[2019.05.26-15.29.14:781][723]LogWorld: Bringing World /Game/ThirdPersonBP/Maps/UEDPIE_0_ThirdPersonExampleMap.ThirdPersonExampleMap up for play (max tick rate 0) at 2019.05.26-10.29.14
[2019.05.26-15.29.14:786][723]LogWorld: Bringing up level for play took: 0.013728
[2019.05.26-15.29.14:801][723]LogGameMode: FindPlayerStart: PATHS NOT DEFINED or NO PLAYERSTART with positive rating
[2019.05.26-15.29.14:816][723]LogContentBrowser: Native class hierarchy updated for 'MovieSceneCapture' in 0.0007 seconds. Added 20 classes and 0 folders.
[2019.05.26-15.29.14:818][723]PIE: Play in editor start time for /Game/ThirdPersonBP/Maps/UEDPIE_0_ThirdPersonExampleMap -0.504
[2019.05.26-15.29.14:819][723]LogBlueprintUserMessages: Late PlayInEditor Detection: Level '/Game/ThirdPersonBP/Maps/ThirdPersonExampleMap.ThirdPersonExampleMap:PersistentLevel' has LevelScriptBlueprint '/Game/ThirdPersonBP/Maps/ThirdPersonExampleMap.ThirdPersonExampleMap:PersistentLevel.ThirdPersonExampleMap' with GeneratedClass '/Game/ThirdPersonBP/Maps/ThirdPersonExampleMap.ThirdPersonExampleMap_C' with ClassGeneratedBy '/Game/ThirdPersonBP/Maps/ThirdPersonExampleMap.ThirdPersonExampleMap:PersistentLevel.ThirdPersonExampleMap'
[2019.05.26-15.30.23:504][955]LogBlueprintUserMessages: Early EndPlayMap Detection: Level '/Game/ThirdPersonBP/Maps/ThirdPersonExampleMap.ThirdPersonExampleMap:PersistentLevel' has LevelScriptBlueprint '/Game/ThirdPersonBP/Maps/ThirdPersonExampleMap.ThirdPersonExampleMap:PersistentLevel.ThirdPersonExampleMap' with GeneratedClass '/Game/ThirdPersonBP/Maps/ThirdPersonExampleMap.ThirdPersonExampleMap_C' with ClassGeneratedBy '/Game/ThirdPersonBP/Maps/ThirdPersonExampleMap.ThirdPersonExampleMap:PersistentLevel.ThirdPersonExampleMap'
[2019.05.26-15.30.23:505][955]LogSlate: Updating window title bar state: overlay mode, drag disabled, window buttons hidden, title bar hidden
[2019.05.26-15.30.23:540][955]LogPlayLevel: Display: Shutting down PIE online subsystems
[2019.05.26-15.30.23:540][955]LogBlueprintUserMessages: Late EndPlayMap Detection: Level '/Game/ThirdPersonBP/Maps/ThirdPersonExampleMap.ThirdPersonExampleMap:PersistentLevel' has LevelScriptBlueprint '/Game/ThirdPersonBP/Maps/ThirdPersonExampleMap.ThirdPersonExampleMap:PersistentLevel.ThirdPersonExampleMap' with GeneratedClass '/Game/ThirdPersonBP/Maps/ThirdPersonExampleMap.ThirdPersonExampleMap_C' with ClassGeneratedBy '/Game/ThirdPersonBP/Maps/ThirdPersonExampleMap.ThirdPersonExampleMap:PersistentLevel.ThirdPersonExampleMap'
[2019.05.26-15.30.23:600][955]LogSlate: Updating window title bar state: overlay mode, drag disabled, window buttons hidden, title bar hidden
[2019.05.26-15.30.23:604][955]LogUObjectHash: Compacting FUObjectHashTables data took   1.61ms
[2019.05.26-15.30.23:620][956]LogPlayLevel: Display: Destroying online subsystem :Context_2
[2019.05.26-15.30.29:202][624]LogSlate: FSceneViewport::OnFocusLost() reason 0
[2019.05.26-15.30.29:337][637]LogUObjectHash: Compacting FUObjectHashTables data took   0.56ms
[2019.05.26-15.30.30:823][637]LogSlate: Window 'Save Content' being destroyed
[2019.05.26-15.30.30:901][637]LogSlate: Window 'UECivProj - Unreal Editor' being destroyed
[2019.05.26-15.30.31:135][638]Cmd: QUIT_EDITOR
[2019.05.26-15.30.31:471][638]LogWindowsTextInputMethodSystem: Display: IME system now deactivated.
[2019.05.26-15.30.31:484][638]LogExit: Preparing to exit.
[2019.05.26-15.30.31:751][638]LogExit: Editor shut down
[2019.05.26-15.30.31:752][638]LogExit: Transaction tracking system shut down
[2019.05.26-15.30.31:953][638]LogExit: Object subsystem successfully closed.
[2019.05.26-15.30.31:979][638]LogShaderCompilers: Display: Shaders left to compile 0
[2019.05.26-15.30.31:986][638]LogD3D11RHI: Shutdown
[2019.05.26-15.30.31:986][638]LogD3D11RHI: CleanupD3DDevice
[2019.05.26-15.30.31:987][638]LogRendererCore: FGlobalReadBuffer::ReleaseRHI
[2019.05.26-15.30.31:987][638]LogRendererCore: FGlobalDynamicReadBuffer::Cleanup()
[2019.05.26-15.30.31:987][638]LogRendererCore: FGlobalReadBuffer::ReleaseRHI
[2019.05.26-15.30.31:987][638]LogRendererCore: FGlobalDynamicReadBuffer::Cleanup()
[2019.05.26-15.30.31:988][638]LogRendererCore: FGlobalReadBuffer::ReleaseRHI
[2019.05.26-15.30.31:988][638]LogRendererCore: FGlobalDynamicReadBuffer::Cleanup()
[2019.05.26-15.30.32:087][638]LogD3D11RHI: ~FD3D11DynamicRHI
[2019.05.26-15.30.32:105][638]LogModuleManager: Shutting down and abandoning module MovieSceneCapture (646)
[2019.05.26-15.30.32:105][638]LogModuleManager: Shutting down and abandoning module Voice (644)
[2019.05.26-15.30.32:105][638]LogModuleManager: Shutting down and abandoning module HierarchicalLODOutliner (642)
[2019.05.26-15.30.32:105][638]LogModuleManager: Shutting down and abandoning module SceneOutliner (640)
[2019.05.26-15.30.32:105][638]LogModuleManager: Shutting down and abandoning module AddContentDialog (638)
[2019.05.26-15.30.32:106][638]LogModuleManager: Shutting down and abandoning module WidgetCarousel (637)
[2019.05.26-15.30.32:106][638]LogModuleManager: Shutting down and abandoning module EditorWidgets (634)
[2019.05.26-15.30.32:106][638]LogModuleManager: Shutting down and abandoning module CollectionManager (632)
[2019.05.26-15.30.32:106][638]LogModuleManager: Shutting down and abandoning module StatsViewer (630)
[2019.05.26-15.30.32:106][638]LogModuleManager: Shutting down and abandoning module FoliageEdit (628)
[2019.05.26-15.30.32:106][638]LogModuleManager: Shutting down and abandoning module LandscapeEditor (626)
[2019.05.26-15.30.32:106][638]LogModuleManager: Shutting down and abandoning module MeshPaintMode (624)
[2019.05.26-15.30.32:106][638]LogModuleManager: Shutting down and abandoning module SceneDepthPickerMode (622)
[2019.05.26-15.30.32:106][638]LogModuleManager: Shutting down and abandoning module ActorPickerMode (620)
[2019.05.26-15.30.32:106][638]LogModuleManager: Shutting down and abandoning module GeometryMode (618)
[2019.05.26-15.30.32:106][638]LogModuleManager: Shutting down and abandoning module TextureAlignMode (616)
[2019.05.26-15.30.32:106][638]LogModuleManager: Shutting down and abandoning module BspMode (614)
[2019.05.26-15.30.32:106][638]LogModuleManager: Shutting down and abandoning module PIEPreviewDeviceProfileSelector (612)
[2019.05.26-15.30.32:106][638]LogModuleManager: Shutting down and abandoning module SequenceRecorderSections (610)
[2019.05.26-15.30.32:106][638]LogModuleManager: Shutting down and abandoning module AutomationWorker (608)
[2019.05.26-15.30.32:106][638]LogModuleManager: Shutting down and abandoning module OculusMR (606)
[2019.05.26-15.30.32:106][638]LogModuleManager: Shutting down and abandoning module AudioCaptureEditor (604)
[2019.05.26-15.30.32:106][638]LogModuleManager: Shutting down and abandoning module MatineeToLevelSequence (602)
[2019.05.26-15.30.32:106][638]LogModuleManager: Shutting down and abandoning module LevelSequenceEditor (600)
[2019.05.26-15.30.32:106][638]LogModuleManager: Shutting down and abandoning module PlacementMode (599)
[2019.05.26-15.30.32:106][638]LogModuleManager: Shutting down and abandoning module MaterialEditor (598)
[2019.05.26-15.30.32:106][638]LogModuleManager: Shutting down and abandoning module ActorSequenceEditor (594)
[2019.05.26-15.30.32:106][638]LogModuleManager: Shutting down and abandoning module WmfMediaFactory (592)
[2019.05.26-15.30.32:106][638]LogModuleManager: Shutting down and abandoning module WmfMediaEditor (590)
[2019.05.26-15.30.32:106][638]LogModuleManager: Shutting down and abandoning module WebMMediaFactory (588)
[2019.05.26-15.30.32:106][638]LogModuleManager: Shutting down and abandoning module WebMMediaEditor (586)
[2019.05.26-15.30.32:106][638]LogModuleManager: Shutting down and abandoning module WebMMedia (584)
[2019.05.26-15.30.32:106][638]LogModuleManager: Shutting down and abandoning module MediaPlayerEditor (582)
[2019.05.26-15.30.32:106][638]LogModuleManager: Shutting down and abandoning module MediaCompositingEditor (580)
[2019.05.26-15.30.32:106][638]LogModuleManager: Shutting down and abandoning module SequenceRecorder (579)
[2019.05.26-15.30.32:106][638]LogModuleManager: Shutting down and abandoning module OpenExrWrapper (576)
[2019.05.26-15.30.32:106][638]LogModuleManager: Shutting down and abandoning module ImgMediaFactory (574)
[2019.05.26-15.30.32:106][638]LogModuleManager: Shutting down and abandoning module ImgMediaEditor (572)
[2019.05.26-15.30.32:106][638]LogModuleManager: Shutting down and abandoning module AvfMediaFactory (570)
[2019.05.26-15.30.32:106][638]LogModuleManager: Shutting down and abandoning module AvfMediaEditor (568)
[2019.05.26-15.30.32:106][638]LogModuleManager: Shutting down and abandoning module AndroidMediaFactory (566)
[2019.05.26-15.30.32:106][638]LogModuleManager: Shutting down and abandoning module AndroidMediaEditor (564)
[2019.05.26-15.30.32:106][638]LogModuleManager: Shutting down and abandoning module MagicLeapCameraPreviewFactory (562)
[2019.05.26-15.30.32:106][638]LogModuleManager: Shutting down and abandoning module MagicLeapMediaCodecFactory (560)
[2019.05.26-15.30.32:107][638]LogModuleManager: Shutting down and abandoning module MagicLeapMediaFactory (558)
[2019.05.26-15.30.32:107][638]LogModuleManager: Shutting down and abandoning module MagicLeapMediaEditor (556)
[2019.05.26-15.30.32:107][638]LogModuleManager: Shutting down and abandoning module CharacterAI (554)
[2019.05.26-15.30.32:107][638]LogModuleManager: Shutting down and abandoning module SmartSnapping (552)
[2019.05.26-15.30.32:107][638]LogModuleManager: Shutting down and abandoning module SessionServices (550)
[2019.05.26-15.30.32:107][638]LogModuleManager: Shutting down and abandoning module MeshPaint (548)
[2019.05.26-15.30.32:107][638]LogModuleManager: Shutting down and abandoning module ViewportSnapping (546)
[2019.05.26-15.30.32:107][638]LogModuleManager: Shutting down and abandoning module ViewportInteraction (544)
[2019.05.26-15.30.32:107][638]LogModuleManager: Shutting down and abandoning module ClothPainter (542)
[2019.05.26-15.30.32:107][638]LogModuleManager: Shutting down and abandoning module SkeletalMeshEditor (541)
[2019.05.26-15.30.32:107][638]LogModuleManager: Shutting down and abandoning module LogVisualizer (538)
[2019.05.26-15.30.32:107][638]LogModuleManager: Shutting down and abandoning module IntroTutorials (536)
[2019.05.26-15.30.32:107][638]LogModuleManager: Shutting down and abandoning module GameProjectGeneration (535)
[2019.05.26-15.30.32:107][638]LogModuleManager: Shutting down and abandoning module LuminPlatformEditor (532)
[2019.05.26-15.30.32:107][638]LogModuleManager: Shutting down and abandoning module IOSPlatformEditor (530)
[2019.05.26-15.30.32:107][638]LogModuleManager: Shutting down and abandoning module HTML5PlatformEditor (528)
[2019.05.26-15.30.32:107][638]LogModuleManager: Shutting down and abandoning module AndroidPlatformEditor (526)
[2019.05.26-15.30.32:107][638]LogModuleManager: Shutting down and abandoning module AndroidDeviceDetection (525)
[2019.05.26-15.30.32:337][638]LogModuleManager: Shutting down and abandoning module WindowsPlatformEditor (522)
[2019.05.26-15.30.32:337][638]LogModuleManager: Shutting down and abandoning module LuminRuntimeSettings (520)
[2019.05.26-15.30.32:337][638]LogModuleManager: Shutting down and abandoning module IOSRuntimeSettings (518)
[2019.05.26-15.30.32:337][638]LogModuleManager: Shutting down and abandoning module AndroidRuntimeSettings (516)
[2019.05.26-15.30.32:337][638]LogModuleManager: Shutting down and abandoning module TimeManagementEditor (514)
[2019.05.26-15.30.32:337][638]LogModuleManager: Shutting down and abandoning module InputBindingEditor (512)
[2019.05.26-15.30.32:337][638]LogModuleManager: Shutting down and abandoning module MergeActors (510)
[2019.05.26-15.30.32:337][638]LogModuleManager: Shutting down and abandoning module LocalizationDashboard (508)
[2019.05.26-15.30.32:337][638]LogModuleManager: Shutting down and abandoning module LocalizationService (507)
[2019.05.26-15.30.32:337][638]LogModuleManager: Shutting down and abandoning module HardwareTargeting (504)
[2019.05.26-15.30.32:338][638]LogModuleManager: Shutting down and abandoning module DeviceProfileEditor (502)
[2019.05.26-15.30.32:338][638]LogModuleManager: Shutting down and abandoning module UndoHistory (500)
[2019.05.26-15.30.32:338][638]LogModuleManager: Shutting down and abandoning module XmlParser (498)
[2019.05.26-15.30.32:338][638]LogModuleManager: Shutting down and abandoning module Blutility (496)
[2019.05.26-15.30.32:338][638]LogModuleManager: Shutting down and abandoning module ProjectSettingsViewer (494)
[2019.05.26-15.30.32:338][638]LogModuleManager: Shutting down and abandoning module ProjectTargetPlatformEditor (493)
[2019.05.26-15.30.32:338][638]LogModuleManager: Shutting down and abandoning module EditorSettingsViewer (490)
[2019.05.26-15.30.32:338][638]LogModuleManager: Shutting down and abandoning module SettingsEditor (488)
[2019.05.26-15.30.32:339][638]LogModuleManager: Shutting down and abandoning module ProjectLauncher (486)
[2019.05.26-15.30.32:339][638]LogModuleManager: Shutting down and abandoning module SessionFrontend (484)
[2019.05.26-15.30.32:339][638]LogModuleManager: Shutting down and abandoning module ProfilerClient (482)
[2019.05.26-15.30.32:339][638]LogModuleManager: Shutting down and abandoning module DeviceManager (480)
[2019.05.26-15.30.32:339][638]LogModuleManager: Shutting down and abandoning module TargetDeviceServices (479)
[2019.05.26-15.30.32:371][638]LogModuleManager: Shutting down and abandoning module AutomationController (476)
[2019.05.26-15.30.32:371][638]LogModuleManager: Shutting down and abandoning module AutomationWindow (474)
[2019.05.26-15.30.32:371][638]LogModuleManager: Shutting down and abandoning module Layers (472)
[2019.05.26-15.30.32:371][638]LogModuleManager: Shutting down and abandoning module ComponentVisualizers (470)
[2019.05.26-15.30.32:371][638]LogModuleManager: Shutting down and abandoning module DetailCustomizations (468)
[2019.05.26-15.30.32:372][638]LogModuleManager: Shutting down and abandoning module PackagesDialog (466)
[2019.05.26-15.30.32:372][638]LogModuleManager: Shutting down and abandoning module AnimationBlueprintEditor (464)
[2019.05.26-15.30.32:372][638]LogModuleManager: Shutting down and abandoning module Persona (462)
[2019.05.26-15.30.32:372][638]LogModuleManager: Shutting down and abandoning module AdvancedPreviewScene (461)
[2019.05.26-15.30.32:373][638]LogModuleManager: Shutting down and abandoning module AnimGraph (459)
[2019.05.26-15.30.32:373][638]LogModuleManager: Shutting down and abandoning module Kismet (456)
[2019.05.26-15.30.32:374][638]LogModuleManager: Shutting down and abandoning module GraphEditor (454)
[2019.05.26-15.30.32:374][638]LogModuleManager: Shutting down and abandoning module ClassViewer (452)
[2019.05.26-15.30.32:374][638]LogModuleManager: Shutting down and abandoning module Toolbox (450)
[2019.05.26-15.30.32:374][638]LogModuleManager: Shutting down and abandoning module ModuleUI (448)
[2019.05.26-15.30.32:374][638]LogModuleManager: Shutting down and abandoning module MovieSceneTools (446)
[2019.05.26-15.30.32:374][638]LogModuleManager: Shutting down and abandoning module OutputLog (444)
[2019.05.26-15.30.32:374][638]LogModuleManager: Shutting down and abandoning module GammaUI (442)
[2019.05.26-15.30.32:374][638]LogModuleManager: Shutting down and abandoning module Documentation (440)
[2019.05.26-15.30.32:374][638]LogModuleManager: Shutting down and abandoning module LiveCoding (438)
[2019.05.26-15.30.32:375][638]LogModuleManager: Shutting down and abandoning module LevelSequence (436)
[2019.05.26-15.30.32:375][638]LogModuleManager: Shutting down and abandoning module MovieSceneTracks (434)
[2019.05.26-15.30.32:375][638]LogModuleManager: Shutting down and abandoning module MovieScene (432)
[2019.05.26-15.30.32:375][638]LogModuleManager: Shutting down and abandoning module StreamingPauseRendering (430)
[2019.05.26-15.30.32:375][638]LogModuleManager: Shutting down and abandoning module LauncherPlatform (428)
[2019.05.26-15.30.32:375][638]LogModuleManager: Shutting down and abandoning module AnalyticsET (426)
[2019.05.26-15.30.32:375][638]LogModuleManager: Shutting down and abandoning module PortalServices (424)
[2019.05.26-15.30.32:375][638]LogModuleManager: Shutting down and abandoning module PortalRpc (422)
[2019.05.26-15.30.32:375][638]LogModuleManager: Shutting down and abandoning module MessagingRpc (420)
[2019.05.26-15.30.32:375][638]LogModuleManager: Shutting down and abandoning module AIModule (418)
[2019.05.26-15.30.32:375][638]LogModuleManager: Shutting down and abandoning module GameplayDebugger (417)
[2019.05.26-15.30.32:375][638]LogModuleManager: Shutting down and abandoning module AITestSuite (415)
[2019.05.26-15.30.32:376][638]LogModuleManager: Shutting down and abandoning module NavigationSystem (413)
[2019.05.26-15.30.32:376][638]LogModuleManager: Shutting down and abandoning module DesktopPlatform (410)
[2019.05.26-15.30.32:376][638]LogModuleManager: Shutting down and abandoning module ImageWriteQueue (408)
[2019.05.26-15.30.32:385][638]LogModuleManager: Shutting down and abandoning module ProfilerService (406)
[2019.05.26-15.30.32:616][638]LogModuleManager: Shutting down and abandoning module TaskGraph (404)
[2019.05.26-15.30.32:616][638]LogModuleManager: Shutting down and abandoning module SteamVRController (402)
[2019.05.26-15.30.32:616][638]LogModuleManager: Shutting down and abandoning module ProceduralMeshComponentEditor (400)
[2019.05.26-15.30.32:616][638]LogModuleManager: Shutting down and abandoning module ProceduralMeshComponent (398)
[2019.05.26-15.30.32:616][638]LogModuleManager: Shutting down and abandoning module OculusEditor (396)
[2019.05.26-15.30.32:616][638]LogModuleManager: Shutting down and abandoning module OculusInput (394)
[2019.05.26-15.30.32:616][638]LogModuleManager: Shutting down and abandoning module MobilePatchingUtils (392)
[2019.05.26-15.30.32:616][638]LogModuleManager: Shutting down and abandoning module EditableMesh (390)
[2019.05.26-15.30.32:616][638]LogModuleManager: Shutting down and abandoning module CustomMeshComponent (388)
[2019.05.26-15.30.32:618][638]LogModuleManager: Shutting down and abandoning module CableComponent (386)
[2019.05.26-15.30.32:618][638]LogModuleManager: Shutting down and abandoning module AudioCapture (384)
[2019.05.26-15.30.32:618][638]LogModuleManager: Shutting down and abandoning module ArchVisCharacter (382)
[2019.05.26-15.30.32:618][638]LogModuleManager: Shutting down and abandoning module AndroidPermission (380)
[2019.05.26-15.30.32:618][638]LogModuleManager: Shutting down and abandoning module NUTUnrealEngine4 (378)
[2019.05.26-15.30.32:618][638]LogModuleManager: Shutting down and abandoning module NetcodeUnitTest (376)
[2019.05.26-15.30.32:618][638]LogModuleManager: Shutting down and abandoning module MediaCompositing (374)
[2019.05.26-15.30.32:618][638]LogModuleManager: Shutting down and abandoning module LinearTimecode (372)
[2019.05.26-15.30.32:618][638]LogModuleManager: Shutting down and abandoning module ImgMedia (370)
[2019.05.26-15.30.32:618][638]LogModuleManager: Shutting down and abandoning module MagicLeapHelperVulkan (368)
[2019.05.26-15.30.32:618][638]LogModuleManager: Shutting down and abandoning module MagicLeapHelperOpenGL (366)
[2019.05.26-15.30.32:618][638]LogModuleManager: Shutting down and abandoning module MagicLeapAudio (364)
[2019.05.26-15.30.32:618][638]LogModuleManager: Shutting down and abandoning module HTML5Networking (362)
[2019.05.26-15.30.32:618][638]LogModuleManager: Shutting down and abandoning module GeometryCacheTracks (360)
[2019.05.26-15.30.32:618][638]LogModuleManager: Shutting down and abandoning module GeometryCacheSequencer (358)
[2019.05.26-15.30.32:618][638]LogModuleManager: Shutting down and abandoning module BackChannel (356)
[2019.05.26-15.30.32:619][638]LogModuleManager: Shutting down and abandoning module AppleVision (354)
[2019.05.26-15.30.32:619][638]LogModuleManager: Shutting down and abandoning module AppleImageUtilsBlueprintSupport (352)
[2019.05.26-15.30.32:619][638]LogModuleManager: Shutting down and abandoning module AppleImageUtils (350)
[2019.05.26-15.30.32:619][638]LogModuleManager: Shutting down and abandoning module AlembicImporter (348)
[2019.05.26-15.30.32:619][638]LogModuleManager: Shutting down and abandoning module AlembicLibrary (347)
[2019.05.26-15.30.32:619][638]LogModuleManager: Shutting down and abandoning module GeometryCache (346)
[2019.05.26-15.30.32:619][638]LogModuleManager: Shutting down and abandoning module GeometryCacheEd (345)
[2019.05.26-15.30.32:619][638]LogModuleManager: Shutting down and abandoning module VariantManagerContent (340)
[2019.05.26-15.30.32:619][638]LogModuleManager: Shutting down and abandoning module DatasmithContentEditor (338)
[2019.05.26-15.30.32:619][638]LogModuleManager: Shutting down and abandoning module SpeedTreeImporter (336)
[2019.05.26-15.30.32:619][638]LogModuleManager: Shutting down and abandoning module PluginBrowser (334)
[2019.05.26-15.30.32:619][638]LogModuleManager: Shutting down and abandoning module MobileLauncherProfileWizard (332)
[2019.05.26-15.30.32:619][638]LogModuleManager: Shutting down and abandoning module MaterialAnalyzer (330)
[2019.05.26-15.30.32:619][638]LogModuleManager: Shutting down and abandoning module CryptoKeysOpenSSL (328)
[2019.05.26-15.30.32:619][638]LogModuleManager: Shutting down and abandoning module CryptoKeys (326)
[2019.05.26-15.30.32:619][638]LogModuleManager: Shutting down and abandoning module VisualStudioSourceCodeAccess (324)
[2019.05.26-15.30.32:619][638]LogModuleManager: Shutting down and abandoning module VisualStudioCodeSourceCodeAccess (322)
[2019.05.26-15.30.32:619][638]LogModuleManager: Shutting down and abandoning module UObjectPlugin (320)
[2019.05.26-15.30.32:619][638]LogModuleManager: Shutting down and abandoning module SubversionSourceControl (318)
[2019.05.26-15.30.32:619][638]LogModuleManager: Shutting down and abandoning module PerforceSourceControl (316)
[2019.05.26-15.30.32:619][638]LogModuleManager: Shutting down and abandoning module GitSourceControl (314)
[2019.05.26-15.30.32:619][638]LogModuleManager: Shutting down and abandoning module SourceControl (313)
[2019.05.26-15.30.32:620][638]LogModuleManager: Shutting down and abandoning module CLionSourceCodeAccess (310)
[2019.05.26-15.30.32:620][638]LogModuleManager: Shutting down and abandoning module AnimationSharingEd (308)
[2019.05.26-15.30.32:620][638]LogModuleManager: Shutting down and abandoning module ActorLayerUtilitiesEditor (306)
[2019.05.26-15.30.32:620][638]LogModuleManager: Shutting down and abandoning module ActorLayerUtilities (304)
[2019.05.26-15.30.32:620][638]LogModuleManager: Shutting down and abandoning module LightPropagationVolumeEditor (302)
[2019.05.26-15.30.32:620][638]LogModuleManager: Shutting down and abandoning module PaperTiledImporter (300)
[2019.05.26-15.30.32:620][638]LogModuleManager: Shutting down and abandoning module PaperSpriteSheetImporter (298)
[2019.05.26-15.30.32:620][638]LogModuleManager: Shutting down and abandoning module Paper2DEditor (296)
[2019.05.26-15.30.32:620][638]LogModuleManager: Shutting down and abandoning module SignificanceManager (294)
[2019.05.26-15.30.32:620][638]LogModuleManager: Shutting down and abandoning module RuntimePhysXCooking (292)
[2019.05.26-15.30.32:620][638]LogModuleManager: Shutting down and abandoning module PhysXVehiclesEditor (290)
[2019.05.26-15.30.32:620][638]LogModuleManager: Shutting down and abandoning module PhysXVehicles (288)
[2019.05.26-15.30.32:620][638]LogModuleManager: Shutting down and abandoning module LocationServicesBPLibrary (286)
[2019.05.26-15.30.32:620][638]LogModuleManager: Shutting down and abandoning module ActorSequence (284)
[2019.05.26-15.30.32:621][638]LogModuleManager: Shutting down and abandoning module UdpMessaging (282)
[2019.05.26-15.30.32:722][638]LogModuleManager: Shutting down and abandoning module TcpMessaging (280)
[2019.05.26-15.30.32:822][638]LogModuleManager: Shutting down and abandoning module MagicLeapIdentity (278)
[2019.05.26-15.30.32:822][638]LogModuleManager: Shutting down and abandoning module MagicLeapSecureStorage (276)
[2019.05.26-15.30.32:822][638]LogModuleManager: Shutting down and abandoning module MagicLeapHandTracking (274)
[2019.05.26-15.30.32:822][638]LogModuleManager: Shutting down and abandoning module MagicLeapEyeTracker (272)
[2019.05.26-15.30.32:822][638]LogModuleManager: Shutting down and abandoning module MagicLeapController (270)
[2019.05.26-15.30.32:822][638]LogSlate: Slate User Destroyed.  User Index 0, Is Virtual User: 0
[2019.05.26-15.30.32:822][638]LogModuleManager: Shutting down and abandoning module MagicLeapAR (268)
[2019.05.26-15.30.32:822][638]LogModuleManager: Shutting down and abandoning module AugmentedReality (267)
[2019.05.26-15.30.32:823][638]LogModuleManager: Shutting down and abandoning module GameplayTagsEditor (264)
[2019.05.26-15.30.32:823][638]LogModuleManager: Shutting down and abandoning module FacialAnimationEditor (262)
[2019.05.26-15.30.32:823][638]LogModuleManager: Shutting down and abandoning module FacialAnimation (260)
[2019.05.26-15.30.32:823][638]LogModuleManager: Shutting down and abandoning module DataValidation (258)
[2019.05.26-15.30.32:823][638]LogModuleManager: Shutting down and abandoning module AssetManagerEditor (256)
[2019.05.26-15.30.32:823][638]LogModuleManager: Shutting down and abandoning module LevelEditor (255)
[2019.05.26-15.30.32:825][638]LogModuleManager: Shutting down and abandoning module PixelInspectorModule (254)
[2019.05.26-15.30.32:825][638]LogModuleManager: Shutting down and abandoning module CommonMenuExtensions (252)
[2019.05.26-15.30.32:826][638]LogModuleManager: Shutting down and abandoning module MainFrame (250)
[2019.05.26-15.30.32:826][638]LogModuleManager: Shutting down and abandoning module HotReload (249)
[2019.05.26-15.30.32:827][638]LogModuleManager: Shutting down and abandoning module ContentBrowser (245)
[2019.05.26-15.30.32:829][638]LogModuleManager: Shutting down and abandoning module TreeMap (243)
[2019.05.26-15.30.32:829][638]LogModuleManager: Shutting down and abandoning module AnimationSharing (240)
[2019.05.26-15.30.32:829][638]LogModuleManager: Shutting down and abandoning module LightPropagationVolumeRuntime (238)
[2019.05.26-15.30.32:829][638]LogModuleManager: Shutting down and abandoning module AISupportModule (236)
[2019.05.26-15.30.32:829][638]LogModuleManager: Shutting down and abandoning module Paper2D (234)
[2019.05.26-15.30.32:829][638]LogModuleManager: Shutting down and abandoning module WindowsMoviePlayer (232)
[2019.05.26-15.30.32:829][638]LogModuleManager: Shutting down and abandoning module WebMMoviePlayer (230)
[2019.05.26-15.30.32:830][638]LogModuleManager: Shutting down and abandoning module PacketHandler (228)
[2019.05.26-15.30.32:830][638]LogModuleManager: Shutting down and abandoning module ClothingSystemEditor (226)
[2019.05.26-15.30.32:830][638]LogModuleManager: Shutting down and abandoning module ClothingSystemRuntime (224)
[2019.05.26-15.30.32:830][638]LogModuleManager: Shutting down and abandoning module MediaAssets (222)
[2019.05.26-15.30.32:830][638]LogModuleManager: Shutting down and abandoning module Overlay (220)
[2019.05.26-15.30.32:830][638]LogModuleManager: Shutting down and abandoning module OverlayEditor (219)
[2019.05.26-15.30.32:830][638]LogModuleManager: Shutting down and abandoning module VREditor (216)
[2019.05.26-15.30.32:830][638]LogModuleManager: Shutting down and abandoning module StringTableEditor (214)
[2019.05.26-15.30.32:830][638]LogModuleManager: Shutting down and abandoning module GameplayTasksEditor (212)
[2019.05.26-15.30.32:830][638]LogModuleManager: Shutting down and abandoning module BehaviorTreeEditor (210)
[2019.05.26-15.30.32:830][638]LogModuleManager: Shutting down and abandoning module FunctionalTesting (208)
[2019.05.26-15.30.32:830][638]LogModuleManager: Shutting down and abandoning module CollisionAnalyzer (206)
[2019.05.26-15.30.32:831][638]LogModuleManager: Shutting down and abandoning module WorkspaceMenuStructure (205)
[2019.05.26-15.30.32:831][638]LogModuleManager: Shutting down and abandoning module UMG (202)
[2019.05.26-15.30.32:831][638]LogModuleManager: Shutting down and abandoning module UMGEditor (201)
[2019.05.26-15.30.32:831][638]LogModuleManager: Shutting down and abandoning module Sequencer (200)
[2019.05.26-15.30.32:831][638]LogModuleManager: Shutting down and abandoning module MessageLog (197)
[2019.05.26-15.30.32:831][638]LogModuleManager: Shutting down and abandoning module SlateReflector (192)
[2019.05.26-15.30.32:831][638]LogModuleManager: Shutting down and abandoning module Slate (190)
[2019.05.26-15.30.32:832][638]LogModuleManager: Shutting down and abandoning module EditorStyle (188)
[2019.05.26-15.30.32:837][638]LogModuleManager: Shutting down and abandoning module UnrealEd (186)
[2019.05.26-15.30.32:837][638]LogModuleManager: Shutting down and abandoning module MRMesh (184)
[2019.05.26-15.30.32:837][638]LogModuleManager: Shutting down and abandoning module SourceCodeAccess (182)
[2019.05.26-15.30.32:837][638]LogModuleManager: Shutting down and abandoning module HeadMountedDisplay (180)
[2019.05.26-15.30.32:837][638]LogModuleManager: Shutting down and abandoning module XAudio2 (178)
[2019.05.26-15.30.32:837][638]LogModuleManager: Shutting down and abandoning module Networking (176)
[2019.05.26-15.30.32:837][638]LogModuleManager: Shutting down and abandoning module Core (174)
[2019.05.26-15.30.32:837][638]LogModuleManager: Shutting down and abandoning module KismetCompiler (172)
[2019.05.26-15.30.32:837][638]LogModuleManager: Shutting down and abandoning module MeshUtilities (170)
[2019.05.26-15.30.32:837][638]LogModuleManager: Shutting down and abandoning module MeshMergeUtilities (169)
[2019.05.26-15.30.32:837][638]LogModuleManager: Shutting down and abandoning module MeshReductionInterface (168)
[2019.05.26-15.30.32:837][638]LogModuleManager: Shutting down and abandoning module SkeletalMeshReduction (167)
[2019.05.26-15.30.32:838][638]LogModuleManager: Shutting down and abandoning module ProxyLODMeshReduction (165)
[2019.05.26-15.30.32:838][638]LogModuleManager: Shutting down and abandoning module QuadricMeshReduction (163)
[2019.05.26-15.30.32:838][638]LogModuleManager: Shutting down and abandoning module MaterialBaking (159)
[2019.05.26-15.30.32:838][638]LogModuleManager: Shutting down and abandoning module DerivedDataCache (154)
[2019.05.26-15.30.32:914][638]LogDerivedDataCache: Shutdown
[2019.05.26-15.30.32:914][638]LogModuleManager: Shutting down and abandoning module XGEController (152)
[2019.05.26-15.30.32:914][638]LogModuleManager: Shutting down and abandoning module TargetPlatform (150)
[2019.05.26-15.30.32:914][638]LogModuleManager: Shutting down and abandoning module VulkanShaderFormat (149)
[2019.05.26-15.30.32:914][638]LogModuleManager: Shutting down and abandoning module ShaderFormatVectorVM (147)
[2019.05.26-15.30.32:914][638]LogModuleManager: Shutting down and abandoning module ShaderFormatOpenGL (145)
[2019.05.26-15.30.32:914][638]LogModuleManager: Shutting down and abandoning module ShaderFormatD3D (143)
[2019.05.26-15.30.32:914][638]LogModuleManager: Shutting down and abandoning module MetalShaderFormat (141)
[2019.05.26-15.30.32:915][638]LogModuleManager: Shutting down and abandoning module TextureFormatUncompressed (139)
[2019.05.26-15.30.32:915][638]LogModuleManager: Shutting down and abandoning module TextureFormatPVR (137)
[2019.05.26-15.30.32:915][638]LogModuleManager: Shutting down and abandoning module TextureFormatDXT (135)
[2019.05.26-15.30.32:915][638]LogModuleManager: Shutting down and abandoning module TextureFormatIntelISPCTexComp (133)
[2019.05.26-15.30.32:915][638]LogModuleManager: Shutting down and abandoning module TextureFormatASTC (131)
[2019.05.26-15.30.32:915][638]LogModuleManager: Shutting down and abandoning module ImageWrapper (130)
[2019.05.26-15.30.32:915][638]LogModuleManager: Shutting down and abandoning module TextureFormatAndroid (127)
[2019.05.26-15.30.32:915][638]LogModuleManager: Shutting down and abandoning module AudioFormatOpus (125)
[2019.05.26-15.30.32:916][638]LogModuleManager: Shutting down and abandoning module AudioFormatOgg (123)
[2019.05.26-15.30.32:916][638]LogModuleManager: Shutting down and abandoning module AudioFormatADPCM (121)
[2019.05.26-15.30.32:916][638]LogModuleManager: Shutting down and abandoning module LuminTargetPlatform (119)
[2019.05.26-15.30.32:918][638]LogModuleManager: Shutting down and abandoning module LinuxTargetPlatform (117)
[2019.05.26-15.30.32:918][638]LogModuleManager: Shutting down and abandoning module LinuxServerTargetPlatform (115)
[2019.05.26-15.30.32:918][638]LogModuleManager: Shutting down and abandoning module LinuxNoEditorTargetPlatform (113)
[2019.05.26-15.30.32:918][638]LogModuleManager: Shutting down and abandoning module LinuxClientTargetPlatform (111)
[2019.05.26-15.30.32:918][638]LogModuleManager: Shutting down and abandoning module TVOSTargetPlatform (109)
[2019.05.26-15.30.32:920][638]LogModuleManager: Shutting down and abandoning module Messaging (107)
[2019.05.26-15.30.32:920][638]LogModuleManager: Shutting down and abandoning module IOSTargetPlatform (105)
[2019.05.26-15.30.32:922][638]LogModuleManager: Shutting down and abandoning module HTML5TargetPlatform (103)
[2019.05.26-15.30.32:922][638]LogModuleManager: Shutting down and abandoning module AndroidTargetPlatform (101)
[2019.05.26-15.30.32:938][638]LogModuleManager: Shutting down and abandoning module WindowsTargetPlatform (99)
[2019.05.26-15.30.32:938][638]LogModuleManager: Shutting down and abandoning module WindowsServerTargetPlatform (97)
[2019.05.26-15.30.32:938][638]LogModuleManager: Shutting down and abandoning module WindowsNoEditorTargetPlatform (95)
[2019.05.26-15.30.32:938][638]LogModuleManager: Shutting down and abandoning module WindowsClientTargetPlatform (93)
[2019.05.26-15.30.32:938][638]LogModuleManager: Shutting down and abandoning module MacTargetPlatform (91)
[2019.05.26-15.30.32:938][638]LogModuleManager: Shutting down and abandoning module MacServerTargetPlatform (89)
[2019.05.26-15.30.32:938][638]LogModuleManager: Shutting down and abandoning module MacNoEditorTargetPlatform (87)
[2019.05.26-15.30.32:938][638]LogModuleManager: Shutting down and abandoning module MacClientTargetPlatform (85)
[2019.05.26-15.30.32:939][638]LogModuleManager: Shutting down and abandoning module AllDesktopTargetPlatform (83)
[2019.05.26-15.30.32:939][638]LogModuleManager: Shutting down and abandoning module InputCore (80)
[2019.05.26-15.30.32:939][638]LogModuleManager: Shutting down and abandoning module Settings (78)
[2019.05.26-15.30.32:939][638]LogModuleManager: Shutting down and abandoning module DirectoryWatcher (76)
[2019.05.26-15.30.32:939][638]LogModuleManager: Shutting down and abandoning module PhysXCooking (74)
[2019.05.26-15.30.32:940][638]LogModuleManager: Shutting down and abandoning module SteamVR (72)
[2019.05.26-15.30.32:940][638]LogHMD: Freeing OpenVRDLLHandle.
[2019.05.26-15.30.32:940][638]LogModuleManager: Shutting down and abandoning module OculusHMD (70)
[2019.05.26-15.30.32:940][638]LogModuleManager: Shutting down and abandoning module ExampleDeviceProfileSelector (68)
[2019.05.26-15.30.32:940][638]LogModuleManager: Shutting down and abandoning module LauncherChunkInstaller (66)
[2019.05.26-15.30.32:940][638]LogModuleManager: Shutting down and abandoning module OnlineBlueprintSupport (64)
[2019.05.26-15.30.32:940][638]LogModuleManager: Shutting down and abandoning module OnlineSubsystem (60)
[2019.05.26-15.30.32:942][638]LogModuleManager: Shutting down and abandoning module XMPP (55)
[2019.05.26-15.30.32:942][638]LogModuleManager: Shutting down and abandoning module WebSockets (54)
[2019.05.26-15.30.32:963][638]LogModuleManager: Shutting down and abandoning module HTTP (51)
[2019.05.26-15.30.32:964][638]LogHttp: Display: Http module shutting down, but needs to wait on 1 outstanding Http requests:
[2019.05.26-15.30.32:964][638]LogHttp: Display: 	verb=[POST] url=[https://datarouter.ol.epicgames.com/datarouter/api/v1/public/data?SessionID=%7B573A8E10-4B00-1271-F43B-C48B2F084F5E%7D&AppID=UEEditor.Rocket.Release&AppVersion=4.22.2-6574378%2B%2B%2BUE4%2BRelease-4.22&UserID=6c7d8b154847e0d943bdaa9613c92ccc%7C2c3f660348f142dbb50669017df506cd%7Cd013f863-4fad-439c-9df5-3e8997a58154&AppEnvironment=datacollector-binary&UploadType=eteventstream] status=Processing
[2019.05.26-15.30.32:974][638]LogModuleManager: Shutting down and abandoning module SSL (50)
[2019.05.26-15.30.32:978][638]LogModuleManager: Shutting down and abandoning module WmfMedia (46)
[2019.05.26-15.30.32:982][638]LogModuleManager: Shutting down and abandoning module Media (45)
[2019.05.26-15.30.32:990][638]LogModuleManager: Shutting down and abandoning module MagicLeap (42)
[2019.05.26-15.30.32:990][638]LogModuleManager: Shutting down and abandoning module DatasmithContent (40)
[2019.05.26-15.30.32:991][638]LogModuleManager: Shutting down and abandoning module AnimationModifiers (38)
[2019.05.26-15.30.32:991][638]LogModuleManager: Shutting down and abandoning module PropertyEditor (37)
[2019.05.26-15.30.32:991][638]LogModuleManager: Shutting down and abandoning module AudioEditor (34)
[2019.05.26-15.30.32:992][638]LogModuleManager: Shutting down and abandoning module TextureCompressor (32)
[2019.05.26-15.30.32:992][638]LogModuleManager: Shutting down and abandoning module RenderCore (30)
[2019.05.26-15.30.32:992][638]LogModuleManager: Shutting down and abandoning module Landscape (28)
[2019.05.26-15.30.32:993][638]LogModuleManager: Shutting down and abandoning module SlateRHIRenderer (26)
[2019.05.26-15.30.32:993][638]LogModuleManager: Shutting down and abandoning module OpenGLDrv (24)
[2019.05.26-15.30.32:993][638]LogModuleManager: Shutting down and abandoning module D3D11RHI (22)
[2019.05.26-15.30.32:994][638]LogModuleManager: Shutting down and abandoning module AnimGraphRuntime (20)
[2019.05.26-15.30.32:994][638]LogModuleManager: Shutting down and abandoning module Renderer (18)
[2019.05.26-15.30.32:994][638]LogModuleManager: Shutting down and abandoning module Engine (16)
[2019.05.26-15.30.32:994][638]LogModuleManager: Shutting down and abandoning module CoreUObject (14)
[2019.05.26-15.30.32:994][638]LogModuleManager: Shutting down and abandoning module NetworkFile (12)
[2019.05.26-15.30.32:994][638]LogModuleManager: Shutting down and abandoning module CookedIterativeFile (10)
[2019.05.26-15.30.32:994][638]LogModuleManager: Shutting down and abandoning module StreamingFile (8)
[2019.05.26-15.30.32:994][638]LogModuleManager: Shutting down and abandoning module SandboxFile (6)
[2019.05.26-15.30.32:994][638]LogModuleManager: Shutting down and abandoning module PakFile (4)
[2019.05.26-15.30.32:994][638]LogModuleManager: Shutting down and abandoning module RSA (3)
[2019.05.26-15.30.33:035][638]LogExit: Exiting.
[2019.05.26-15.30.33:048][638]Log file closed, 05/26/19 10:30:33
