Log file open, 05/22/19 21:14:17
LogWindows: Failed to load 'aqProf.dll' (GetLastError=126)
LogWindows: File 'aqProf.dll' does not exist
LogWindows: Failed to load 'VtuneApi.dll' (GetLastError=126)
LogWindows: File 'VtuneApi.dll' does not exist
LogWindows: Failed to load 'VtuneApi32e.dll' (GetLastError=126)
LogWindows: File 'VtuneApi32e.dll' does not exist
LogConsoleResponse: Display: Failed to find resolution value strings in scalability ini. Falling back to default.
LogInit: Display: Running engine for game: UECivProj
LogPakFile: Registered encryption key '00000000000000000000000000000000': 0 pak files mounted, 0 remain pending
LogPlatformFile: Not using cached read wrapper
LogTaskGraph: Started task graph with 5 named threads and 35 total threads with 3 sets of task threads.
LogStats: Stats thread started at 0.389712
LogD3D11RHI: Loaded GFSDK_Aftermath_Lib.x64.dll
LogICUInternationalization: ICU TimeZone Detection - Raw Offset: -6:00, Platform Override: ''
LogPluginManager: Mounting plugin Paper2D
LogPluginManager: Mounting plugin AISupport
LogPluginManager: Mounting plugin LightPropagationVolume
LogPluginManager: Mounting plugin ActorLayerUtilities
LogPluginManager: Mounting plugin AnimationSharing
LogPluginManager: Mounting plugin CLionSourceCodeAccess
LogPluginManager: Mounting plugin CodeLiteSourceCodeAccess
LogPluginManager: Mounting plugin GitSourceControl
LogPluginManager: Mounting plugin KDevelopSourceCodeAccess
LogPluginManager: Mounting plugin NullSourceCodeAccess
LogPluginManager: Mounting plugin PerforceSourceControl
LogPluginManager: Mounting plugin SubversionSourceControl
LogPluginManager: Mounting plugin UObjectPlugin
LogPluginManager: Mounting plugin VisualStudioCodeSourceCodeAccess
LogPluginManager: Mounting plugin VisualStudioSourceCodeAccess
LogPluginManager: Mounting plugin XCodeSourceCodeAccess
LogPluginManager: Mounting plugin AssetManagerEditor
LogPluginManager: Mounting plugin CryptoKeys
LogPluginManager: Mounting plugin DataValidation
LogPluginManager: Mounting plugin FacialAnimation
LogPluginManager: Mounting plugin GameplayTagsEditor
LogPluginManager: Mounting plugin MacGraphicsSwitching
LogPluginManager: Mounting plugin MaterialAnalyzer
LogPluginManager: Mounting plugin MobileLauncherProfileWizard
LogPluginManager: Mounting plugin PluginBrowser
LogPluginManager: Mounting plugin SpeedTreeImporter
LogPluginManager: Mounting plugin DatasmithContent
LogPluginManager: Mounting plugin VariantManagerContent
LogPluginManager: Mounting plugin AlembicImporter
LogPluginManager: Mounting plugin AppleImageUtils
LogPluginManager: Mounting plugin AppleVision
LogPluginManager: Mounting plugin BackChannel
LogPluginManager: Mounting plugin CharacterAI
LogPluginManager: Mounting plugin GeometryCache
LogPluginManager: Mounting plugin HTML5Networking
LogPluginManager: Mounting plugin ProxyLODPlugin
LogPluginManager: Mounting plugin SkeletalReduction
LogPluginManager: Mounting plugin MagicLeap
LogPluginManager: Mounting plugin MagicLeapMedia
LogPluginManager: Mounting plugin AndroidMedia
LogPluginManager: Mounting plugin AvfMedia
LogPluginManager: Mounting plugin ImgMedia
LogPluginManager: Mounting plugin LinearTimecode
LogPluginManager: Mounting plugin MediaCompositing
LogPluginManager: Mounting plugin MediaPlayerEditor
LogPluginManager: Mounting plugin WebMMedia
LogPluginManager: Mounting plugin WmfMedia
LogPluginManager: Mounting plugin TcpMessaging
LogPluginManager: Mounting plugin UdpMessaging
LogPluginManager: Mounting plugin ActorSequence
LogPluginManager: Mounting plugin LevelSequenceEditor
LogPluginManager: Mounting plugin MatineeToLevelSequence
LogPluginManager: Mounting plugin NetcodeUnitTest
LogPluginManager: Mounting plugin NUTUnrealEngine4
LogPluginManager: Mounting plugin OnlineSubsystemGooglePlay
LogPluginManager: Mounting plugin OnlineSubsystemIOS
LogPluginManager: Mounting plugin OnlineSubsystem
LogPluginManager: Mounting plugin OnlineSubsystemNull
LogPluginManager: Mounting plugin OnlineSubsystemUtils
LogPluginManager: Mounting plugin LauncherChunkInstaller
LogPluginManager: Mounting plugin AndroidDeviceProfileSelector
LogPluginManager: Mounting plugin AndroidMoviePlayer
LogPluginManager: Mounting plugin AndroidPermission
LogPluginManager: Mounting plugin AppleMoviePlayer
LogPluginManager: Mounting plugin ArchVisCharacter
LogPluginManager: Mounting plugin AudioCapture
LogPluginManager: Mounting plugin CableComponent
LogPluginManager: Mounting plugin CustomMeshComponent
LogPluginManager: Mounting plugin EditableMesh
LogPluginManager: Mounting plugin ExampleDeviceProfileSelector
LogPluginManager: Mounting plugin Firebase
LogPluginManager: Mounting plugin GoogleCloudMessaging
LogPluginManager: Mounting plugin IOSDeviceProfileSelector
LogPluginManager: Mounting plugin LinuxDeviceProfileSelector
LogPluginManager: Mounting plugin LocationServicesBPLibrary
LogPluginManager: Mounting plugin MobilePatchingUtils
LogPluginManager: Mounting plugin OculusVR
LogPluginManager: Mounting plugin PhysXVehicles
LogPluginManager: Mounting plugin ProceduralMeshComponent
LogPluginManager: Mounting plugin RuntimePhysXCooking
LogPluginManager: Mounting plugin SignificanceManager
LogPluginManager: Mounting plugin SteamVR
LogPluginManager: Mounting plugin WebMMoviePlayer
LogPluginManager: Mounting plugin WindowsMoviePlayer
LogInit: Using libcurl 7.55.1-DEV
LogInit:  - built for x86_64-pc-win32
LogInit:  - supports SSL with OpenSSL/1.1.1
LogInit:  - supports HTTP deflate (compression) using libz 1.2.8
LogInit:  - other features:
LogInit:      CURL_VERSION_SSL
LogInit:      CURL_VERSION_LIBZ
LogInit:      CURL_VERSION_IPV6
LogInit:      CURL_VERSION_ASYNCHDNS
LogInit:      CURL_VERSION_LARGEFILE
LogInit:      CURL_VERSION_IDN
LogInit:  CurlRequestOptions (configurable via config and command line):
LogInit:  - bVerifyPeer = true  - Libcurl will verify peer certificate
LogInit:  - bUseHttpProxy = false  - Libcurl will NOT use HTTP proxy
LogInit:  - bDontReuseConnections = false  - Libcurl will reuse connections
LogInit:  - MaxHostConnections = 16  - Libcurl will limit the number of connections to a host
LogInit:  - LocalHostAddr = Default
LogInit:  - BufferSize = 65536
LogInit: WinSock: version 1.1 (2.2), MaxSocks=32767, MaxUdp=65467
LogInit: Build: ++UE4+Release-4.22-CL-6574378
LogInit: Engine Version: 4.22.2-6574378+++UE4+Release-4.22
LogInit: Compatible Engine Version: 4.22.0-5660361+++UE4+Release-4.22
LogInit: Net CL: 5660361
LogInit: OS: Windows 10 (Release 1809) (), CPU: Intel(R) Core(TM) i9-8950HK CPU @ 2.90GHz, GPU: NVIDIA GeForce GTX 1080 with Max-Q Design
LogInit: Compiled (64-bit): May 20 2019 09:54:56
LogInit: Compiled with Visual C++: 19.16.27025.01
LogInit: Build Configuration: Development
LogInit: Branch Name: ++UE4+Release-4.22
LogInit: Command Line: 
LogInit: Base Directory: C:/Program Files/Epic Games/UE_4.22/Engine/Binaries/Win64/
LogInit: Installed Engine Build: 1
LogDevObjectVersion: Number of dev versions registered: 23
LogDevObjectVersion:   Dev-Blueprints (B0D832E4-1F89-4F0D-ACCF-7EB736FD4AA2): 10
LogDevObjectVersion:   Dev-Build (E1C64328-A22C-4D53-A36C-8E866417BD8C): 0
LogDevObjectVersion:   Dev-Core (375EC13C-06E4-48FB-B500-84F0262A717E): 3
LogDevObjectVersion:   Dev-Editor (E4B068ED-F494-42E9-A231-DA0B2E46BB41): 30
LogDevObjectVersion:   Dev-Framework (CFFC743F-43B0-4480-9391-14DF171D2073): 35
LogDevObjectVersion:   Dev-Mobile (B02B49B5-BB20-44E9-A304-32B752E40360): 2
LogDevObjectVersion:   Dev-Networking (A4E4105C-59A1-49B5-A7C5-40C4547EDFEE): 0
LogDevObjectVersion:   Dev-Online (39C831C9-5AE6-47DC-9A44-9C173E1C8E7C): 0
LogDevObjectVersion:   Dev-Physics (78F01B33-EBEA-4F98-B9B4-84EACCB95AA2): 0
LogDevObjectVersion:   Dev-Platform (6631380F-2D4D-43E0-8009-CF276956A95A): 0
LogDevObjectVersion:   Dev-Rendering (12F88B9F-8875-4AFC-A67C-D90C383ABD29): 28
LogDevObjectVersion:   Dev-Sequencer (7B5AE74C-D270-4C10-A958-57980B212A5A): 11
LogDevObjectVersion:   Dev-VR (D7296918-1DD6-4BDD-9DE2-64A83CC13884): 2
LogDevObjectVersion:   Dev-LoadTimes (C2A15278-BFE7-4AFE-6C17-90FF531DF755): 1
LogDevObjectVersion:   Private-Geometry (6EACA3D4-40EC-4CC1-B786-8BED09428FC5): 3
LogDevObjectVersion:   Dev-AnimPhys (29E575DD-E0A3-4627-9D10-D276232CDCEA): 17
LogDevObjectVersion:   Dev-Anim (AF43A65D-7FD3-4947-9873-3E8ED9C1BB05): 2
LogDevObjectVersion:   Dev-ReflectionCapture (6B266CEC-1EC7-4B8F-A30B-E4D90942FC07): 1
LogDevObjectVersion:   Dev-Automation (0DF73D61-A23F-47EA-B727-89E90C41499A): 1
LogDevObjectVersion:   FortniteMain (601D1886-AC64-4F84-AA16-D3DE0DEAC7D6): 25
LogDevObjectVersion:   Dev-Enterprise (9DFFBCD6-494F-0158-E221-12823C92A888): 6
LogDevObjectVersion:   Dev-Niagara (F2AED0AC-9AFE-416F-8664-AA7FFA26D6FC): 1
LogDevObjectVersion:   Dev-Destruction (174F1F0B-B4C6-45A5-B13F-2EE8D0FB917D): 2
LogInit: Presizing for max 16777216 objects, including 0 objects not considered by GC, pre-allocating 0 bytes for permanent pool.
LogInit: Object subsystem initialized
LogConfig: Setting CVar [[con.DebugEarlyDefault:1]]
LogConfig: Setting CVar [[r.setres:1280x720]]
[2019.05.23-02.14.18:004][  0]LogConfig: Setting CVar [[r.VSync:0]]
[2019.05.23-02.14.18:004][  0]LogConfig: Setting CVar [[r.RHICmdBypass:0]]
[2019.05.23-02.14.18:004][  0]LogConfig: Applying CVar settings from Section [/Script/Engine.RendererSettings] File [C:/Users/Alex/Documents/GitHub/UECivProj/UECivProj/Saved/Config/Windows/Engine.ini]
[2019.05.23-02.14.18:004][  0]LogConfig: Setting CVar [[r.GPUCrashDebugging:0]]
[2019.05.23-02.14.18:004][  0]LogConfig: Applying CVar settings from Section [/Script/Engine.RendererOverrideSettings] File [C:/Users/Alex/Documents/GitHub/UECivProj/UECivProj/Saved/Config/Windows/Engine.ini]
[2019.05.23-02.14.18:004][  0]LogConfig: Applying CVar settings from Section [/Script/Engine.StreamingSettings] File [C:/Users/Alex/Documents/GitHub/UECivProj/UECivProj/Saved/Config/Windows/Engine.ini]
[2019.05.23-02.14.18:004][  0]LogConfig: Setting CVar [[s.MinBulkDataSizeForAsyncLoading:131072]]
[2019.05.23-02.14.18:004][  0]LogConfig: Setting CVar [[s.AsyncLoadingThreadEnabled:0]]
[2019.05.23-02.14.18:004][  0]LogConfig: Setting CVar [[s.EventDrivenLoaderEnabled:1]]
[2019.05.23-02.14.18:004][  0]LogConfig: Setting CVar [[s.WarnIfTimeLimitExceeded:0]]
[2019.05.23-02.14.18:004][  0]LogConfig: Setting CVar [[s.TimeLimitExceededMultiplier:1.5]]
[2019.05.23-02.14.18:004][  0]LogConfig: Setting CVar [[s.TimeLimitExceededMinTime:0.005]]
[2019.05.23-02.14.18:004][  0]LogConfig: Setting CVar [[s.UseBackgroundLevelStreaming:1]]
[2019.05.23-02.14.18:004][  0]LogConfig: Setting CVar [[s.PriorityAsyncLoadingExtraTime:15.0]]
[2019.05.23-02.14.18:004][  0]LogConfig: Setting CVar [[s.LevelStreamingActorsUpdateTimeLimit:5.0]]
[2019.05.23-02.14.18:004][  0]LogConfig: Setting CVar [[s.PriorityLevelStreamingActorsUpdateExtraTime:5.0]]
[2019.05.23-02.14.18:004][  0]LogConfig: Setting CVar [[s.LevelStreamingComponentsRegistrationGranularity:10]]
[2019.05.23-02.14.18:004][  0]LogConfig: Setting CVar [[s.UnregisterComponentsTimeLimit:1.0]]
[2019.05.23-02.14.18:004][  0]LogConfig: Setting CVar [[s.LevelStreamingComponentsUnregistrationGranularity:5]]
[2019.05.23-02.14.18:004][  0]LogConfig: Applying CVar settings from Section [/Script/Engine.GarbageCollectionSettings] File [C:/Users/Alex/Documents/GitHub/UECivProj/UECivProj/Saved/Config/Windows/Engine.ini]
[2019.05.23-02.14.18:004][  0]LogConfig: Setting CVar [[gc.MaxObjectsNotConsideredByGC:1]]
[2019.05.23-02.14.18:004][  0]LogConfig: Setting CVar [[gc.SizeOfPermanentObjectPool:0]]
[2019.05.23-02.14.18:004][  0]LogConfig: Setting CVar [[gc.FlushStreamingOnGC:0]]
[2019.05.23-02.14.18:005][  0]LogConfig: Setting CVar [[gc.NumRetriesBeforeForcingGC:10]]
[2019.05.23-02.14.18:005][  0]LogConfig: Setting CVar [[gc.AllowParallelGC:1]]
[2019.05.23-02.14.18:005][  0]LogConfig: Setting CVar [[gc.TimeBetweenPurgingPendingKillObjects:61.1]]
[2019.05.23-02.14.18:005][  0]LogConfig: Setting CVar [[gc.MaxObjectsInEditor:16777216]]
[2019.05.23-02.14.18:005][  0]LogConfig: Setting CVar [[gc.IncrementalBeginDestroyEnabled:1]]
[2019.05.23-02.14.18:005][  0]LogConfig: Setting CVar [[gc.CreateGCClusters:1]]
[2019.05.23-02.14.18:005][  0]LogConfig: Setting CVar [[gc.MinGCClusterSize:5]]
[2019.05.23-02.14.18:005][  0]LogConfig: Setting CVar [[gc.ActorClusteringEnabled:0]]
[2019.05.23-02.14.18:005][  0]LogConfig: Setting CVar [[gc.BlueprintClusteringEnabled:0]]
[2019.05.23-02.14.18:005][  0]LogConfig: Setting CVar [[gc.UseDisregardForGCOnDedicatedServers:0]]
[2019.05.23-02.14.18:005][  0]LogConfig: Applying CVar settings from Section [/Script/Engine.NetworkSettings] File [C:/Users/Alex/Documents/GitHub/UECivProj/UECivProj/Saved/Config/Windows/Engine.ini]
[2019.05.23-02.14.18:005][  0]LogConfig: Applying CVar settings from Section [/Script/UnrealEd.CookerSettings] File [C:/Users/Alex/Documents/GitHub/UECivProj/UECivProj/Saved/Config/Windows/Engine.ini]
[2019.05.23-02.14.18:007][  0]LogConfig: Applying CVar settings from Section [ViewDistanceQuality@3] File [C:/Users/Alex/Documents/GitHub/UECivProj/UECivProj/Saved/Config/Windows/Scalability.ini]
[2019.05.23-02.14.18:007][  0]LogConfig: Setting CVar [[r.SkeletalMeshLODBias:0]]
[2019.05.23-02.14.18:007][  0]LogConfig: Setting CVar [[r.ViewDistanceScale:1.0]]
[2019.05.23-02.14.18:007][  0]LogConfig: Applying CVar settings from Section [AntiAliasingQuality@3] File [C:/Users/Alex/Documents/GitHub/UECivProj/UECivProj/Saved/Config/Windows/Scalability.ini]
[2019.05.23-02.14.18:007][  0]LogConfig: Setting CVar [[r.PostProcessAAQuality:4]]
[2019.05.23-02.14.18:007][  0]LogConfig: Applying CVar settings from Section [ShadowQuality@3] File [C:/Users/Alex/Documents/GitHub/UECivProj/UECivProj/Saved/Config/Windows/Scalability.ini]
[2019.05.23-02.14.18:007][  0]LogConfig: Setting CVar [[r.LightFunctionQuality:1]]
[2019.05.23-02.14.18:007][  0]LogConfig: Setting CVar [[r.ShadowQuality:5]]
[2019.05.23-02.14.18:007][  0]LogConfig: Setting CVar [[r.Shadow.CSM.MaxCascades:10]]
[2019.05.23-02.14.18:007][  0]LogConfig: Setting CVar [[r.Shadow.MaxResolution:2048]]
[2019.05.23-02.14.18:007][  0]LogConfig: Setting CVar [[r.Shadow.MaxCSMResolution:2048]]
[2019.05.23-02.14.18:007][  0]LogConfig: Setting CVar [[r.Shadow.RadiusThreshold:0.01]]
[2019.05.23-02.14.18:007][  0]LogConfig: Setting CVar [[r.Shadow.DistanceScale:1.0]]
[2019.05.23-02.14.18:007][  0]LogConfig: Setting CVar [[r.Shadow.CSM.TransitionScale:1.0]]
[2019.05.23-02.14.18:007][  0]LogConfig: Setting CVar [[r.Shadow.PreShadowResolutionFactor:1.0]]
[2019.05.23-02.14.18:007][  0]LogConfig: Setting CVar [[r.DistanceFieldShadowing:1]]
[2019.05.23-02.14.18:007][  0]LogConfig: Setting CVar [[r.DistanceFieldAO:1]]
[2019.05.23-02.14.18:007][  0]LogConfig: Setting CVar [[r.AOQuality:2]]
[2019.05.23-02.14.18:007][  0]LogConfig: Setting CVar [[r.VolumetricFog:1]]
[2019.05.23-02.14.18:007][  0]LogConfig: Setting CVar [[r.VolumetricFog.GridPixelSize:8]]
[2019.05.23-02.14.18:007][  0]LogConfig: Setting CVar [[r.VolumetricFog.GridSizeZ:128]]
[2019.05.23-02.14.18:007][  0]LogConfig: Setting CVar [[r.VolumetricFog.HistoryMissSupersampleCount:4]]
[2019.05.23-02.14.18:007][  0]LogConfig: Setting CVar [[r.LightMaxDrawDistanceScale:1]]
[2019.05.23-02.14.18:007][  0]LogConfig: Setting CVar [[r.CapsuleShadows:1]]
[2019.05.23-02.14.18:007][  0]LogConfig: Applying CVar settings from Section [PostProcessQuality@3] File [C:/Users/Alex/Documents/GitHub/UECivProj/UECivProj/Saved/Config/Windows/Scalability.ini]
[2019.05.23-02.14.18:007][  0]LogConfig: Setting CVar [[r.MotionBlurQuality:4]]
[2019.05.23-02.14.18:007][  0]LogConfig: Setting CVar [[r.AmbientOcclusionMipLevelFactor:0.4]]
[2019.05.23-02.14.18:007][  0]LogConfig: Setting CVar [[r.AmbientOcclusionMaxQuality:100]]
[2019.05.23-02.14.18:007][  0]LogConfig: Setting CVar [[r.AmbientOcclusionLevels:-1]]
[2019.05.23-02.14.18:007][  0]LogConfig: Setting CVar [[r.AmbientOcclusionRadiusScale:1.0]]
[2019.05.23-02.14.18:007][  0]LogConfig: Setting CVar [[r.DepthOfFieldQuality:2]]
[2019.05.23-02.14.18:007][  0]LogConfig: Setting CVar [[r.RenderTargetPoolMin:400]]
[2019.05.23-02.14.18:007][  0]LogConfig: Setting CVar [[r.LensFlareQuality:2]]
[2019.05.23-02.14.18:007][  0]LogConfig: Setting CVar [[r.SceneColorFringeQuality:1]]
[2019.05.23-02.14.18:007][  0]LogConfig: Setting CVar [[r.EyeAdaptationQuality:2]]
[2019.05.23-02.14.18:007][  0]LogConfig: Setting CVar [[r.BloomQuality:5]]
[2019.05.23-02.14.18:007][  0]LogConfig: Setting CVar [[r.FastBlurThreshold:100]]
[2019.05.23-02.14.18:007][  0]LogConfig: Setting CVar [[r.Upscale.Quality:3]]
[2019.05.23-02.14.18:007][  0]LogConfig: Setting CVar [[r.Tonemapper.GrainQuantization:1]]
[2019.05.23-02.14.18:007][  0]LogConfig: Setting CVar [[r.LightShaftQuality:1]]
[2019.05.23-02.14.18:007][  0]LogConfig: Setting CVar [[r.Filter.SizeScale:1]]
[2019.05.23-02.14.18:007][  0]LogConfig: Setting CVar [[r.Tonemapper.Quality:5]]
[2019.05.23-02.14.18:007][  0]LogConfig: Setting CVar [[r.DOF.Gather.AccumulatorQuality:1        ; higher gathering accumulator quality]]
[2019.05.23-02.14.18:007][  0]LogConfig: Setting CVar [[r.DOF.Gather.PostfilterMethod:1          ; Median3x3 postfilering method]]
[2019.05.23-02.14.18:007][  0]LogConfig: Setting CVar [[r.DOF.Gather.EnableBokehSettings:0       ; no bokeh simulation when gathering]]
[2019.05.23-02.14.18:007][  0]LogConfig: Setting CVar [[r.DOF.Gather.RingCount:4                 ; medium number of samples when gathering]]
[2019.05.23-02.14.18:007][  0]LogConfig: Setting CVar [[r.DOF.Scatter.ForegroundCompositing:1    ; additive foreground scattering]]
[2019.05.23-02.14.18:007][  0]LogConfig: Setting CVar [[r.DOF.Scatter.BackgroundCompositing:2    ; additive background scattering]]
[2019.05.23-02.14.18:007][  0]LogConfig: Setting CVar [[r.DOF.Scatter.EnableBokehSettings:1      ; bokeh simulation when scattering]]
[2019.05.23-02.14.18:007][  0]LogConfig: Setting CVar [[r.DOF.Scatter.MaxSpriteRatio:0.1         ; only a maximum of 10% of scattered bokeh]]
[2019.05.23-02.14.18:007][  0]LogConfig: Setting CVar [[r.DOF.Recombine.Quality:1                ; cheap slight out of focus]]
[2019.05.23-02.14.18:007][  0]LogConfig: Setting CVar [[r.DOF.Recombine.EnableBokehSettings:0    ; no bokeh simulation on slight out of focus]]
[2019.05.23-02.14.18:007][  0]LogConfig: Setting CVar [[r.DOF.TemporalAAQuality:1                ; more stable temporal accumulation]]
[2019.05.23-02.14.18:007][  0]LogConfig: Setting CVar [[r.DOF.Kernel.MaxForegroundRadius:0.025]]
[2019.05.23-02.14.18:007][  0]LogConfig: Setting CVar [[r.DOF.Kernel.MaxBackgroundRadius:0.025]]
[2019.05.23-02.14.18:007][  0]LogConfig: Applying CVar settings from Section [TextureQuality@3] File [C:/Users/Alex/Documents/GitHub/UECivProj/UECivProj/Saved/Config/Windows/Scalability.ini]
[2019.05.23-02.14.18:007][  0]LogConfig: Setting CVar [[r.Streaming.MipBias:0]]
[2019.05.23-02.14.18:007][  0]LogConfig: Setting CVar [[r.Streaming.AmortizeCPUToGPUCopy:0]]
[2019.05.23-02.14.18:007][  0]LogConfig: Setting CVar [[r.Streaming.MaxNumTexturesToStreamPerFrame:0]]
[2019.05.23-02.14.18:007][  0]LogConfig: Setting CVar [[r.Streaming.Boost:1]]
[2019.05.23-02.14.18:007][  0]LogConfig: Setting CVar [[r.MaxAnisotropy:8]]
[2019.05.23-02.14.18:007][  0]LogConfig: Setting CVar [[r.Streaming.LimitPoolSizeToVRAM:0]]
[2019.05.23-02.14.18:007][  0]LogConfig: Setting CVar [[r.Streaming.PoolSize:1000]]
[2019.05.23-02.14.18:007][  0]LogConfig: Setting CVar [[r.Streaming.MaxEffectiveScreenSize:0]]
[2019.05.23-02.14.18:007][  0]LogConfig: Applying CVar settings from Section [EffectsQuality@3] File [C:/Users/Alex/Documents/GitHub/UECivProj/UECivProj/Saved/Config/Windows/Scalability.ini]
[2019.05.23-02.14.18:007][  0]LogConfig: Setting CVar [[r.TranslucencyLightingVolumeDim:64]]
[2019.05.23-02.14.18:007][  0]LogConfig: Setting CVar [[r.RefractionQuality:2]]
[2019.05.23-02.14.18:007][  0]LogConfig: Setting CVar [[r.SSR.Quality:3]]
[2019.05.23-02.14.18:007][  0]LogConfig: Setting CVar [[r.SceneColorFormat:4]]
[2019.05.23-02.14.18:007][  0]LogConfig: Setting CVar [[r.DetailMode:2]]
[2019.05.23-02.14.18:007][  0]LogConfig: Setting CVar [[r.TranslucencyVolumeBlur:1]]
[2019.05.23-02.14.18:007][  0]LogConfig: Setting CVar [[r.MaterialQualityLevel:1 ; High quality]]
[2019.05.23-02.14.18:007][  0]LogConfig: Setting CVar [[r.SSS.Scale:1]]
[2019.05.23-02.14.18:008][  0]LogConfig: Setting CVar [[r.SSS.SampleSet:2]]
[2019.05.23-02.14.18:008][  0]LogConfig: Setting CVar [[r.SSS.Quality:1]]
[2019.05.23-02.14.18:008][  0]LogConfig: Setting CVar [[r.SSS.HalfRes:1]]
[2019.05.23-02.14.18:008][  0]LogConfig: Setting CVar [[r.EmitterSpawnRateScale:1.0]]
[2019.05.23-02.14.18:008][  0]LogConfig: Setting CVar [[r.ParticleLightQuality:2]]
[2019.05.23-02.14.18:008][  0]LogConfig: Applying CVar settings from Section [FoliageQuality@3] File [C:/Users/Alex/Documents/GitHub/UECivProj/UECivProj/Saved/Config/Windows/Scalability.ini]
[2019.05.23-02.14.18:008][  0]LogConfig: Setting CVar [[foliage.DensityScale:1.0]]
[2019.05.23-02.14.18:008][  0]LogConfig: Setting CVar [[grass.DensityScale:1.0]]
[2019.05.23-02.14.18:008][  0]LogInit: Selected Device Profile: [Windows]
[2019.05.23-02.14.18:008][  0]LogInit: Applying CVar settings loaded from the selected device profile: [Windows]
[2019.05.23-02.14.18:016][  0]LogHAL: Display: Platform has ~ 32 GB [34211250176 / 34359738368 / 32], which maps to Largest [LargestMinGB=32, LargerMinGB=12, DefaultMinGB=8, SmallerMinGB=6, SmallestMinGB=0)
[2019.05.23-02.14.18:016][  0]LogConfig: Setting CVar [[r.Vulkan.UseRealUBs:0		; Required until we fix HLR fall-out]]
[2019.05.23-02.14.18:016][  0]LogInit: Going up to parent DeviceProfile []
[2019.05.23-02.14.18:016][  0]LogConfig: Applying CVar settings from Section [ViewDistanceQuality@3] File [C:/Users/Alex/Documents/GitHub/UECivProj/UECivProj/Saved/Config/Windows/Scalability.ini]
[2019.05.23-02.14.18:016][  0]LogConfig: Setting CVar [[r.SkeletalMeshLODBias:0]]
[2019.05.23-02.14.18:016][  0]LogConfig: Setting CVar [[r.ViewDistanceScale:1.0]]
[2019.05.23-02.14.18:016][  0]LogConfig: Applying CVar settings from Section [AntiAliasingQuality@3] File [C:/Users/Alex/Documents/GitHub/UECivProj/UECivProj/Saved/Config/Windows/Scalability.ini]
[2019.05.23-02.14.18:016][  0]LogConfig: Setting CVar [[r.PostProcessAAQuality:4]]
[2019.05.23-02.14.18:016][  0]LogConfig: Applying CVar settings from Section [ShadowQuality@3] File [C:/Users/Alex/Documents/GitHub/UECivProj/UECivProj/Saved/Config/Windows/Scalability.ini]
[2019.05.23-02.14.18:016][  0]LogConfig: Setting CVar [[r.LightFunctionQuality:1]]
[2019.05.23-02.14.18:016][  0]LogConfig: Setting CVar [[r.ShadowQuality:5]]
[2019.05.23-02.14.18:016][  0]LogConfig: Setting CVar [[r.Shadow.CSM.MaxCascades:10]]
[2019.05.23-02.14.18:016][  0]LogConfig: Setting CVar [[r.Shadow.MaxResolution:2048]]
[2019.05.23-02.14.18:016][  0]LogConfig: Setting CVar [[r.Shadow.MaxCSMResolution:2048]]
[2019.05.23-02.14.18:016][  0]LogConfig: Setting CVar [[r.Shadow.RadiusThreshold:0.01]]
[2019.05.23-02.14.18:016][  0]LogConfig: Setting CVar [[r.Shadow.DistanceScale:1.0]]
[2019.05.23-02.14.18:016][  0]LogConfig: Setting CVar [[r.Shadow.CSM.TransitionScale:1.0]]
[2019.05.23-02.14.18:016][  0]LogConfig: Setting CVar [[r.Shadow.PreShadowResolutionFactor:1.0]]
[2019.05.23-02.14.18:016][  0]LogConfig: Setting CVar [[r.DistanceFieldShadowing:1]]
[2019.05.23-02.14.18:016][  0]LogConfig: Setting CVar [[r.DistanceFieldAO:1]]
[2019.05.23-02.14.18:016][  0]LogConfig: Setting CVar [[r.AOQuality:2]]
[2019.05.23-02.14.18:016][  0]LogConfig: Setting CVar [[r.VolumetricFog:1]]
[2019.05.23-02.14.18:016][  0]LogConfig: Setting CVar [[r.VolumetricFog.GridPixelSize:8]]
[2019.05.23-02.14.18:016][  0]LogConfig: Setting CVar [[r.VolumetricFog.GridSizeZ:128]]
[2019.05.23-02.14.18:016][  0]LogConfig: Setting CVar [[r.VolumetricFog.HistoryMissSupersampleCount:4]]
[2019.05.23-02.14.18:016][  0]LogConfig: Setting CVar [[r.LightMaxDrawDistanceScale:1]]
[2019.05.23-02.14.18:016][  0]LogConfig: Setting CVar [[r.CapsuleShadows:1]]
[2019.05.23-02.14.18:016][  0]LogConfig: Applying CVar settings from Section [PostProcessQuality@3] File [C:/Users/Alex/Documents/GitHub/UECivProj/UECivProj/Saved/Config/Windows/Scalability.ini]
[2019.05.23-02.14.18:016][  0]LogConfig: Setting CVar [[r.MotionBlurQuality:4]]
[2019.05.23-02.14.18:016][  0]LogConfig: Setting CVar [[r.AmbientOcclusionMipLevelFactor:0.4]]
[2019.05.23-02.14.18:016][  0]LogConfig: Setting CVar [[r.AmbientOcclusionMaxQuality:100]]
[2019.05.23-02.14.18:016][  0]LogConfig: Setting CVar [[r.AmbientOcclusionLevels:-1]]
[2019.05.23-02.14.18:016][  0]LogConfig: Setting CVar [[r.AmbientOcclusionRadiusScale:1.0]]
[2019.05.23-02.14.18:016][  0]LogConfig: Setting CVar [[r.DepthOfFieldQuality:2]]
[2019.05.23-02.14.18:016][  0]LogConfig: Setting CVar [[r.RenderTargetPoolMin:400]]
[2019.05.23-02.14.18:016][  0]LogConfig: Setting CVar [[r.LensFlareQuality:2]]
[2019.05.23-02.14.18:016][  0]LogConfig: Setting CVar [[r.SceneColorFringeQuality:1]]
[2019.05.23-02.14.18:016][  0]LogConfig: Setting CVar [[r.EyeAdaptationQuality:2]]
[2019.05.23-02.14.18:016][  0]LogConfig: Setting CVar [[r.BloomQuality:5]]
[2019.05.23-02.14.18:016][  0]LogConfig: Setting CVar [[r.FastBlurThreshold:100]]
[2019.05.23-02.14.18:016][  0]LogConfig: Setting CVar [[r.Upscale.Quality:3]]
[2019.05.23-02.14.18:016][  0]LogConfig: Setting CVar [[r.Tonemapper.GrainQuantization:1]]
[2019.05.23-02.14.18:016][  0]LogConfig: Setting CVar [[r.LightShaftQuality:1]]
[2019.05.23-02.14.18:016][  0]LogConfig: Setting CVar [[r.Filter.SizeScale:1]]
[2019.05.23-02.14.18:016][  0]LogConfig: Setting CVar [[r.Tonemapper.Quality:5]]
[2019.05.23-02.14.18:016][  0]LogConfig: Setting CVar [[r.DOF.Gather.AccumulatorQuality:1        ; higher gathering accumulator quality]]
[2019.05.23-02.14.18:016][  0]LogConfig: Setting CVar [[r.DOF.Gather.PostfilterMethod:1          ; Median3x3 postfilering method]]
[2019.05.23-02.14.18:016][  0]LogConfig: Setting CVar [[r.DOF.Gather.EnableBokehSettings:0       ; no bokeh simulation when gathering]]
[2019.05.23-02.14.18:016][  0]LogConfig: Setting CVar [[r.DOF.Gather.RingCount:4                 ; medium number of samples when gathering]]
[2019.05.23-02.14.18:016][  0]LogConfig: Setting CVar [[r.DOF.Scatter.ForegroundCompositing:1    ; additive foreground scattering]]
[2019.05.23-02.14.18:016][  0]LogConfig: Setting CVar [[r.DOF.Scatter.BackgroundCompositing:2    ; additive background scattering]]
[2019.05.23-02.14.18:016][  0]LogConfig: Setting CVar [[r.DOF.Scatter.EnableBokehSettings:1      ; bokeh simulation when scattering]]
[2019.05.23-02.14.18:016][  0]LogConfig: Setting CVar [[r.DOF.Scatter.MaxSpriteRatio:0.1         ; only a maximum of 10% of scattered bokeh]]
[2019.05.23-02.14.18:016][  0]LogConfig: Setting CVar [[r.DOF.Recombine.Quality:1                ; cheap slight out of focus]]
[2019.05.23-02.14.18:016][  0]LogConfig: Setting CVar [[r.DOF.Recombine.EnableBokehSettings:0    ; no bokeh simulation on slight out of focus]]
[2019.05.23-02.14.18:016][  0]LogConfig: Setting CVar [[r.DOF.TemporalAAQuality:1                ; more stable temporal accumulation]]
[2019.05.23-02.14.18:016][  0]LogConfig: Setting CVar [[r.DOF.Kernel.MaxForegroundRadius:0.025]]
[2019.05.23-02.14.18:016][  0]LogConfig: Setting CVar [[r.DOF.Kernel.MaxBackgroundRadius:0.025]]
[2019.05.23-02.14.18:016][  0]LogConfig: Applying CVar settings from Section [TextureQuality@3] File [C:/Users/Alex/Documents/GitHub/UECivProj/UECivProj/Saved/Config/Windows/Scalability.ini]
[2019.05.23-02.14.18:016][  0]LogConfig: Setting CVar [[r.Streaming.MipBias:0]]
[2019.05.23-02.14.18:016][  0]LogConfig: Setting CVar [[r.Streaming.AmortizeCPUToGPUCopy:0]]
[2019.05.23-02.14.18:016][  0]LogConfig: Setting CVar [[r.Streaming.MaxNumTexturesToStreamPerFrame:0]]
[2019.05.23-02.14.18:016][  0]LogConfig: Setting CVar [[r.Streaming.Boost:1]]
[2019.05.23-02.14.18:016][  0]LogConfig: Setting CVar [[r.MaxAnisotropy:8]]
[2019.05.23-02.14.18:016][  0]LogConfig: Setting CVar [[r.Streaming.LimitPoolSizeToVRAM:0]]
[2019.05.23-02.14.18:016][  0]LogConfig: Setting CVar [[r.Streaming.PoolSize:1000]]
[2019.05.23-02.14.18:016][  0]LogConfig: Setting CVar [[r.Streaming.MaxEffectiveScreenSize:0]]
[2019.05.23-02.14.18:016][  0]LogConfig: Applying CVar settings from Section [EffectsQuality@3] File [C:/Users/Alex/Documents/GitHub/UECivProj/UECivProj/Saved/Config/Windows/Scalability.ini]
[2019.05.23-02.14.18:016][  0]LogConfig: Setting CVar [[r.TranslucencyLightingVolumeDim:64]]
[2019.05.23-02.14.18:016][  0]LogConfig: Setting CVar [[r.RefractionQuality:2]]
[2019.05.23-02.14.18:016][  0]LogConfig: Setting CVar [[r.SSR.Quality:3]]
[2019.05.23-02.14.18:016][  0]LogConfig: Setting CVar [[r.SceneColorFormat:4]]
[2019.05.23-02.14.18:016][  0]LogConfig: Setting CVar [[r.DetailMode:2]]
[2019.05.23-02.14.18:016][  0]LogConfig: Setting CVar [[r.TranslucencyVolumeBlur:1]]
[2019.05.23-02.14.18:016][  0]LogConfig: Setting CVar [[r.MaterialQualityLevel:1 ; High quality]]
[2019.05.23-02.14.18:016][  0]LogConfig: Setting CVar [[r.SSS.Scale:1]]
[2019.05.23-02.14.18:016][  0]LogConfig: Setting CVar [[r.SSS.SampleSet:2]]
[2019.05.23-02.14.18:016][  0]LogConfig: Setting CVar [[r.SSS.Quality:1]]
[2019.05.23-02.14.18:016][  0]LogConfig: Setting CVar [[r.SSS.HalfRes:1]]
[2019.05.23-02.14.18:016][  0]LogConfig: Setting CVar [[r.EmitterSpawnRateScale:1.0]]
[2019.05.23-02.14.18:016][  0]LogConfig: Setting CVar [[r.ParticleLightQuality:2]]
[2019.05.23-02.14.18:016][  0]LogConfig: Applying CVar settings from Section [FoliageQuality@3] File [C:/Users/Alex/Documents/GitHub/UECivProj/UECivProj/Saved/Config/Windows/Scalability.ini]
[2019.05.23-02.14.18:016][  0]LogConfig: Setting CVar [[foliage.DensityScale:1.0]]
[2019.05.23-02.14.18:017][  0]LogConfig: Setting CVar [[grass.DensityScale:1.0]]
[2019.05.23-02.14.18:017][  0]LogConfig: Applying CVar settings from Section [Startup] File [../../../Engine/Config/ConsoleVariables.ini]
[2019.05.23-02.14.18:017][  0]LogConfig: Setting CVar [[net.UseAdaptiveNetUpdateFrequency:0]]
[2019.05.23-02.14.18:017][  0]LogConfig: Setting CVar [[p.chaos.AllowCreatePhysxBodies:1]]
[2019.05.23-02.14.18:017][  0]LogConfig: Applying CVar settings from Section [ConsoleVariables] File [C:/Users/Alex/Documents/GitHub/UECivProj/UECivProj/Saved/Config/Windows/Engine.ini]
[2019.05.23-02.14.18:017][  0]LogInit: Computer: DESKTOP-7RUJS83
[2019.05.23-02.14.18:017][  0]LogInit: User: Alex
[2019.05.23-02.14.18:017][  0]LogInit: CPU Page size=4096, Cores=6
[2019.05.23-02.14.18:017][  0]LogInit: High frequency timer resolution =10.000000 MHz
[2019.05.23-02.14.18:017][  0]LogMemory: Memory total: Physical=31.9GB (32GB approx)
[2019.05.23-02.14.18:017][  0]LogMemory: Platform Memory Stats for Windows
[2019.05.23-02.14.18:017][  0]LogMemory: Process Physical Memory: 97.36 MB used, 97.36 MB peak
[2019.05.23-02.14.18:017][  0]LogMemory: Process Virtual Memory: 89.85 MB used, 89.85 MB peak
[2019.05.23-02.14.18:017][  0]LogMemory: Physical Memory: 7660.79 MB used,  24965.61 MB free, 32626.39 MB total
[2019.05.23-02.14.18:017][  0]LogMemory: Virtual Memory: 4674.63 MB used,  134213056.00 MB free, 134217728.00 MB total
[2019.05.23-02.14.18:060][  0]LogInit: Using OS detected language (en-US).
[2019.05.23-02.14.18:060][  0]LogInit: Using OS detected locale (en-US).
[2019.05.23-02.14.18:061][  0]LogTextLocalizationManager: No specific localization for 'en-US' exists, so the 'en' localization will be used.
[2019.05.23-02.14.18:187][  0]LogInit: Setting process to per monitor DPI aware
[2019.05.23-02.14.18:229][  0]LogSlate: New Slate User Created.  User Index 0, Is Virtual User: 0
[2019.05.23-02.14.18:229][  0]LogSlate: Slate User Registered.  User Index 0, Is Virtual User: 0
[2019.05.23-02.14.18:351][  0]LogHMD: Failed to initialize OpenVR with code 110
[2019.05.23-02.14.18:351][  0]LogD3D11RHI: D3D11 adapters:
[2019.05.23-02.14.18:400][  0]LogD3D11RHI:    0. 'NVIDIA GeForce GTX 1080 with Max-Q Design' (Feature Level 11_0)
[2019.05.23-02.14.18:400][  0]LogD3D11RHI:       8079/0/16313 MB DedicatedVideo/DedicatedSystem/SharedSystem, Outputs:1, VendorId:0x10de
[2019.05.23-02.14.18:411][  0]LogD3D11RHI:    1. 'Intel(R) UHD Graphics 630' (Feature Level 11_0)
[2019.05.23-02.14.18:411][  0]LogD3D11RHI:       128/0/16313 MB DedicatedVideo/DedicatedSystem/SharedSystem, Outputs:0, VendorId:0x8086
[2019.05.23-02.14.18:412][  0]LogD3D11RHI:    2. 'Microsoft Basic Render Driver' (Feature Level 11_0)
[2019.05.23-02.14.18:412][  0]LogD3D11RHI:       0/0/16313 MB DedicatedVideo/DedicatedSystem/SharedSystem, Outputs:0, VendorId:0x1414
[2019.05.23-02.14.18:412][  0]LogD3D11RHI: Chosen D3D11 Adapter: 0
[2019.05.23-02.14.18:418][  0]LogD3D11RHI: Creating new Direct3DDevice
[2019.05.23-02.14.18:418][  0]LogD3D11RHI:     GPU DeviceId: 0x1be0 (for the marketing name, search the web for "GPU Device Id")
[2019.05.23-02.14.18:418][  0]LogWindows: EnumDisplayDevices:
[2019.05.23-02.14.18:418][  0]LogWindows:    0. 'NVIDIA GeForce GTX 1080 with Max-Q Design' (P:1 D:1)
[2019.05.23-02.14.18:419][  0]LogWindows:    1. 'NVIDIA GeForce GTX 1080 with Max-Q Design' (P:0 D:0)
[2019.05.23-02.14.18:419][  0]LogWindows:    2. 'NVIDIA GeForce GTX 1080 with Max-Q Design' (P:0 D:0)
[2019.05.23-02.14.18:419][  0]LogWindows:    3. 'NVIDIA GeForce GTX 1080 with Max-Q Design' (P:0 D:0)
[2019.05.23-02.14.18:419][  0]LogWindows:    4. 'Intel(R) UHD Graphics 630' (P:0 D:0)
[2019.05.23-02.14.18:419][  0]LogWindows:    5. 'Intel(R) UHD Graphics 630' (P:0 D:0)
[2019.05.23-02.14.18:420][  0]LogWindows:    6. 'Intel(R) UHD Graphics 630' (P:0 D:0)
[2019.05.23-02.14.18:420][  0]LogWindows: DebugString: PrimaryIsNotTheChoosenAdapter PrimaryIsNotTheChoosenAdapter PrimaryIsNotTheChoosenAdapter FoundDriverCount:4 
[2019.05.23-02.14.18:420][  0]LogD3D11RHI:     Adapter Name: NVIDIA GeForce GTX 1080 with Max-Q Design
[2019.05.23-02.14.18:420][  0]LogD3D11RHI:   Driver Version: 398.89 (internal:24.21.13.9889, unified:398.89)
[2019.05.23-02.14.18:420][  0]LogD3D11RHI:      Driver Date: 8-6-2018
[2019.05.23-02.14.18:420][  0]LogRHI: Texture pool is 5655 MB (70% of 8079 MB)
[2019.05.23-02.14.18:449][  0]LogD3D11RHI: Async texture creation enabled
[2019.05.23-02.14.18:452][  0]LogRendererCore: FGlobalReadBuffer::InitRHI
[2019.05.23-02.14.18:452][  0]LogRendererCore: FGlobalReadBuffer::InitRHI
[2019.05.23-02.14.18:452][  0]LogRendererCore: FGlobalReadBuffer::InitRHI
[2019.05.23-02.14.18:466][  0]LogD3D11RHI: GPU Timing Frequency: 1000.000000 (Debug: 2 2)
[2019.05.23-02.14.18:729][  0]LogTemp: Display: Module 'AllDesktopTargetPlatform' loaded TargetPlatform 'AllDesktop'
[2019.05.23-02.14.18:740][  0]LogTemp: Display: Module 'MacClientTargetPlatform' loaded TargetPlatform 'MacClient'
[2019.05.23-02.14.18:751][  0]LogTemp: Display: Module 'MacNoEditorTargetPlatform' loaded TargetPlatform 'MacNoEditor'
[2019.05.23-02.14.18:760][  0]LogTemp: Display: Module 'MacServerTargetPlatform' loaded TargetPlatform 'MacServer'
[2019.05.23-02.14.18:772][  0]LogTemp: Display: Module 'MacTargetPlatform' loaded TargetPlatform 'Mac'
[2019.05.23-02.14.18:782][  0]LogTemp: Display: Module 'WindowsClientTargetPlatform' loaded TargetPlatform 'WindowsClient'
[2019.05.23-02.14.18:792][  0]LogTemp: Display: Module 'WindowsNoEditorTargetPlatform' loaded TargetPlatform 'WindowsNoEditor'
[2019.05.23-02.14.18:803][  0]LogTemp: Display: Module 'WindowsServerTargetPlatform' loaded TargetPlatform 'WindowsServer'
[2019.05.23-02.14.18:808][  0]LogTemp: Display: Module 'WindowsTargetPlatform' loaded TargetPlatform 'Windows'
[2019.05.23-02.14.18:867][  0]LogTemp: Display: Module 'AndroidTargetPlatform' loaded TargetPlatform 'Android'
[2019.05.23-02.14.18:867][  0]LogTemp: Display: Module 'AndroidTargetPlatform' loaded TargetPlatform 'Android_ASTC'
[2019.05.23-02.14.18:867][  0]LogTemp: Display: Module 'AndroidTargetPlatform' loaded TargetPlatform 'Android_ATC'
[2019.05.23-02.14.18:867][  0]LogTemp: Display: Module 'AndroidTargetPlatform' loaded TargetPlatform 'Android_DXT'
[2019.05.23-02.14.18:867][  0]LogTemp: Display: Module 'AndroidTargetPlatform' loaded TargetPlatform 'Android_ETC1'
[2019.05.23-02.14.18:867][  0]LogTemp: Display: Module 'AndroidTargetPlatform' loaded TargetPlatform 'Android_ETC1a'
[2019.05.23-02.14.18:867][  0]LogTemp: Display: Module 'AndroidTargetPlatform' loaded TargetPlatform 'Android_ETC2'
[2019.05.23-02.14.18:867][  0]LogTemp: Display: Module 'AndroidTargetPlatform' loaded TargetPlatform 'Android_PVRTC'
[2019.05.23-02.14.18:867][  0]LogTemp: Display: Module 'AndroidTargetPlatform' loaded TargetPlatform 'AndroidClient'
[2019.05.23-02.14.18:867][  0]LogTemp: Display: Module 'AndroidTargetPlatform' loaded TargetPlatform 'Android_ASTCClient'
[2019.05.23-02.14.18:867][  0]LogTemp: Display: Module 'AndroidTargetPlatform' loaded TargetPlatform 'Android_ATCClient'
[2019.05.23-02.14.18:867][  0]LogTemp: Display: Module 'AndroidTargetPlatform' loaded TargetPlatform 'Android_DXTClient'
[2019.05.23-02.14.18:867][  0]LogTemp: Display: Module 'AndroidTargetPlatform' loaded TargetPlatform 'Android_ETC1Client'
[2019.05.23-02.14.18:867][  0]LogTemp: Display: Module 'AndroidTargetPlatform' loaded TargetPlatform 'Android_ETC1aClient'
[2019.05.23-02.14.18:867][  0]LogTemp: Display: Module 'AndroidTargetPlatform' loaded TargetPlatform 'Android_ETC2Client'
[2019.05.23-02.14.18:867][  0]LogTemp: Display: Module 'AndroidTargetPlatform' loaded TargetPlatform 'Android_PVRTCClient'
[2019.05.23-02.14.18:867][  0]LogTemp: Display: Module 'AndroidTargetPlatform' loaded TargetPlatform 'Android_Multi'
[2019.05.23-02.14.18:867][  0]LogTemp: Display: Module 'AndroidTargetPlatform' loaded TargetPlatform 'Android_MultiClient'
[2019.05.23-02.14.18:868][  0]LogTemp: Display: Module 'HTML5TargetPlatform' loaded TargetPlatform 'HTML5'
[2019.05.23-02.14.18:910][  0]LogTemp: Display: Module 'IOSTargetPlatform' loaded TargetPlatform 'IOSClient'
[2019.05.23-02.14.18:910][  0]LogTemp: Display: Module 'IOSTargetPlatform' loaded TargetPlatform 'IOS'
[2019.05.23-02.14.18:927][  0]LogTemp: Display: Module 'TVOSTargetPlatform' loaded TargetPlatform 'TVOSClient'
[2019.05.23-02.14.18:927][  0]LogTemp: Display: Module 'TVOSTargetPlatform' loaded TargetPlatform 'TVOS'
[2019.05.23-02.14.18:936][  0]LogTemp: Display: Module 'LinuxClientTargetPlatform' loaded TargetPlatform 'LinuxClient'
[2019.05.23-02.14.18:945][  0]LogTemp: Display: Module 'LinuxNoEditorTargetPlatform' loaded TargetPlatform 'LinuxNoEditor'
[2019.05.23-02.14.18:954][  0]LogTemp: Display: Module 'LinuxServerTargetPlatform' loaded TargetPlatform 'LinuxServer'
[2019.05.23-02.14.18:963][  0]LogTemp: Display: Module 'LinuxTargetPlatform' loaded TargetPlatform 'Linux'
[2019.05.23-02.14.18:995][  0]LogTemp: Display: Module 'LuminTargetPlatform' loaded TargetPlatform 'Lumin'
[2019.05.23-02.14.18:995][  0]LogTemp: Display: Module 'LuminTargetPlatform' loaded TargetPlatform 'LuminClient'
[2019.05.23-02.14.18:995][  0]LogTargetPlatformManager: Display: Building Assets For Windows
[2019.05.23-02.14.19:002][  0]LogAudioDebug: Display: Lib vorbis DLL was dynamically loaded.
[2019.05.23-02.14.19:037][  0]LogShaderCompilers: Guid format shader working directory is -21 characters bigger than the processId version (../../../../../../Users/Alex/Documents/GitHub/UECivProj/UECivProj/Intermediate/Shaders/WorkingDirectory/15372/).
[2019.05.23-02.14.19:038][  0]LogShaderCompilers: Cleaned the shader compiler working directory 'C:/Users/Alex/AppData/Local/Temp/UnrealShaderWorkingDir/213E9B3542B4C7F99B1549983768514E/'.
[2019.05.23-02.14.19:039][  0]LogXGEController: Cannot use XGE Controller as Incredibuild is not installed on this machine.
[2019.05.23-02.14.19:039][  0]LogShaderCompilers: Cannot use XGE Shader Compiler as Incredibuild is not installed on this machine.
[2019.05.23-02.14.19:039][  0]LogShaderCompilers: Display: Using Local Shader Compiler.
[2019.05.23-02.14.19:475][  0]LogDerivedDataCache: Display: Max Cache Size: 512 MB
[2019.05.23-02.14.19:511][  0]LogDerivedDataCache: Loaded boot cache 0.04s 71MB C:/Users/Alex/AppData/Local/UnrealEngine/4.22/DerivedDataCache/Boot.ddc.
[2019.05.23-02.14.19:511][  0]LogDerivedDataCache: Display: Loaded Boot cache: C:/Users/Alex/AppData/Local/UnrealEngine/4.22/DerivedDataCache/Boot.ddc
[2019.05.23-02.14.19:511][  0]LogDerivedDataCache: FDerivedDataBackendGraph:  Pak pak cache file ../../../../../../Users/Alex/Documents/GitHub/UECivProj/UECivProj/DerivedDataCache/DDC.ddp not found, will not use a pak cache.
[2019.05.23-02.14.19:511][  0]LogDerivedDataCache: Unable to find inner node Pak for hierarchical cache Hierarchy.
[2019.05.23-02.14.19:511][  0]LogDerivedDataCache: FDerivedDataBackendGraph:  CompressedPak pak cache file ../../../../../../Users/Alex/Documents/GitHub/UECivProj/UECivProj/DerivedDataCache/Compressed.ddp not found, will not use a pak cache.
[2019.05.23-02.14.19:511][  0]LogDerivedDataCache: Unable to find inner node CompressedPak for hierarchical cache Hierarchy.
[2019.05.23-02.14.19:521][  0]LogDerivedDataCache: Display: Pak cache opened for reading ../../../Engine/DerivedDataCache/Compressed.ddp.
[2019.05.23-02.14.19:521][  0]LogDerivedDataCache: FDerivedDataBackendGraph:  EnterprisePak pak cache file ../../../Enterprise/DerivedDataCache/Compressed.ddp not found, will not use a pak cache.
[2019.05.23-02.14.19:521][  0]LogDerivedDataCache: Unable to find inner node EnterprisePak for hierarchical cache Hierarchy.
[2019.05.23-02.14.19:532][  0]LogDerivedDataCache: Using Local data cache path C:/Users/Alex/AppData/Local/UnrealEngine/Common/DerivedDataCache: Writable
[2019.05.23-02.14.19:532][  0]LogDerivedDataCache: Shared data cache path not found in *engine.ini, will not use an Shared cache.
[2019.05.23-02.14.19:532][  0]LogDerivedDataCache: Unable to find inner node Shared for hierarchical cache Hierarchy.
[2019.05.23-02.14.19:549][  0]LogMaterial: Verifying Global Shaders for PCD3D_SM5
[2019.05.23-02.14.19:549][  0]LogSlate: Using FreeType 2.6.0
[2019.05.23-02.14.19:550][  0]LogSlate: SlateFontServices - WITH_FREETYPE: 1, WITH_HARFBUZZ: 1
[2019.05.23-02.14.19:617][  0]LogAssetRegistry: FAssetRegistry took 0.0306 seconds to start up
[2019.05.23-02.14.19:861][  0]LogInit: Selected Device Profile: [Windows]
[2019.05.23-02.14.19:959][  0]LogMeshReduction: Using QuadricMeshReduction for automatic static mesh reduction
[2019.05.23-02.14.19:959][  0]LogMeshReduction: Using SimplygonMeshReduction for automatic skeletal mesh reduction
[2019.05.23-02.14.19:959][  0]LogMeshReduction: Using ProxyLODMeshReduction for automatic mesh merging
[2019.05.23-02.14.19:959][  0]LogMeshReduction: No distributed automatic mesh merging module available
[2019.05.23-02.14.19:959][  0]LogMeshMerging: No distributed automatic mesh merging module available
[2019.05.23-02.14.19:971][  0]LogNetVersion: UECivProj 1.0.0, NetCL: 5660361, EngineNetVer: 10, GameNetVer: 0 (Checksum: 2984396159)
[2019.05.23-02.14.20:264][  0]LogPackageLocalizationCache: Processed 10 localized package path(s) for 1 prioritized culture(s) in 0.027622 seconds
[2019.05.23-02.14.20:269][  0]LogUObjectArray: 42205 objects as part of root set at end of initial load.
[2019.05.23-02.14.20:269][  0]LogUObjectAllocator: 7325032 out of 0 bytes used by permanent object pool.
[2019.05.23-02.14.20:269][  0]LogUObjectArray: CloseDisregardForGC: 0/0 objects in disregard for GC pool
[2019.05.23-02.14.20:931][  0]LogTcpMessaging: Initializing TcpMessaging bridge
[2019.05.23-02.14.20:943][  0]LogUdpMessaging: Initializing bridge on interface 0.0.0.0:0 to multicast group 230.0.0.1:6666.
[2019.05.23-02.14.21:032][  0]SourceControl: Source control is disabled
[2019.05.23-02.14.21:032][  0]SourceControl: Source control is disabled
[2019.05.23-02.14.21:033][  0]SourceControl: Source control is disabled
[2019.05.23-02.14.21:034][  0]SourceControl: Source control is disabled
[2019.05.23-02.14.21:102][  0]LogAndroidPermission: UAndroidPermissionCallbackProxy::GetInstance
[2019.05.23-02.14.21:386][  0]LogOcInput: OculusInput pre-init called
[2019.05.23-02.14.21:905][  0]LogEngine: Initializing Engine...
[2019.05.23-02.14.21:906][  0]LogHMD: Failed to initialize OpenVR with code 110
[2019.05.23-02.14.21:907][  0]LogStats: UGameplayTagsManager::InitializeManager -  0.000 s
[2019.05.23-02.14.22:068][  0]LogInit: Initializing FReadOnlyCVARCache
[2019.05.23-02.14.22:078][  0]LogAIModule: Creating AISystem for world Untitled
[2019.05.23-02.14.22:090][  0]LogInit: XAudio2 using 'Speakers/Headphones (Realtek(R) Audio)' : 6 channels at 48 kHz using 32 bits per sample (channel mask 0x3f)
[2019.05.23-02.14.22:141][  0]LogInit: FAudioDevice initialized.
[2019.05.23-02.14.22:141][  0]LogNetVersion: Set ProjectVersion to 1.0.0.0. Version Checksum will be recalculated on next use.
[2019.05.23-02.14.22:181][  0]LogDerivedDataCache: Saved boot cache 0.04s 71MB C:/Users/Alex/AppData/Local/UnrealEngine/4.22/DerivedDataCache/Boot.ddc.
[2019.05.23-02.14.22:189][  0]LogInit: Texture streaming: Enabled
[2019.05.23-02.14.22:202][  0]LogEngineSessionManager: EngineSessionManager initialized
[2019.05.23-02.14.22:221][  0]LogInit: Transaction tracking system initialized
[2019.05.23-02.14.22:242][  0]BlueprintLog: New page: Editor Load
[2019.05.23-02.14.22:307][  0]LocalizationService: Localization service is disabled
[2019.05.23-02.14.22:546][  0]LogFileCache: Scanning file cache for directory 'C:/Users/Alex/Documents/GitHub/UECivProj/UECivProj/Content/' took 0.02s
[2019.05.23-02.14.22:546][  0]LogCook: Display: Max memory allowance for cook 16384mb min free memory 0mb
[2019.05.23-02.14.22:546][  0]LogCook: Display: Mobile HDR setting 1
[2019.05.23-02.14.22:681][  0]SourceControl: Source control is disabled
[2019.05.23-02.14.22:681][  0]Cmd: MAP LOAD FILE="../../../../../../Users/Alex/Documents/GitHub/UECivProj/UECivProj/Content/ThirdPersonBP/Maps/ThirdPersonExampleMap.umap" TEMPLATE=0 SHOWPROGRESS=1 FEATURELEVEL=3
[2019.05.23-02.14.22:681][  0]LightingResults: New page: Lighting Build
[2019.05.23-02.14.22:683][  0]MapCheck: New page: Map Check
[2019.05.23-02.14.22:683][  0]LightingResults: New page: Lighting Build
[2019.05.23-02.14.22:707][  0]LogUObjectHash: Compacting FUObjectHashTables data took   1.17ms
[2019.05.23-02.14.22:941][  0]LogAIModule: Creating AISystem for world ThirdPersonExampleMap
[2019.05.23-02.14.22:965][  0]LogEditorServer: Finished looking for orphan Actors (0.000 secs)
[2019.05.23-02.14.22:993][  0]LogUObjectHash: Compacting FUObjectHashTables data took   1.61ms
[2019.05.23-02.14.22:993][  0]Cmd: MAP CHECKDEP NOCLEARLOG
[2019.05.23-02.14.22:993][  0]MapCheck: Map check complete: 0 Error(s), 0 Warning(s), took 0.12ms to complete.
[2019.05.23-02.14.22:993][  0]LogFileHelpers: Loading map 'ThirdPersonExampleMap' took 0.313
[2019.05.23-02.14.23:074][  0]LogSlate: Updating window title bar state: overlay mode, drag disabled, window buttons hidden, title bar hidden
[2019.05.23-02.14.23:079][  0]LogSlate: Updating window title bar state: overlay mode, drag disabled, window buttons hidden, title bar hidden
[2019.05.23-02.14.23:084][  0]LogSlate: Updating window title bar state: overlay mode, drag disabled, window buttons hidden, title bar hidden
[2019.05.23-02.14.23:090][  0]LogSlate: Updating window title bar state: overlay mode, drag disabled, window buttons hidden, title bar hidden
[2019.05.23-02.14.23:094][  0]LogCollectionManager: Loaded 0 collections in 0.001407 seconds
[2019.05.23-02.14.23:109][  0]LogFileCache: Scanning file cache for directory 'C:/Users/Alex/Documents/GitHub/UECivProj/UECivProj/Saved/Collections/' took 0.01s
[2019.05.23-02.14.23:109][  0]LogFileCache: Scanning file cache for directory 'C:/Users/Alex/Documents/GitHub/UECivProj/UECivProj/Content/Developers/Alex/Collections/' took 0.00s
[2019.05.23-02.14.23:109][  0]LogFileCache: Scanning file cache for directory 'C:/Users/Alex/Documents/GitHub/UECivProj/UECivProj/Content/Collections/' took 0.00s
[2019.05.23-02.14.23:109][  0]LogCollectionManager: Rebuilt the GUID cache for 0 collections in 0.000000 seconds
[2019.05.23-02.14.23:116][  0]LogContentBrowser: Native class hierarchy populated in 0.0066 seconds. Added 2732 classes and 659 folders.
[2019.05.23-02.14.23:122][  0]LogContentBrowser: Native class hierarchy updated for 'WidgetCarousel' in 0.0005 seconds. Added 0 classes and 0 folders.
[2019.05.23-02.14.23:123][  0]LogPakFile: Registered encryption key '00000000000000000000000000000000': 0 pak files mounted, 0 remain pending
[2019.05.23-02.14.23:123][  0]LogPakFile: Registered encryption key '00000000000000000000000000000000': 0 pak files mounted, 0 remain pending
[2019.05.23-02.14.23:124][  0]LogPakFile: Registered encryption key '00000000000000000000000000000000': 0 pak files mounted, 0 remain pending
[2019.05.23-02.14.23:124][  0]LogPakFile: Registered encryption key '00000000000000000000000000000000': 0 pak files mounted, 0 remain pending
[2019.05.23-02.14.23:124][  0]LogPakFile: Registered encryption key '00000000000000000000000000000000': 0 pak files mounted, 0 remain pending
[2019.05.23-02.14.23:124][  0]LogPakFile: Registered encryption key '00000000000000000000000000000000': 0 pak files mounted, 0 remain pending
[2019.05.23-02.14.23:125][  0]LogPakFile: Registered encryption key '00000000000000000000000000000000': 0 pak files mounted, 0 remain pending
[2019.05.23-02.14.23:125][  0]LogPakFile: Registered encryption key '00000000000000000000000000000000': 0 pak files mounted, 0 remain pending
[2019.05.23-02.14.23:125][  0]LogPakFile: Registered encryption key '00000000000000000000000000000000': 0 pak files mounted, 0 remain pending
[2019.05.23-02.14.23:126][  0]LogPakFile: Registered encryption key '00000000000000000000000000000000': 0 pak files mounted, 0 remain pending
[2019.05.23-02.14.23:126][  0]LogPakFile: Registered encryption key '00000000000000000000000000000000': 0 pak files mounted, 0 remain pending
[2019.05.23-02.14.23:126][  0]LogPakFile: Registered encryption key '00000000000000000000000000000000': 0 pak files mounted, 0 remain pending
[2019.05.23-02.14.23:127][  0]LogPakFile: Registered encryption key '00000000000000000000000000000000': 0 pak files mounted, 0 remain pending
[2019.05.23-02.14.23:127][  0]LogPakFile: Registered encryption key '00000000000000000000000000000000': 0 pak files mounted, 0 remain pending
[2019.05.23-02.14.23:127][  0]LogPakFile: Registered encryption key '00000000000000000000000000000000': 0 pak files mounted, 0 remain pending
[2019.05.23-02.14.23:128][  0]LogPakFile: Registered encryption key '00000000000000000000000000000000': 0 pak files mounted, 0 remain pending
[2019.05.23-02.14.23:128][  0]LogPakFile: Registered encryption key '00000000000000000000000000000000': 0 pak files mounted, 0 remain pending
[2019.05.23-02.14.23:128][  0]LogPakFile: Registered encryption key '00000000000000000000000000000000': 0 pak files mounted, 0 remain pending
[2019.05.23-02.14.23:128][  0]LogPakFile: Registered encryption key '00000000000000000000000000000000': 0 pak files mounted, 0 remain pending
[2019.05.23-02.14.23:129][  0]LogPakFile: Registered encryption key '00000000000000000000000000000000': 0 pak files mounted, 0 remain pending
[2019.05.23-02.14.23:129][  0]LogPakFile: Registered encryption key '00000000000000000000000000000000': 0 pak files mounted, 0 remain pending
[2019.05.23-02.14.23:129][  0]LogPakFile: Registered encryption key '00000000000000000000000000000000': 0 pak files mounted, 0 remain pending
[2019.05.23-02.14.23:130][  0]LogPakFile: Registered encryption key '00000000000000000000000000000000': 0 pak files mounted, 0 remain pending
[2019.05.23-02.14.23:130][  0]LogPakFile: Registered encryption key '00000000000000000000000000000000': 0 pak files mounted, 0 remain pending
[2019.05.23-02.14.23:131][  0]LogPakFile: Registered encryption key '00000000000000000000000000000000': 0 pak files mounted, 0 remain pending
[2019.05.23-02.14.23:131][  0]LogPakFile: Registered encryption key '00000000000000000000000000000000': 0 pak files mounted, 0 remain pending
[2019.05.23-02.14.23:152][  0]LogContentBrowser: Native class hierarchy updated for 'AddContentDialog' in 0.0002 seconds. Added 0 classes and 0 folders.
[2019.05.23-02.14.23:156][  0]LogContentBrowser: Native class hierarchy updated for 'SceneOutliner' in 0.0002 seconds. Added 1 classes and 2 folders.
[2019.05.23-02.14.23:167][  0]LogSlate: Took 0.000113 seconds to synchronously load lazily loaded font '../../../Engine/Content/Slate/Fonts/Roboto-Regular.ttf' (155K)
[2019.05.23-02.14.23:168][  0]LogSlate: Took 0.000098 seconds to synchronously load lazily loaded font '../../../Engine/Content/Slate/Fonts/Roboto-Bold.ttf' (160K)
[2019.05.23-02.14.23:172][  0]LogSlate: Took 0.000102 seconds to synchronously load lazily loaded font '../../../Engine/Content/Editor/Slate/Fonts/FontAwesome.ttf' (139K)
[2019.05.23-02.14.23:216][  0]LogRenderer: Reallocating scene render targets to support 900x404 Format 10 NumSamples 1 (Frame:1).
[2019.05.23-02.14.23:303][  0]LogContentBrowser: Native class hierarchy updated for 'HierarchicalLODOutliner' in 0.0003 seconds. Added 0 classes and 0 folders.
[2019.05.23-02.14.23:304][  0]LogLoad: (Engine Initialization) Total time: 6.88 seconds
[2019.05.23-02.14.23:304][  0]LogLoad: (Engine Initialization) Total Blueprint compile time: 0.00 seconds
[2019.05.23-02.14.23:347][  0]LogAssetRegistry: Asset discovery search completed in 3.7524 seconds
[2019.05.23-02.14.23:349][  0]LogCollectionManager: Rebuilt the object cache for 0 collections in 0.000000 seconds (found 0 objects)
[2019.05.23-02.14.23:349][  0]LogCollectionManager: Fixed up redirectors for 0 collections in 0.000031 seconds (updated 0 objects)
[2019.05.23-02.14.23:350][  0]LogContentStreaming: Texture pool size now 1000 MB
[2019.05.23-02.14.23:374][  0]LogSlate: Took 0.000083 seconds to synchronously load lazily loaded font '../../../Engine/Content/Slate/Fonts/Roboto-Light.ttf' (167K)
[2019.05.23-02.14.29:678][379]LogSlate: FSceneViewport::OnFocusLost() reason 0
[2019.05.23-02.14.29:946][384]LogTexture: Display: Building textures: Texture2D_2 (G8, 128X128)
[2019.05.23-02.17.03:450][831]LogTexture: Display: Building textures: Texture2D_1 (BGRA8, 32X32)
[2019.05.23-02.17.03:457][831]LogMaterial: Display: Missing cached shader map for material Landscape_M, compiling. 
[2019.05.23-02.17.03:552][831]LogShaderCompilers: Display: Shaders left to compile 110
[2019.05.23-02.17.03:552][831]LogShaderCompilers: Display: Shaders left to compile 100
[2019.05.23-02.17.03:552][831]LogShaderCompilers: Display: Shaders left to compile 90
[2019.05.23-02.17.03:553][831]LogShaderCompilers: Display: Shaders left to compile 80
[2019.05.23-02.17.03:553][831]LogShaderCompilers: Display: Shaders left to compile 70
[2019.05.23-02.17.03:553][831]LogShaderCompilers: Display: Shaders left to compile 60
[2019.05.23-02.17.03:553][831]LogShaderCompilers: Display: Shaders left to compile 50
[2019.05.23-02.17.03:553][831]LogShaderCompilers: Display: Shaders left to compile 40
[2019.05.23-02.17.03:567][831]LogTexture: Display: Building textures: Texture2D_2 (BGRA8, 32X32)
[2019.05.23-02.17.03:583][831]LogTexture: Display: Building textures: Texture2D_3 (BGRA8, 32X32)
[2019.05.23-02.17.03:602][831]LogTexture: Display: Building textures: Texture2D_4 (BGRA8, 32X32)
[2019.05.23-02.17.03:630][831]LogTexture: Display: Building textures: Texture2D_5 (BGRA8, 32X32)
[2019.05.23-02.17.03:657][831]LogTexture: Display: Building textures: Texture2D_6 (BGRA8, 32X32)
[2019.05.23-02.17.03:682][831]LogTexture: Display: Building textures: Texture2D_7 (BGRA8, 32X32)
[2019.05.23-02.17.03:700][831]LogTexture: Display: Building textures: Texture2D_8 (BGRA8, 32X32)
[2019.05.23-02.17.03:717][831]LogTexture: Display: Building textures: Texture2D_9 (BGRA8, 32X32)
[2019.05.23-02.17.03:750][831]LogTexture: Display: Building textures: Texture2D_10 (BGRA8, 32X32)
[2019.05.23-02.17.03:772][831]LogTexture: Display: Building textures: Texture2D_11 (BGRA8, 32X32)
[2019.05.23-02.17.03:795][831]LogTexture: Display: Building textures: Texture2D_12 (BGRA8, 32X32)
[2019.05.23-02.17.03:820][831]LogTexture: Display: Building textures: Texture2D_13 (BGRA8, 32X32)
[2019.05.23-02.17.03:847][831]LogTexture: Display: Building textures: Texture2D_14 (BGRA8, 32X32)
[2019.05.23-02.17.03:873][831]LogTexture: Display: Building textures: Texture2D_15 (BGRA8, 32X32)
[2019.05.23-02.17.03:901][831]LogTexture: Display: Building textures: Texture2D_16 (BGRA8, 32X32)
[2019.05.23-02.17.05:508][921]LogShaderCompilers: Display: Shaders left to compile 30
[2019.05.23-02.17.05:625][928]LogShaderCompilers: Display: Shaders left to compile 20
[2019.05.23-02.17.05:674][931]LogShaderCompilers: Display: Shaders left to compile 10
[2019.05.23-02.18.41:550][356]LogSlate: FSceneViewport::OnFocusLost() reason 2
[2019.05.23-02.18.52:332][993]LogSlate: FSceneViewport::OnFocusLost() reason 0
[2019.05.23-02.19.04:554][726]LogTexture: Display: Building textures: Texture2D_17 (BGRA8, 32X32)
[2019.05.23-02.19.04:562][726]LogMaterial: Display: Missing cached shader map for material Landscape_M, compiling. 
[2019.05.23-02.19.04:604][726]LogShaderCompilers: Display: Shaders left to compile 110
[2019.05.23-02.19.04:604][726]LogShaderCompilers: Display: Shaders left to compile 100
[2019.05.23-02.19.04:604][726]LogShaderCompilers: Display: Shaders left to compile 90
[2019.05.23-02.19.04:604][726]LogShaderCompilers: Display: Shaders left to compile 80
[2019.05.23-02.19.04:604][726]LogShaderCompilers: Display: Shaders left to compile 70
[2019.05.23-02.19.04:604][726]LogShaderCompilers: Display: Shaders left to compile 60
[2019.05.23-02.19.04:604][726]LogShaderCompilers: Display: Shaders left to compile 50
[2019.05.23-02.19.04:604][726]LogShaderCompilers: Display: Shaders left to compile 40
[2019.05.23-02.19.06:513][834]LogShaderCompilers: Display: Shaders left to compile 30
[2019.05.23-02.19.06:695][845]LogShaderCompilers: Display: Shaders left to compile 20
[2019.05.23-02.19.06:729][847]LogShaderCompilers: Display: Shaders left to compile 10
[2019.05.23-02.19.56:212][815]LogSlate: FSceneViewport::OnFocusLost() reason 0
[2019.05.23-02.19.57:646][901]LogEditorViewport: Clicking on Actor (LMB): LightmassImportanceVolume (LightmassImportanceVolume)
[2019.05.23-02.20.18:716][163]LogSlate: FSceneViewport::OnFocusLost() reason 0
[2019.05.23-02.20.32:212][969]LogSlate: FSceneViewport::OnFocusLost() reason 0
[2019.05.23-02.20.41:879][548]LogSlate: FSceneViewport::OnFocusLost() reason 0
[2019.05.23-02.21.21:246][908]LogSlate: FSceneViewport::OnFocusLost() reason 0
[2019.05.23-02.21.26:186][204]MapCheck: New page: Map Check
[2019.05.23-02.21.26:196][204]LightingResults: New page: Lighting Build - May 22, 2019, 4:21:26 PM
[2019.05.23-02.21.26:230][204]LogSwarmInterface: [OpenConnection] Registering TCP channel ...
[2019.05.23-02.21.26:312][204]LogSwarmInterface: [OpenConnection] Connecting to agent ...
[2019.05.23-02.21.26:322][204]LogSwarmInterface: [TryOpenConnection] Testing the Agent
[2019.05.23-02.21.26:829][204]LogSwarmInterface: [TryOpenConnection] Opening Connection to Agent
[2019.05.23-02.21.26:829][204]LogSwarmInterface: [TryOpenConnection] Local Process ID is 15372
[2019.05.23-02.21.29:488][204]LogStaticLightingSystem: Running Lightmass w/ ImmediateImport mode ENABLED
[2019.05.23-02.21.29:488][204]LogStaticLightingSystem: Running Lightmass w/ ImmediateProcess mode ENABLED
[2019.05.23-02.21.29:488][204]LogStaticLightingSystem: Running Lightmass w/ Sorting mode ENABLED
[2019.05.23-02.21.29:488][204]LogStaticLightingSystem: Running Lightmass w/ Mapping paddings ENABLED
[2019.05.23-02.21.29:488][204]LogStaticLightingSystem: Running Lightmass w/ Mapping debug paddings DISABLED
[2019.05.23-02.21.29:639][204]LogEditorBuildUtils: Build time 0:03
[2019.05.23-02.21.29:666][205]LogMaterial: Display: Missing cached shader map for material FLightmassMaterialRenderer LandscapeMaterialInstanceConstant_1, compiling. 
[2019.05.23-02.21.29:673][205]LogMaterial: Display: Missing cached shader map for material FLightmassMaterialRenderer LandscapeMaterialInstanceConstant_1, compiling. 
[2019.05.23-02.21.29:915][215]LogMaterial: Display: Missing cached shader map for material FLightmassMaterialRenderer LandscapeMaterialInstanceConstant_143, compiling. 
[2019.05.23-02.21.29:923][215]LogMaterial: Display: Missing cached shader map for material FLightmassMaterialRenderer LandscapeMaterialInstanceConstant_143, compiling. 
[2019.05.23-02.21.32:368][336]LogUObjectHash: Compacting FUObjectHashTables data took   1.03ms
[2019.05.23-02.21.39:488][746]Job is a success!
[2019.05.23-02.21.39:519][747]LogSlate: Took 0.000125 seconds to synchronously load lazily loaded font '../../../Engine/Content/Slate/Fonts/Roboto-Light.ttf' (167K)
[2019.05.23-02.21.39:697][747]LogVolumetricLightmapImport: Imported Volumetric Lightmap in 0.156s
[2019.05.23-02.21.39:697][747]LogVolumetricLightmapImport:      Indirection Texture 32x32x32 = 0.1Mb
[2019.05.23-02.21.39:697][747]LogVolumetricLightmapImport:      BrickData 1280x30x5 = 7.5Mb (trimmed 0.3Mb due to 0.010000 MinBrickError)
[2019.05.23-02.21.39:697][747]LogVolumetricLightmapImport:      Bricks at Level
[2019.05.23-02.21.39:697][747]LogVolumetricLightmapImport:          0: 0.6% covering 100.0% of volume
[2019.05.23-02.21.39:697][747]LogVolumetricLightmapImport:          1: 4.9% covering 12.5% of volume
[2019.05.23-02.21.39:697][747]LogVolumetricLightmapImport:          2: 94.4% covering 3.7% of volume
[2019.05.23-02.21.39:872][747]LogTexture: Display: Building textures: SkyOcclusion0_1 (AutoDXT, 512X256)
[2019.05.23-02.21.39:872][747]LogTexture: Display: Building textures: HQ_Lightmap0_1 (AutoDXT, 512X512)
[2019.05.23-02.21.39:872][747]LogTexture: Display: Building textures: LQ_Lightmap_0_1 (DXT1, 512X512)
[2019.05.23-02.21.39:872][747]LogTexture: Display: Building textures: ShadowMapTexture2D_1 (G8, 1024X128)
[2019.05.23-02.21.39:899][747]Lightmass on DESKTOP-7RUJS83: 7.15 sec total, 232 ms importing, 78 ms setup, 1.28 sec photons, 5.52 sec processing, 0 ms extra exporting [65/65 mappings]. Threads: 1:00 min total, 8.20 sec processing.
[2019.05.23-02.21.39:901][747]LogStaticLightingSystem: ThirdPersonExampleMap_BuiltData storing lightmap data for 65 meshes in 1 LightmapResourceClusters (65.0 Meshes per cluster).
[2019.05.23-02.21.39:940][747]LogUObjectHash: Compacting FUObjectHashTables data took   1.11ms
[2019.05.23-02.21.39:948][747]LogStaticLightingSystem: Illumination: 13.7 sec (115 ms encoding lightmaps, 22 ms encoding shadowmaps)
[2019.05.23-02.21.39:948][747]LogStaticLightingSystem: Lightmap texture memory:  0.7 MB (0.7 MB streaming, 0.0 MB non-streaming), 2 textures
[2019.05.23-02.21.39:948][747]LogStaticLightingSystem: Shadowmap texture memory: 0.2 MB (0.2 MB streaming, 0.0 MB non-streaming), 1 textures
[2019.05.23-02.21.40:499][747]DumpUnbuiltLightIteractions
[2019.05.23-02.21.40:499][747]Lights with unbuilt interactions: 0
[2019.05.23-02.21.40:499][747]
[2019.05.23-02.21.40:499][747]Primitives with unbuilt interactions: 0
[2019.05.23-02.21.40:579][748]Cmd: MAP CHECK NOTIFYRESULTS
[2019.05.23-02.21.40:579][748]MapCheck: New page: ThirdPersonExampleMap - May 22, 2019, 4:21:40 PM
[2019.05.23-02.21.40:579][748]MapCheck: Map check complete: 0 Error(s), 0 Warning(s), took 0.266ms to complete.
[2019.05.23-02.24.39:814][775]LogUObjectHash: Compacting FUObjectHashTables data took   1.14ms
[2019.05.23-02.24.39:902][775]LogTexture: Display: Building textures: Texture2D_1 (BGRA8, 32X32)
[2019.05.23-02.24.39:902][775]LogTexture: Display: Building textures: Texture2D_4 (BGRA8, 32X32)
[2019.05.23-02.24.39:903][775]LogTexture: Display: Building textures: Texture2D_6 (BGRA8, 32X32)
[2019.05.23-02.24.39:904][775]LogTexture: Display: Building textures: Texture2D_9 (BGRA8, 32X32)
[2019.05.23-02.24.39:905][775]LogTexture: Display: Building textures: Texture2D_12 (BGRA8, 32X32)
[2019.05.23-02.24.39:905][775]LogTexture: Display: Building textures: Texture2D_15 (BGRA8, 32X32)
[2019.05.23-02.24.39:906][775]LogTexture: Display: Building textures: Texture2D_16 (BGRA8, 32X32)
[2019.05.23-02.24.39:907][775]LogTexture: Display: Building textures: Texture2D_2 (BGRA8, 32X32)
[2019.05.23-02.24.39:907][775]LogTexture: Display: Building textures: Texture2D_3 (BGRA8, 32X32)
[2019.05.23-02.24.39:908][775]LogTexture: Display: Building textures: Texture2D_5 (BGRA8, 32X32)
[2019.05.23-02.24.39:909][775]LogTexture: Display: Building textures: Texture2D_17 (BGRA8, 32X32)
[2019.05.23-02.24.39:910][775]LogTexture: Display: Building textures: Texture2D_7 (BGRA8, 32X32)
[2019.05.23-02.24.39:910][775]LogTexture: Display: Building textures: Texture2D_8 (BGRA8, 32X32)
[2019.05.23-02.24.39:911][775]LogTexture: Display: Building textures: Texture2D_10 (BGRA8, 32X32)
[2019.05.23-02.24.39:912][775]LogTexture: Display: Building textures: Texture2D_11 (BGRA8, 32X32)
[2019.05.23-02.24.39:913][775]LogTexture: Display: Building textures: Texture2D_13 (BGRA8, 32X32)
[2019.05.23-02.24.39:913][775]LogTexture: Display: Building textures: Texture2D_14 (BGRA8, 32X32)
[2019.05.23-02.24.40:075][775]LogSavePackage: Moving '../../../../../../Users/Alex/Documents/GitHub/UECivProj/UECivProj/Saved/ThirdPersonExampleMap_Auto168A0BF1B49025F5F04FA0AB38E62685C.tmp' to '../../../../../../Users/Alex/Documents/GitHub/UECivProj/UECivProj/Saved/Autosaves/Game/ThirdPersonBP/Maps/ThirdPersonExampleMap_Auto1.umap'
[2019.05.23-02.24.40:077][775]LogFileHelpers: Editor autosave (incl. sublevels) for '/Game/ThirdPersonBP/Maps/ThirdPersonExampleMap' took 0.287
[2019.05.23-02.24.40:077][775]LogFileHelpers: Editor autosave (incl. sublevels) for all levels took 0.287
[2019.05.23-02.27.55:115][708]LogSlate: FSceneViewport::OnFocusLost() reason 0
[2019.05.23-02.27.55:232][713]LogUObjectHash: Compacting FUObjectHashTables data took   1.14ms
[2019.05.23-02.27.55:456][713]LogSavePackage: Moving '../../../../../../Users/Alex/Documents/GitHub/UECivProj/UECivProj/Saved/ThirdPersonExampleMapCA901CE5452127200E0C768D0C519DD0.tmp' to '../../../../../../Users/Alex/Documents/GitHub/UECivProj/UECivProj/Content/ThirdPersonBP/Maps/ThirdPersonExampleMap.umap'
[2019.05.23-02.27.55:511][713]LogSavePackage: Moving '../../../../../../Users/Alex/Documents/GitHub/UECivProj/UECivProj/Saved/ThirdPersonExampleMap_BuiltDataF35DF7A24B41A1ED1D4E898078EE4C49.tmp' to '../../../../../../Users/Alex/Documents/GitHub/UECivProj/UECivProj/Content/ThirdPersonBP/Maps/ThirdPersonExampleMap_BuiltData.uasset'
